Log file open, 05/29/18 09:55:08
LogInit:Display: Running engine for game: JengaGame
LogInit: Version: 4.7.6-2513093+++depot+UE4-Releases+4.7
LogInit: API Version: 2455222
LogInit: Compiled (64-bit): Apr 15 2015 12:09:54
LogInit: Compiled with Visual C++: 18.00.21005.01
LogInit: Build Configuration: Development
LogInit: Branch Name: ++depot+UE4-Releases+4.7
LogInit: Command line:  
LogInit: Base directory: D:/UE_4.7/Engine/Binaries/Win64/
LogInit: Rocket: 1
[2018.05.29-07.55.08:215][  0]LogTaskGraph: Started task graph with 3 named threads and 6 total threads.
[2018.05.29-07.55.08:275][  0]LogOnline:Warning: No default platform service specified for OnlineSubsystem
[2018.05.29-07.55.08:290][  0]LogInit: Presizing for 0 objects not considered by GC, pre-allocating 0 bytes.
[2018.05.29-07.55.08:304][  0]LogInit: Object subsystem initialized
[2018.05.29-07.55.08:307][  0]LogConsoleResponse:Warning: Skipping Unknown console variable: 'TranslucentSortAxis = (X=0.000000,Y=-1.000000,Z=0.000000)'
[2018.05.29-07.55.08:307][  0]LogConsoleResponse:Warning:   Found in ini file 'C:/Users/Floyd Lehman/Documents/School/bewijzenmap/Schooljaar 2/p2.4/IDP/Nice/Saved/Config/Windows/Engine.ini', in section '[/Script/Engine.RendererSettings]'
[2018.05.29-07.55.08:307][  0]LogConsoleResponse:Warning: Skipping Unknown console variable: 'UIScaleRule = ShortestSide'
[2018.05.29-07.55.08:307][  0]LogConsoleResponse:Warning:   Found in ini file 'C:/Users/Floyd Lehman/Documents/School/bewijzenmap/Schooljaar 2/p2.4/IDP/Nice/Saved/Config/Windows/Engine.ini', in section '[/Script/Engine.RendererSettings]'
[2018.05.29-07.55.08:307][  0]LogConsoleResponse:Warning: Skipping Unknown console variable: 'UIScaleCurve = (EditorCurveData=(Keys=),ExternalCurve=None)'
[2018.05.29-07.55.08:307][  0]LogConsoleResponse:Warning:   Found in ini file 'C:/Users/Floyd Lehman/Documents/School/bewijzenmap/Schooljaar 2/p2.4/IDP/Nice/Saved/Config/Windows/Engine.ini', in section '[/Script/Engine.RendererSettings]'
[2018.05.29-07.55.08:307][  0]LogInit: Selected Device Profile: [Windows]
[2018.05.29-07.55.08:307][  0]LogInit: Applying CVar settings loaded from the selected device profile: [Windows]
[2018.05.29-07.55.08:331][  0]LogInit: Computer: DESKTOP-LBAA43C
[2018.05.29-07.55.08:331][  0]LogInit: User: FloydLehman
[2018.05.29-07.55.08:331][  0]LogInit: CPU Page size=4096, Cores=4
[2018.05.29-07.55.08:331][  0]LogInit: High frequency timer resolution =2.742194 MHz
[2018.05.29-07.55.08:331][  0]LogMemory: Memory total: Physical=7.9GB (8GB approx) Virtual=131072.0GB
[2018.05.29-07.55.08:331][  0]LogMemory: Platform Memory Stats for Windows
[2018.05.29-07.55.08:331][  0]LogMemory: Process Physical Memory: 48.11 MB used, 48.11 MB peak
[2018.05.29-07.55.08:331][  0]LogMemory: Process Virtual Memory: 26.77 MB used, 26.78 MB peak
[2018.05.29-07.55.08:331][  0]LogMemory: Physical Memory: 5762.28 MB used, 8042.91 MB total
[2018.05.29-07.55.08:331][  0]LogMemory: Virtual Memory: 312.51 MB used, 134217728.00 MB total
[2018.05.29-07.55.08:766][  0]LogD3D11RHI: Found D3D11 adapter 0: NVIDIA GeForce GTX 1060 (Feature Level 11_0)
[2018.05.29-07.55.08:766][  0]LogD3D11RHI: Adapter has 3019MB of dedicated video memory, 0MB of dedicated system memory, and 3974MB of shared system memory, 1 output[s]
[2018.05.29-07.55.08:803][  0]LogD3D11RHI: Found D3D11 adapter 1: Intel(R) HD Graphics 630 (Feature Level 11_0)
[2018.05.29-07.55.08:803][  0]LogD3D11RHI: Adapter has 128MB of dedicated video memory, 0MB of dedicated system memory, and 3974MB of shared system memory, 0 output[s]
[2018.05.29-07.55.08:805][  0]LogD3D11RHI: Found D3D11 adapter 2: Microsoft Basic Render Driver (Feature Level 11_0)
[2018.05.29-07.55.08:805][  0]LogD3D11RHI: Adapter has 0MB of dedicated video memory, 0MB of dedicated system memory, and 3974MB of shared system memory, 0 output[s]
[2018.05.29-07.55.08:805][  0]LogD3D11RHI: Chosen D3D11 Adapter Id = 0
[2018.05.29-07.55.08:814][  0]LogRHI: Texture pool is 1361 MB (70% of 1945 MB)
[2018.05.29-07.55.08:858][  0]LogD3D11RHI: Async texture creation enabled
[2018.05.29-07.55.08:966][  0]LogTextLocalizationManager: The requested culture ('nl_NL') has no localization data; falling back to 'en' for localization and internationalization data.
[2018.05.29-07.55.09:087][  0]LogTextLocalizationManager:Warning: Loading localization resources contain conflicting entries for (Namespace:UICommands, Key:Save_ToolTip):
Resource: (D:/UE_4.7/Engine/Content/Localization/Editor/en/Editor.locres) Hash: (-29098895) String: (Saves the current level to disk)
Resource: (D:/UE_4.7/Engine/Content/Localization/Engine/en/Engine.locres) Hash: (-1280300587) String: (Save selected data to vlog file)
[2018.05.29-07.55.09:087][  0]LogTextLocalizationManager:Warning: Loading localization resources contain conflicting entries for (Namespace:ContentBrowser, Key:ImportAssetToolTip):
Resource: (D:/UE_4.7/Engine/Content/Localization/Editor/en/Editor.locres) Hash: (-630476809) String: (Import to {0}...)
Resource: (D:/UE_4.7/Engine/Content/Localization/Editor/en/Editor.locres) Hash: (1271782899) String: (Imports an asset from file to this folder.)
[2018.05.29-07.55.09:204][  0]LogContentStreaming: Texture pool size is 0.000000MB
[2018.05.29-07.55.11:957][  0]LogTargetPlatformManager:Display: Building Assets For Windows
[2018.05.29-07.55.12:751][  0]LogTargetPlatformManager:Display: Building Assets For Windows
[2018.05.29-07.55.12:839][  0]LogDerivedDataCache:Display: Max Cache Size: 512 MB
[2018.05.29-07.55.12:962][  0]LogDerivedDataCache: Loaded boot cache 0.12s 39MB C:/Users/Floyd Lehman/AppData/Local/UnrealEngine/4.7/DerivedDataCache/Boot.ddc.
[2018.05.29-07.55.12:962][  0]LogDerivedDataCache:Display: Loaded Boot cache: C:/Users/Floyd Lehman/AppData/Local/UnrealEngine/4.7/DerivedDataCache/Boot.ddc
[2018.05.29-07.55.12:962][  0]LogDerivedDataCache: FDerivedDataBackendGraph:  Pak pak cache file C:/Users/Floyd Lehman/Documents/School/bewijzenmap/Schooljaar 2/p2.4/IDP/Nice/DerivedDataCache/DDC.ddp not found, will not use a pak cache.
[2018.05.29-07.55.12:962][  0]LogDerivedDataCache: Unable to find inner node Pak for hierarchical cache Hierarchy.
[2018.05.29-07.55.13:136][  0]LogDerivedDataCache:Display: Pak cache opened for reading ../../../Engine/DerivedDataCache/Compressed.ddp.
[2018.05.29-07.55.13:148][  0]LogDerivedDataCache: Using Local data cache path C:/Users/Floyd Lehman/AppData/Local/UnrealEngine/Common/DerivedDataCache: Writable
[2018.05.29-07.55.13:731][  0]LogMeshUtilities: No automatic mesh reduction module available
[2018.05.29-07.55.13:731][  0]LogMeshUtilities: No automatic mesh merging module available
[2018.05.29-07.55.14:436][  0]LogInit: WinSock: version 1.1 (2.2), MaxSocks=32767, MaxUdp=65467
[2018.05.29-07.55.14:541][  0]LogSlate:Warning: Failed to load font data from '../../../Engine/Content/Slate/Fonts/Roboto-Italic.ttf'
[2018.05.29-07.55.15:684][  0]UdpMessaging: Initializing bridge on interface 0.0.0.0:0 to multicast group 230.0.0.1:6666.
[2018.05.29-07.55.15:901][  0]SourceControl: Info Source control is disabled
[2018.05.29-07.55.15:901][  0]SourceControl: Info Source control is disabled
[2018.05.29-07.55.15:901][  0]SourceControl: Info Source control is disabled
[2018.05.29-07.55.15:901][  0]LogSourceControl: RunCommandInternalRaw: 'git version'
[2018.05.29-07.55.15:901][  0]LogSourceControl: RunCommandInternalRaw: ExecProcess ReturnCode=2 OutResults=''
[2018.05.29-07.55.15:910][  0]SourceControl: Info Source control is disabled
[2018.05.29-07.55.16:145][  0]LeapPluginLog: Using LeapPlugin version 0.9.3
[2018.05.29-07.55.16:153][  0]LogObj: 24850 objects as part of root set at end of initial load.
[2018.05.29-07.55.16:153][  0]LogUObjectAllocator: 5236528 out of 0 bytes used by permanent object pool.
[2018.05.29-07.55.16:262][  0]LogEngine: Initializing Engine...
[2018.05.29-07.55.18:522][  0]LogInit: XAudio2 using 'Luidsprekers (Realtek High Definition Audio)' : 8 channels at 48 kHz using 32 bits per sample (channel mask 0x63f)
[2018.05.29-07.55.19:155][  0]LogInit: FAudioDevice initialized.
[2018.05.29-07.55.19:202][  0]LogAIModule: Creating AISystem for world NewWorld
[2018.05.29-07.55.19:256][  0]LogDerivedDataCache: Saved boot cache 0.05s 39MB C:/Users/Floyd Lehman/AppData/Local/UnrealEngine/4.7/DerivedDataCache/Boot.ddc.
[2018.05.29-07.55.19:268][  0]LogInit: Texture streaming: Enabled
[2018.05.29-07.55.19:457][  0]LogAnalytics: Creating configured Analytics provider AnalyticsET
[2018.05.29-07.55.19:457][  0]LogAnalytics: ET APIKey = Rocket.Release. APIServer = http://et2.epicgames.com/ET2/. AppVersion = 4.7.6-2513093+++depot+UE4-Releases+4.7
[2018.05.29-07.55.19:457][  0]LogAnalytics: ET APIKey = Rocket.Release. DataRouterUploadURL = https://datarouter-public-service-gamedev.ol.epicgames.net/datarouter/api/v1/public/data. AppVersion = 4.7.6-2513093+++depot+UE4-Releases+4.7
[2018.05.29-07.55.19:457][  0]LogAnalytics: SetUserId d55d741b4c1f3be083e621b416c77eeb|c72c935e8dc54d40b5115b61423601ab|016a1536-4f81-4fb4-a509-9be792f43ba4
[2018.05.29-07.55.19:457][  0]LogAnalytics: AnalyticsET::StartSession [Rocket.Release]
[2018.05.29-07.55.19:516][  0]LogInit: Transaction tracking system initialized
[2018.05.29-07.55.19:738][  0]BlueprintLog: New page: Editor Load
[2018.05.29-07.55.19:790][  0]LogAssetRegistry: FAssetRegistry took 0.0104 seconds to start up
[2018.05.29-07.55.19:791][  0]LogDirectoryWatcher:Warning: Failed to begin reading directory changes for ../../../Engine/Plugins/Experimental/CharacterAI/Content/. Error: 0
[2018.05.29-07.55.20:766][  0]LogTargetPlatformManager:Display: Building Assets For Windows
[2018.05.29-07.55.21:493][  0]LogTargetPlatformManager:Display: Building Assets For Windows
[2018.05.29-07.55.21:856][  0]LogSlate:Warning: Failed to load font data from '../../../Engine/Content/Editor/Slate/Fonts/Roboto-Regular.ttf'
[2018.05.29-07.55.21:857][  0]LogSlate:Warning: Failed to load font data from '../../../Engine/Content/Editor/Slate/Fonts/Roboto-Bold.ttf'
[2018.05.29-07.55.21:863][  0]LogConsoleResponse:Display: 
[2018.05.29-07.55.22:035][  0]LogCook:Display: Done creating registry. It took  0.00s.
[2018.05.29-07.55.22:293][  0]SourceControl: Info Source control is disabled
[2018.05.29-07.55.22:293][  0]Cmd: MAP LOAD FILE="C:/Users/Floyd Lehman/Documents/School/bewijzenmap/Schooljaar 2/p2.4/IDP/Nice/Content/ThirdPersonBP/Maps/ThirdPersonExampleMap.umap" TEMPLATE=0 SHOWPROGRESS=1 FEATURELEVEL=3
[2018.05.29-07.55.22:297][  0]LightingResults: New page: Lighting Build
[2018.05.29-07.55.22:317][  0]MapCheck: New page: Map Check
[2018.05.29-07.55.22:317][  0]LightingResults: New page: Lighting Build
[2018.05.29-07.55.22:339][  0]LogParticles: Destroying 0 GPU particle simulations for FXSystem 0x0000017EA3381440
[2018.05.29-07.55.23:317][  0]LogLinker:Warning: Asset '../../../Engine/Content/EngineMeshes/Humanoid.uasset' has been saved with empty engine version. The asset will be loaded but may be incompatible.
[2018.05.29-07.55.32:859][  0]LogTexture:Display: Building textures: ShadowMapTexture2D_6 (BGRA8)
[2018.05.29-07.55.33:848][  0]LogEditorServer: Finished looking for orphan Actors (0.000 secs)
[2018.05.29-07.55.34:951][  0]LogAIModule: Creating AISystem for world ThirdPersonExampleMap
[2018.05.29-07.55.34:954][  0]Cmd: MAP CHECKDEP
[2018.05.29-07.55.34:954][  0]MapCheck: New page: ThirdPersonExampleMap - May 29, 2018, 11:55:34 AM
[2018.05.29-07.55.35:072][  0]MapCheck: Info Map check complete: 0 Error(s), 0 Warning(s), took 117.492ms to complete.
[2018.05.29-07.55.35:072][  0]LogFileHelpers: Loading map 'ThirdPersonExampleMap' took 12.779
[2018.05.29-07.55.35:332][  0]LogCollectionManager: Loaded 0 collections in 0.001879 seconds
[2018.05.29-07.55.35:350][  0]LogContentBrowser: Native class hierarchy populated in 0.0174 seconds. Added 1722 classes and 265 folders.
[2018.05.29-07.55.35:654][  0]LogContentBrowser: Native class hierarchy updated for 'SceneOutliner' in 0.0029 seconds. Added 1 classes and 2 folders.
[2018.05.29-07.55.36:013][  0]LogCrashTracker: Crashtracker disabled due to settings.
[2018.05.29-07.55.36:061][  0]LogSlate:Warning: Failed to load font data from 'Veranda'
[2018.05.29-07.55.36:220][  0]LogUObjectGlobals:Warning: Failed to find object 'Class None.'
[2018.05.29-07.55.36:296][  0]LogLoad: Full Startup: 30.07 seconds (BP compile: 6.41 seconds)
[2018.05.29-07.55.37:568][  0]LogRenderer:Warning: Reallocating scene render targets to support 968x440 (Frame:2).
[2018.05.29-07.55.40:662][  9]LogD3D11RHI:Error: Direct3DDevice->CreateTexture2D(TextureDesc,SubResourceData,OutTexture2D) failed 
 at D:\BuildFarm\buildmachine_++depot+UE4-Releases+4.7\Engine\Source\Runtime\Windows\D3D11RHI\Private\D3D11Texture.cpp:433 
 with error E_OUTOFMEMORY
[2018.05.29-07.55.40:662][  9]LogConsoleResponse:     16 = 12288 KB (Cube 1024 PF_ShadowDepth) CubeShadowDepthZ[]
[2018.05.29-07.55.40:662][  9]LogConsoleResponse:     14 = 8192 KB (2D 1024x1024 PF_FloatRGBA RT) TranslucencyShadowTransmission0
[2018.05.29-07.55.40:662][  9]LogConsoleResponse:     15 = 8192 KB (2D 1024x1024 PF_FloatRGBA RT) TranslucencyShadowTransmission1
[2018.05.29-07.55.40:662][  9]LogConsoleResponse:     22 = 8192 KB (2D 2048x2048 PF_ShadowDepth) PreShadowCacheDepthZ
[2018.05.29-07.55.40:662][  9]LogConsoleResponse:     21 = 8192 KB (2D 2048x2048 PF_ShadowDepth) ShadowDepthZ
[2018.05.29-07.55.40:662][  9]LogConsoleResponse:     58 = 8192 KB (3D 256x128x32 PF_FloatRGBA RT) AtmosphereDeltaJ
[2018.05.29-07.55.40:662][  9]LogConsoleResponse:     57 = 8192 KB (3D 256x128x32 PF_FloatRGBA RT) AtmosphereDeltaSM
[2018.05.29-07.55.40:662][  9]LogConsoleResponse:     56 = 8192 KB (3D 256x128x32 PF_FloatRGBA RT) AtmosphereDeltaSR
[2018.05.29-07.55.40:662][  9]LogConsoleResponse:     55 = 8192 KB (3D 256x128x32 PF_FloatRGBA RT) AtmosphereInscatter
[2018.05.29-07.55.40:662][  9]LogConsoleResponse:     85 = 3328 KB (2D 968x440 PF_B8G8R8A8 RT 4xMSAA) EditorPrimitivesColor unused(4)
[2018.05.29-07.55.40:662][  9]LogConsoleResponse:     86 = 3328 KB (2D 968x440 PF_DepthStencil 4xMSAA) EditorPrimitivesDepth unused(4)
[2018.05.29-07.55.40:662][  9]LogConsoleResponse:     84 = 3328 KB (2D 968x440 PF_DepthStencil 4xMSAA) SelectionDepthStencil unused(4)
[2018.05.29-07.55.40:662][  9]LogConsoleResponse:     88 = 3328 KB (2D 968x440 PF_FloatRGBA RT UAV VRam) SceneColor unused(4) VRamInKB(Start/Size):<NONE>
[2018.05.29-07.55.40:662][  9]LogConsoleResponse:     44 = 3328 KB (2D 968x440 PF_FloatRGBA RT UAV VRam) SceneColor VRamInKB(Start/Size):<NONE>
[2018.05.29-07.55.40:662][  9]LogConsoleResponse:     60 = 3328 KB (2D 968x440 PF_FloatRGBA RT VRam) BokehDOFRecombine unused(4) VRamInKB(Start/Size):<NONE>
[2018.05.29-07.55.40:662][  9]LogConsoleResponse:     89 = 3328 KB (2D 968x440 PF_FloatRGBA RT VRam) TemporalAA unused(4) VRamInKB(Start/Size):<NONE>
[2018.05.29-07.55.40:662][  9]LogConsoleResponse:     61 = 3328 KB (2D 968x440 PF_FloatRGBA RT VRam) TemporalAA VRamInKB(Start/Size):<NONE>
[2018.05.29-07.55.40:662][  9]LogConsoleResponse:     51 = 3328 KB (2D 968x440 PF_FloatRGBA RT) SeparateTranslucency unused(4)
[2018.05.29-07.55.40:662][  9]LogConsoleResponse:     17 = 3072 KB (Cube 512 PF_ShadowDepth) CubeShadowDepthZ[]
[2018.05.29-07.55.40:662][  9]LogConsoleResponse:     24 = 2048 KB (3D 64x64x64 PF_FloatRGBA RT) TranslucentVolume0
[2018.05.29-07.55.40:662][  9]LogConsoleResponse:     26 = 2048 KB (3D 64x64x64 PF_FloatRGBA RT) TranslucentVolume1
[2018.05.29-07.55.40:662][  9]LogConsoleResponse:     28 = 2048 KB (3D 64x64x64 PF_FloatRGBA RT) TranslucentVolume2
[2018.05.29-07.55.40:662][  9]LogConsoleResponse:     25 = 2048 KB (3D 64x64x64 PF_FloatRGBA RT) TranslucentVolumeDir0
[2018.05.29-07.55.40:662][  9]LogConsoleResponse:     27 = 2048 KB (3D 64x64x64 PF_FloatRGBA RT) TranslucentVolumeDir1
[2018.05.29-07.55.40:662][  9]LogConsoleResponse:     29 = 2048 KB (3D 64x64x64 PF_FloatRGBA RT) TranslucentVolumeDir2
[2018.05.29-07.55.40:662][  9]LogConsoleResponse:     36 = 2048 KB (3D 64x64x64 PF_FloatRGBA) IndirectLightingCache_0
[2018.05.29-07.55.40:662][  9]LogConsoleResponse:     37 = 2048 KB (3D 64x64x64 PF_FloatRGBA) IndirectLightingCache_1
[2018.05.29-07.55.40:662][  9]LogConsoleResponse:     38 = 2048 KB (3D 64x64x64 PF_FloatRGBA) IndirectLightingCache_2
[2018.05.29-07.55.40:662][  9]LogConsoleResponse:     87 = 2048 KB (Cube[2] 128 PF_FloatRGBA) ReflectionEnvs
[2018.05.29-07.55.40:662][  9]LogConsoleResponse:     39 = 1664 KB (2D 968x440 PF_A2B10G10R10 RT) GBufferA unused(4)
[2018.05.29-07.55.40:662][  9]LogConsoleResponse:     41 = 1664 KB (2D 968x440 PF_B8G8R8A8 RT sRGB) GBufferC unused(4)
[2018.05.29-07.55.40:662][  9]LogConsoleResponse:     49 = 1664 KB (2D 968x440 PF_B8G8R8A8 RT VRam) LightAttenuation unused(4) VRamInKB(Start/Size):<NONE>
[2018.05.29-07.55.40:662][  9]LogConsoleResponse:     43 = 1664 KB (2D 968x440 PF_B8G8R8A8 RT) GBufferE unused(4)
[2018.05.29-07.55.40:662][  9]LogConsoleResponse:     42 = 1664 KB (2D 968x440 PF_B8G8R8A8 RT) SelectionComposited unused(4)
[2018.05.29-07.55.40:662][  9]LogConsoleResponse:     40 = 1664 KB (2D 968x440 PF_B8G8R8A8 RT) Tonemap unused(4)
[2018.05.29-07.55.40:662][  9]LogConsoleResponse:     12 = 1664 KB (2D 968x440 PF_DepthStencil VRam) SceneDepthZ VRamInKB(Start/Size):<NONE>
[2018.05.29-07.55.40:662][  9]LogConsoleResponse:     67 = 1664 KB (2D 968x440 PF_FloatRGB RT VRam) MotionBlurRecombine unused(4) VRamInKB(Start/Size):<NONE>
[2018.05.29-07.55.40:662][  9]LogConsoleResponse:     59 = 1664 KB (2D 968x440 PF_G16R16 RT) Velocity unused(4)
[2018.05.29-07.55.40:662][  9]LogConsoleResponse:     30 = 1024 KB (Cube 128 PF_FloatRGBA RT) ReflectionColorScratchCubemap0
[2018.05.29-07.55.40:662][  9]LogConsoleResponse:     31 = 1024 KB (Cube 128 PF_FloatRGBA RT) ReflectionColorScratchCubemap1
[2018.05.29-07.55.40:662][  9]LogConsoleResponse:     13 = 832 KB (2D 484x220 PF_DepthStencil) SmallDepthZ
[2018.05.29-07.55.40:662][  9]LogConsoleResponse:     66 = 832 KB (2D 484x220 PF_FloatRGBA RT VRam) MotionBlur unused(4) VRamInKB(Start/Size):<NONE>
[2018.05.29-07.55.40:662][  9]LogConsoleResponse:     45 = 832 KB (2D 484x220 PF_FloatRGBA RT VRam) MotionBlurSetup1 unused(4) VRamInKB(Start/Size):<NONE>
[2018.05.29-07.55.40:662][  9]LogConsoleResponse:     63 = 832 KB (2D 484x220 PF_FloatRGBA RT) MotionBlurSetup0 unused(4)
[2018.05.29-07.55.40:662][  9]LogConsoleResponse:     18 = 768 KB (Cube 256 PF_ShadowDepth) CubeShadowDepthZ[]
[2018.05.29-07.55.40:662][  9]LogConsoleResponse:     50 = 683 KB (2D 512x256 PF_R32_FLOAT RT) HZB
[2018.05.29-07.55.40:662][  9]LogConsoleResponse:     48 = 416 KB (2D 484x220 PF_B8G8R8A8 RT VRam) AmbientOcclusion unused(4) VRamInKB(Start/Size):<NONE>
[2018.05.29-07.55.40:662][  9]LogConsoleResponse:     71 = 416 KB (2D 484x220 PF_FloatRGB RT VRam) BloomBlurY unused(4) VRamInKB(Start/Size):<NONE>
[2018.05.29-07.55.40:662][  9]LogConsoleResponse:     68 = 416 KB (2D 484x220 PF_FloatRGB RT VRam) LensFlares unused(4) VRamInKB(Start/Size):<NONE>
[2018.05.29-07.55.40:662][  9]LogConsoleResponse:     23 = 416 KB (2D 968x440 PF_G8 RT) ScreenSpaceAO
[2018.05.29-07.55.40:662][  9]LogConsoleResponse:      4 = 256 KB (2D 256x256 PF_B8G8R8A8) HZBResultsCPU
[2018.05.29-07.55.40:662][  9]LogConsoleResponse:      1 = 256 KB (2D 256x256 PF_B8G8R8A8) HZBResultsCPU
[2018.05.29-07.55.40:662][  9]LogConsoleResponse:      3 = 256 KB (2D 256x256 PF_B8G8R8A8) HZBResultsCPU
[2018.05.29-07.55.40:662][  9]LogConsoleResponse:      2 = 256 KB (2D 256x256 PF_B8G8R8A8) HZBResultsCPU
[2018.05.29-07.55.40:662][  9]LogConsoleResponse:     46 = 208 KB (2D 242x110 PF_FloatRGBA RT VRam) LensBlur unused(4) VRamInKB(Start/Size):<NONE>
[2018.05.29-07.55.40:662][  9]LogConsoleResponse:     65 = 208 KB (2D 242x110 PF_FloatRGBA RT) VelocityBlurX unused(4)
[2018.05.29-07.55.40:662][  9]LogConsoleResponse:     64 = 208 KB (2D 242x110 PF_FloatRGBA RT) VelocityBlurY unused(4)
[2018.05.29-07.55.40:662][  9]LogConsoleResponse:     19 = 192 KB (Cube 128 PF_ShadowDepth) CubeShadowDepthZ[]
[2018.05.29-07.55.40:662][  9]LogConsoleResponse:     52 = 128 KB (2D 256x64 PF_FloatRGBA RT) AtmosphereTransmittance
[2018.05.29-07.55.40:662][  9]LogConsoleResponse:     47 = 104 KB (2D 242x110 PF_B8G8R8A8 RT VRam) AmbientOcclusion unused(4) VRamInKB(Start/Size):<NONE>
[2018.05.29-07.55.40:662][  9]LogConsoleResponse:     83 = 104 KB (2D 242x110 PF_FloatRGB RT VRam) BloomBlurY unused(4) VRamInKB(Start/Size):<NONE>
[2018.05.29-07.55.40:662][  9]LogConsoleResponse:     72 = 104 KB (2D 242x110 PF_FloatRGB RT VRam) BloomDownsample1 unused(4) VRamInKB(Start/Size):<NONE>
[2018.05.29-07.55.40:662][  9]LogConsoleResponse:      7 = 64 KB (2D 128x128 PF_B8G8R8A8) PerlinNoiseGradient
[2018.05.29-07.55.40:662][  9]LogConsoleResponse:     32 = 64 KB (Cube 32 PF_FloatRGBA RT) DiffuseIrradianceScratchCubemap0
[2018.05.29-07.55.40:662][  9]LogConsoleResponse:     33 = 64 KB (Cube 32 PF_FloatRGBA RT) DiffuseIrradianceScratchCubemap1
[2018.05.29-07.55.40:662][  9]LogConsoleResponse:     73 = 52 KB (2D 121x110 PF_FloatRGB RT VRam) BloomBlurX unused(4) VRamInKB(Start/Size):<NONE>
[2018.05.29-07.55.40:662][  9]LogConsoleResponse:     82 = 27 KB (2D 122x55 PF_FloatRGB RT VRam) BloomBlurY unused(4) VRamInKB(Start/Size):<NONE>
[2018.05.29-07.55.40:662][  9]LogConsoleResponse:     74 = 26 KB (2D 121x55 PF_FloatRGB RT VRam) BloomDownsample2 unused(4) VRamInKB(Start/Size):<NONE>
[2018.05.29-07.55.40:662][  9]LogConsoleResponse:     11 = 16 KB (2D 128x32 PF_G16R16 VRam) PreintegratedGF VRamInKB(Start/Size):<NONE>
[2018.05.29-07.55.40:662][  9]LogConsoleResponse:     10 = 16 KB (2D 64x64 PF_B8G8R8A8) SSAORandomization
[2018.05.29-07.55.40:662][  9]LogConsoleResponse:      9 = 16 KB (3D 16x16x16 PF_B8G8R8A8) PerlinNoise3D
[2018.05.29-07.55.40:662][  9]LogConsoleResponse:     75 = 14 KB (2D 61x55 PF_FloatRGB RT VRam) BloomBlurX unused(4) VRamInKB(Start/Size):<NONE>
[2018.05.29-07.55.40:662][  9]LogConsoleResponse:     20 = 12 KB (Cube 32 PF_ShadowDepth) CubeShadowDepthZ[]
[2018.05.29-07.55.40:662][  9]LogConsoleResponse:     54 = 8 KB (2D 64x16 PF_FloatRGBA RT) AtmosphereDeltaE
[2018.05.29-07.55.40:662][  9]LogConsoleResponse:     53 = 8 KB (2D 64x16 PF_FloatRGBA RT) AtmosphereIrradiance
[2018.05.29-07.55.40:662][  9]LogConsoleResponse:     76 = 7 KB (2D 61x28 PF_FloatRGB RT VRam) BloomDownsample3 unused(4) VRamInKB(Start/Size):<NONE>
[2018.05.29-07.55.40:662][  9]LogConsoleResponse:     81 = 7 KB (2D 62x28 PF_FloatRGB RT VRam) BloomBlurY unused(4) VRamInKB(Start/Size):<NONE>
[2018.05.29-07.55.40:662][  9]LogConsoleResponse:     69 = 4 KB (2D 16x32 PF_FloatRGBA RT UAV) Histogram unused(4)
[2018.05.29-07.55.40:662][  9]LogConsoleResponse:     77 = 4 KB (2D 31x28 PF_FloatRGB RT VRam) BloomBlurX unused(4) VRamInKB(Start/Size):<NONE>
[2018.05.29-07.55.40:662][  9]LogConsoleResponse:     78 = 2 KB (2D 31x14 PF_FloatRGB RT VRam) BloomDownsample4 unused(4) VRamInKB(Start/Size):<NONE>
[2018.05.29-07.55.40:662][  9]LogConsoleResponse:     80 = 2 KB (2D 32x14 PF_FloatRGB RT VRam) BloomBlurY unused(4) VRamInKB(Start/Size):<NONE>
[2018.05.29-07.55.40:662][  9]LogConsoleResponse:     79 = 1 KB (2D 16x14 PF_FloatRGB RT VRam) BloomBlurX unused(4) VRamInKB(Start/Size):<NONE>
[2018.05.29-07.55.40:663][  9]LogConsoleResponse:     70 = 1 KB (2D 16x2 PF_A32B32G32R32F RT) HistogramReduce unused(4)
[2018.05.29-07.55.40:663][  9]LogConsoleResponse:      6 = 1 KB (2D 1x1 PF_B8G8R8A8 RT) BlackDummy
[2018.05.29-07.55.40:663][  9]LogConsoleResponse:      5 = 1 KB (2D 1x1 PF_B8G8R8A8 RT) WhiteDummy
[2018.05.29-07.55.40:663][  9]LogConsoleResponse:      8 = 1 KB (2D 1x1 PF_FloatRGBA RT) MaxFP16Depth
[2018.05.29-07.55.40:663][  9]LogConsoleResponse:     62 = 1 KB (2D 1x1 PF_R32_FLOAT RT) EyeAdaptation
[2018.05.29-07.55.40:663][  9]LogConsoleResponse:     35 = 1 KB (2D 1x1 PF_R32_FLOAT RT) ReflectionBrightness0
[2018.05.29-07.55.40:663][  9]LogConsoleResponse:     34 = 1 KB (2D 9x1 PF_FloatRGBA RT) SkySHIrradianceMap
[2018.05.29-07.55.40:663][  9]LogConsoleResponse: 
[2018.05.29-07.55.40:663][  9]LogD3D11RHI:Error: Direct3DDevice->CreateTexture2D(TextureDesc,SubResourceData,OutTexture2D) failed 
 at D:\BuildFarm\buildmachine_++depot+UE4-Releases+4.7\Engine\Source\Runtime\Windows\D3D11RHI\Private\D3D11Texture.cpp:433 
 with error E_OUTOFMEMORY
[2018.05.29-07.55.40:663][  9]LogConsoleResponse:     16 = 12288 KB (Cube 1024 PF_ShadowDepth) CubeShadowDepthZ[]
[2018.05.29-07.55.40:663][  9]LogConsoleResponse:     14 = 8192 KB (2D 1024x1024 PF_FloatRGBA RT) TranslucencyShadowTransmission0
[2018.05.29-07.55.40:663][  9]LogConsoleResponse:     15 = 8192 KB (2D 1024x1024 PF_FloatRGBA RT) TranslucencyShadowTransmission1
[2018.05.29-07.55.40:663][  9]LogConsoleResponse:     22 = 8192 KB (2D 2048x2048 PF_ShadowDepth) PreShadowCacheDepthZ
[2018.05.29-07.55.40:663][  9]LogConsoleResponse:     21 = 8192 KB (2D 2048x2048 PF_ShadowDepth) ShadowDepthZ
[2018.05.29-07.55.40:663][  9]LogConsoleResponse:     58 = 8192 KB (3D 256x128x32 PF_FloatRGBA RT) AtmosphereDeltaJ
[2018.05.29-07.55.40:663][  9]LogConsoleResponse:     57 = 8192 KB (3D 256x128x32 PF_FloatRGBA RT) AtmosphereDeltaSM
[2018.05.29-07.55.40:663][  9]LogConsoleResponse:     56 = 8192 KB (3D 256x128x32 PF_FloatRGBA RT) AtmosphereDeltaSR
[2018.05.29-07.55.40:663][  9]LogConsoleResponse:     55 = 8192 KB (3D 256x128x32 PF_FloatRGBA RT) AtmosphereInscatter
[2018.05.29-07.55.40:663][  9]LogConsoleResponse:     85 = 3328 KB (2D 968x440 PF_B8G8R8A8 RT 4xMSAA) EditorPrimitivesColor unused(4)
[2018.05.29-07.55.40:663][  9]LogConsoleResponse:     86 = 3328 KB (2D 968x440 PF_DepthStencil 4xMSAA) EditorPrimitivesDepth unused(4)
[2018.05.29-07.55.40:663][  9]LogConsoleResponse:     84 = 3328 KB (2D 968x440 PF_DepthStencil 4xMSAA) SelectionDepthStencil unused(4)
[2018.05.29-07.55.40:663][  9]LogConsoleResponse:     88 = 3328 KB (2D 968x440 PF_FloatRGBA RT UAV VRam) SceneColor unused(4) VRamInKB(Start/Size):<NONE>
[2018.05.29-07.55.40:663][  9]LogConsoleResponse:     44 = 3328 KB (2D 968x440 PF_FloatRGBA RT UAV VRam) SceneColor VRamInKB(Start/Size):<NONE>
[2018.05.29-07.55.40:663][  9]LogConsoleResponse:     60 = 3328 KB (2D 968x440 PF_FloatRGBA RT VRam) BokehDOFRecombine unused(4) VRamInKB(Start/Size):<NONE>
[2018.05.29-07.55.40:663][  9]LogConsoleResponse:     89 = 3328 KB (2D 968x440 PF_FloatRGBA RT VRam) TemporalAA unused(4) VRamInKB(Start/Size):<NONE>
[2018.05.29-07.55.40:663][  9]LogConsoleResponse:     61 = 3328 KB (2D 968x440 PF_FloatRGBA RT VRam) TemporalAA VRamInKB(Start/Size):<NONE>
[2018.05.29-07.55.40:663][  9]LogConsoleResponse:     51 = 3328 KB (2D 968x440 PF_FloatRGBA RT) SeparateTranslucency unused(4)
[2018.05.29-07.55.40:663][  9]LogConsoleResponse:     17 = 3072 KB (Cube 512 PF_ShadowDepth) CubeShadowDepthZ[]
[2018.05.29-07.55.40:663][  9]LogConsoleResponse:     24 = 2048 KB (3D 64x64x64 PF_FloatRGBA RT) TranslucentVolume0
[2018.05.29-07.55.40:663][  9]LogConsoleResponse:     26 = 2048 KB (3D 64x64x64 PF_FloatRGBA RT) TranslucentVolume1
[2018.05.29-07.55.40:663][  9]LogConsoleResponse:     28 = 2048 KB (3D 64x64x64 PF_FloatRGBA RT) TranslucentVolume2
[2018.05.29-07.55.40:663][  9]LogConsoleResponse:     25 = 2048 KB (3D 64x64x64 PF_FloatRGBA RT) TranslucentVolumeDir0
[2018.05.29-07.55.40:663][  9]LogConsoleResponse:     27 = 2048 KB (3D 64x64x64 PF_FloatRGBA RT) TranslucentVolumeDir1
[2018.05.29-07.55.40:663][  9]LogConsoleResponse:     29 = 2048 KB (3D 64x64x64 PF_FloatRGBA RT) TranslucentVolumeDir2
[2018.05.29-07.55.40:663][  9]LogConsoleResponse:     36 = 2048 KB (3D 64x64x64 PF_FloatRGBA) IndirectLightingCache_0
[2018.05.29-07.55.40:663][  9]LogConsoleResponse:     37 = 2048 KB (3D 64x64x64 PF_FloatRGBA) IndirectLightingCache_1
[2018.05.29-07.55.40:663][  9]LogConsoleResponse:     38 = 2048 KB (3D 64x64x64 PF_FloatRGBA) IndirectLightingCache_2
[2018.05.29-07.55.40:663][  9]LogConsoleResponse:     87 = 2048 KB (Cube[2] 128 PF_FloatRGBA) ReflectionEnvs
[2018.05.29-07.55.40:663][  9]LogConsoleResponse:     39 = 1664 KB (2D 968x440 PF_A2B10G10R10 RT) GBufferA unused(4)
[2018.05.29-07.55.40:663][  9]LogConsoleResponse:     41 = 1664 KB (2D 968x440 PF_B8G8R8A8 RT sRGB) GBufferC unused(4)
[2018.05.29-07.55.40:663][  9]LogConsoleResponse:     49 = 1664 KB (2D 968x440 PF_B8G8R8A8 RT VRam) LightAttenuation unused(4) VRamInKB(Start/Size):<NONE>
[2018.05.29-07.55.40:663][  9]LogConsoleResponse:     43 = 1664 KB (2D 968x440 PF_B8G8R8A8 RT) GBufferE unused(4)
[2018.05.29-07.55.40:663][  9]LogConsoleResponse:     42 = 1664 KB (2D 968x440 PF_B8G8R8A8 RT) SelectionComposited unused(4)
[2018.05.29-07.55.40:663][  9]LogConsoleResponse:     40 = 1664 KB (2D 968x440 PF_B8G8R8A8 RT) Tonemap unused(4)
[2018.05.29-07.55.40:663][  9]LogConsoleResponse:     12 = 1664 KB (2D 968x440 PF_DepthStencil VRam) SceneDepthZ VRamInKB(Start/Size):<NONE>
[2018.05.29-07.55.40:663][  9]LogConsoleResponse:     67 = 1664 KB (2D 968x440 PF_FloatRGB RT VRam) MotionBlurRecombine unused(4) VRamInKB(Start/Size):<NONE>
[2018.05.29-07.55.40:663][  9]LogConsoleResponse:     59 = 1664 KB (2D 968x440 PF_G16R16 RT) Velocity unused(4)
[2018.05.29-07.55.40:663][  9]LogConsoleResponse:     30 = 1024 KB (Cube 128 PF_FloatRGBA RT) ReflectionColorScratchCubemap0
[2018.05.29-07.55.40:663][  9]LogConsoleResponse:     31 = 1024 KB (Cube 128 PF_FloatRGBA RT) ReflectionColorScratchCubemap1
[2018.05.29-07.55.40:663][  9]LogConsoleResponse:     13 = 832 KB (2D 484x220 PF_DepthStencil) SmallDepthZ
[2018.05.29-07.55.40:663][  9]LogConsoleResponse:     66 = 832 KB (2D 484x220 PF_FloatRGBA RT VRam) MotionBlur unused(4) VRamInKB(Start/Size):<NONE>
[2018.05.29-07.55.40:663][  9]LogConsoleResponse:     45 = 832 KB (2D 484x220 PF_FloatRGBA RT VRam) MotionBlurSetup1 unused(4) VRamInKB(Start/Size):<NONE>
[2018.05.29-07.55.40:663][  9]LogConsoleResponse:     63 = 832 KB (2D 484x220 PF_FloatRGBA RT) MotionBlurSetup0 unused(4)
[2018.05.29-07.55.40:663][  9]LogConsoleResponse:     18 = 768 KB (Cube 256 PF_ShadowDepth) CubeShadowDepthZ[]
[2018.05.29-07.55.40:663][  9]LogConsoleResponse:     50 = 683 KB (2D 512x256 PF_R32_FLOAT RT) HZB
[2018.05.29-07.55.40:663][  9]LogConsoleResponse:     48 = 416 KB (2D 484x220 PF_B8G8R8A8 RT VRam) AmbientOcclusion unused(4) VRamInKB(Start/Size):<NONE>
[2018.05.29-07.55.40:663][  9]LogConsoleResponse:     71 = 416 KB (2D 484x220 PF_FloatRGB RT VRam) BloomBlurY unused(4) VRamInKB(Start/Size):<NONE>
[2018.05.29-07.55.40:663][  9]LogConsoleResponse:     68 = 416 KB (2D 484x220 PF_FloatRGB RT VRam) LensFlares unused(4) VRamInKB(Start/Size):<NONE>
[2018.05.29-07.55.40:663][  9]LogConsoleResponse:     23 = 416 KB (2D 968x440 PF_G8 RT) ScreenSpaceAO
[2018.05.29-07.55.40:663][  9]LogConsoleResponse:      4 = 256 KB (2D 256x256 PF_B8G8R8A8) HZBResultsCPU
[2018.05.29-07.55.40:663][  9]LogConsoleResponse:      1 = 256 KB (2D 256x256 PF_B8G8R8A8) HZBResultsCPU
[2018.05.29-07.55.40:663][  9]LogConsoleResponse:      3 = 256 KB (2D 256x256 PF_B8G8R8A8) HZBResultsCPU
[2018.05.29-07.55.40:663][  9]LogConsoleResponse:      2 = 256 KB (2D 256x256 PF_B8G8R8A8) HZBResultsCPU
[2018.05.29-07.55.40:663][  9]LogConsoleResponse:     46 = 208 KB (2D 242x110 PF_FloatRGBA RT VRam) LensBlur unused(4) VRamInKB(Start/Size):<NONE>
[2018.05.29-07.55.40:663][  9]LogConsoleResponse:     65 = 208 KB (2D 242x110 PF_FloatRGBA RT) VelocityBlurX unused(4)
[2018.05.29-07.55.40:663][  9]LogConsoleResponse:     64 = 208 KB (2D 242x110 PF_FloatRGBA RT) VelocityBlurY unused(4)
[2018.05.29-07.55.40:663][  9]LogConsoleResponse:     19 = 192 KB (Cube 128 PF_ShadowDepth) CubeShadowDepthZ[]
[2018.05.29-07.55.40:663][  9]LogConsoleResponse:     52 = 128 KB (2D 256x64 PF_FloatRGBA RT) AtmosphereTransmittance
[2018.05.29-07.55.40:663][  9]LogConsoleResponse:     47 = 104 KB (2D 242x110 PF_B8G8R8A8 RT VRam) AmbientOcclusion unused(4) VRamInKB(Start/Size):<NONE>
[2018.05.29-07.55.40:663][  9]LogConsoleResponse:     83 = 104 KB (2D 242x110 PF_FloatRGB RT VRam) BloomBlurY unused(4) VRamInKB(Start/Size):<NONE>
[2018.05.29-07.55.40:663][  9]LogConsoleResponse:     72 = 104 KB (2D 242x110 PF_FloatRGB RT VRam) BloomDownsample1 unused(4) VRamInKB(Start/Size):<NONE>
[2018.05.29-07.55.40:663][  9]LogConsoleResponse:      7 = 64 KB (2D 128x128 PF_B8G8R8A8) PerlinNoiseGradient
[2018.05.29-07.55.40:663][  9]LogConsoleResponse:     32 = 64 KB (Cube 32 PF_FloatRGBA RT) DiffuseIrradianceScratchCubemap0
[2018.05.29-07.55.40:663][  9]LogConsoleResponse:     33 = 64 KB (Cube 32 PF_FloatRGBA RT) DiffuseIrradianceScratchCubemap1
[2018.05.29-07.55.40:663][  9]LogConsoleResponse:     73 = 52 KB (2D 121x110 PF_FloatRGB RT VRam) BloomBlurX unused(4) VRamInKB(Start/Size):<NONE>
[2018.05.29-07.55.40:663][  9]LogConsoleResponse:     82 = 27 KB (2D 122x55 PF_FloatRGB RT VRam) BloomBlurY unused(4) VRamInKB(Start/Size):<NONE>
[2018.05.29-07.55.40:663][  9]LogConsoleResponse:     74 = 26 KB (2D 121x55 PF_FloatRGB RT VRam) BloomDownsample2 unused(4) VRamInKB(Start/Size):<NONE>
[2018.05.29-07.55.40:663][  9]LogConsoleResponse:     11 = 16 KB (2D 128x32 PF_G16R16 VRam) PreintegratedGF VRamInKB(Start/Size):<NONE>
[2018.05.29-07.55.40:663][  9]LogConsoleResponse:     10 = 16 KB (2D 64x64 PF_B8G8R8A8) SSAORandomization
[2018.05.29-07.55.40:663][  9]LogConsoleResponse:      9 = 16 KB (3D 16x16x16 PF_B8G8R8A8) PerlinNoise3D
[2018.05.29-07.55.40:663][  9]LogConsoleResponse:     75 = 14 KB (2D 61x55 PF_FloatRGB RT VRam) BloomBlurX unused(4) VRamInKB(Start/Size):<NONE>
[2018.05.29-07.55.40:663][  9]LogConsoleResponse:     20 = 12 KB (Cube 32 PF_ShadowDepth) CubeShadowDepthZ[]
[2018.05.29-07.55.40:663][  9]LogConsoleResponse:     54 = 8 KB (2D 64x16 PF_FloatRGBA RT) AtmosphereDeltaE
[2018.05.29-07.55.40:663][  9]LogConsoleResponse:     53 = 8 KB (2D 64x16 PF_FloatRGBA RT) AtmosphereIrradiance
[2018.05.29-07.55.40:663][  9]LogConsoleResponse:     76 = 7 KB (2D 61x28 PF_FloatRGB RT VRam) BloomDownsample3 unused(4) VRamInKB(Start/Size):<NONE>
[2018.05.29-07.55.40:663][  9]LogConsoleResponse:     81 = 7 KB (2D 62x28 PF_FloatRGB RT VRam) BloomBlurY unused(4) VRamInKB(Start/Size):<NONE>
[2018.05.29-07.55.40:663][  9]LogConsoleResponse:     69 = 4 KB (2D 16x32 PF_FloatRGBA RT UAV) Histogram unused(4)
[2018.05.29-07.55.40:663][  9]LogConsoleResponse:     77 = 4 KB (2D 31x28 PF_FloatRGB RT VRam) BloomBlurX unused(4) VRamInKB(Start/Size):<NONE>
[2018.05.29-07.55.40:663][  9]LogConsoleResponse:     78 = 2 KB (2D 31x14 PF_FloatRGB RT VRam) BloomDownsample4 unused(4) VRamInKB(Start/Size):<NONE>
[2018.05.29-07.55.40:663][  9]LogConsoleResponse:     80 = 2 KB (2D 32x14 PF_FloatRGB RT VRam) BloomBlurY unused(4) VRamInKB(Start/Size):<NONE>
[2018.05.29-07.55.40:663][  9]LogConsoleResponse:     79 = 1 KB (2D 16x14 PF_FloatRGB RT VRam) BloomBlurX unused(4) VRamInKB(Start/Size):<NONE>
[2018.05.29-07.55.40:663][  9]LogConsoleResponse:     70 = 1 KB (2D 16x2 PF_A32B32G32R32F RT) HistogramReduce unused(4)
[2018.05.29-07.55.40:663][  9]LogConsoleResponse:      6 = 1 KB (2D 1x1 PF_B8G8R8A8 RT) BlackDummy
[2018.05.29-07.55.40:663][  9]LogConsoleResponse:      5 = 1 KB (2D 1x1 PF_B8G8R8A8 RT) WhiteDummy
[2018.05.29-07.55.40:663][  9]LogConsoleResponse:      8 = 1 KB (2D 1x1 PF_FloatRGBA RT) MaxFP16Depth
[2018.05.29-07.55.40:663][  9]LogConsoleResponse:     62 = 1 KB (2D 1x1 PF_R32_FLOAT RT) EyeAdaptation
[2018.05.29-07.55.40:663][  9]LogConsoleResponse:     35 = 1 KB (2D 1x1 PF_R32_FLOAT RT) ReflectionBrightness0
[2018.05.29-07.55.40:663][  9]LogConsoleResponse:     34 = 1 KB (2D 9x1 PF_FloatRGBA RT) SkySHIrradianceMap
[2018.05.29-07.55.40:663][  9]LogConsoleResponse: 
[2018.05.29-07.55.40:663][  9]LogConsoleResponse: Pool: 114/154 MB (referenced/allocated)
[2018.05.29-07.55.40:665][  9]LogWindows:Error: Windows GetLastError: De bewerking is voltooid. (0)
[2018.05.29-07.55.40:665][  9]LogD3D11RHI:Error: Direct3DDevice->CreateTexture2D(TextureDesc,SubResourceData,OutTexture2D) failed 
 at D:\BuildFarm\buildmachine_++depot+UE4-Releases+4.7\Engine\Source\Runtime\Windows\D3D11RHI\Private\D3D11Texture.cpp:433 
 with error E_OUTOFMEMORY
[2018.05.29-07.55.40:665][  9]LogConsoleResponse:     16 = 12288 KB (Cube 1024 PF_ShadowDepth) CubeShadowDepthZ[]
[2018.05.29-07.55.40:665][  9]LogConsoleResponse:     14 = 8192 KB (2D 1024x1024 PF_FloatRGBA RT) TranslucencyShadowTransmission0
[2018.05.29-07.55.40:665][  9]LogConsoleResponse:     15 = 8192 KB (2D 1024x1024 PF_FloatRGBA RT) TranslucencyShadowTransmission1
[2018.05.29-07.55.40:665][  9]LogConsoleResponse:     22 = 8192 KB (2D 2048x2048 PF_ShadowDepth) PreShadowCacheDepthZ
[2018.05.29-07.55.40:665][  9]LogConsoleResponse:     21 = 8192 KB (2D 2048x2048 PF_ShadowDepth) ShadowDepthZ
[2018.05.29-07.55.40:665][  9]LogConsoleResponse:     58 = 8192 KB (3D 256x128x32 PF_FloatRGBA RT) AtmosphereDeltaJ
[2018.05.29-07.55.40:666][  9]LogConsoleResponse:     57 = 8192 KB (3D 256x128x32 PF_FloatRGBA RT) AtmosphereDeltaSM
[2018.05.29-07.55.40:666][  9]LogConsoleResponse:     56 = 8192 KB (3D 256x128x32 PF_FloatRGBA RT) AtmosphereDeltaSR
[2018.05.29-07.55.40:666][  9]LogConsoleResponse:     55 = 8192 KB (3D 256x128x32 PF_FloatRGBA RT) AtmosphereInscatter
[2018.05.29-07.55.40:666][  9]LogConsoleResponse:     85 = 3328 KB (2D 968x440 PF_B8G8R8A8 RT 4xMSAA) EditorPrimitivesColor unused(4)
[2018.05.29-07.55.40:666][  9]LogConsoleResponse:     86 = 3328 KB (2D 968x440 PF_DepthStencil 4xMSAA) EditorPrimitivesDepth unused(4)
[2018.05.29-07.55.40:666][  9]LogConsoleResponse:     84 = 3328 KB (2D 968x440 PF_DepthStencil 4xMSAA) SelectionDepthStencil unused(4)
[2018.05.29-07.55.40:666][  9]LogConsoleResponse:     88 = 3328 KB (2D 968x440 PF_FloatRGBA RT UAV VRam) SceneColor unused(4) VRamInKB(Start/Size):<NONE>
[2018.05.29-07.55.40:666][  9]LogConsoleResponse:     44 = 3328 KB (2D 968x440 PF_FloatRGBA RT UAV VRam) SceneColor VRamInKB(Start/Size):<NONE>
[2018.05.29-07.55.40:666][  9]LogConsoleResponse:     60 = 3328 KB (2D 968x440 PF_FloatRGBA RT VRam) BokehDOFRecombine unused(4) VRamInKB(Start/Size):<NONE>
[2018.05.29-07.55.40:666][  9]LogConsoleResponse:     89 = 3328 KB (2D 968x440 PF_FloatRGBA RT VRam) TemporalAA unused(4) VRamInKB(Start/Size):<NONE>
[2018.05.29-07.55.40:666][  9]LogConsoleResponse:     61 = 3328 KB (2D 968x440 PF_FloatRGBA RT VRam) TemporalAA VRamInKB(Start/Size):<NONE>
[2018.05.29-07.55.40:666][  9]LogConsoleResponse:     51 = 3328 KB (2D 968x440 PF_FloatRGBA RT) SeparateTranslucency unused(4)
[2018.05.29-07.55.40:666][  9]LogConsoleResponse:     17 = 3072 KB (Cube 512 PF_ShadowDepth) CubeShadowDepthZ[]
[2018.05.29-07.55.40:666][  9]LogConsoleResponse:     24 = 2048 KB (3D 64x64x64 PF_FloatRGBA RT) TranslucentVolume0
[2018.05.29-07.55.40:666][  9]LogConsoleResponse:     26 = 2048 KB (3D 64x64x64 PF_FloatRGBA RT) TranslucentVolume1
[2018.05.29-07.55.40:666][  9]LogConsoleResponse:     28 = 2048 KB (3D 64x64x64 PF_FloatRGBA RT) TranslucentVolume2
[2018.05.29-07.55.40:666][  9]LogConsoleResponse:     25 = 2048 KB (3D 64x64x64 PF_FloatRGBA RT) TranslucentVolumeDir0
[2018.05.29-07.55.40:666][  9]LogConsoleResponse:     27 = 2048 KB (3D 64x64x64 PF_FloatRGBA RT) TranslucentVolumeDir1
[2018.05.29-07.55.40:666][  9]LogConsoleResponse:     29 = 2048 KB (3D 64x64x64 PF_FloatRGBA RT) TranslucentVolumeDir2
[2018.05.29-07.55.40:666][  9]LogConsoleResponse:     36 = 2048 KB (3D 64x64x64 PF_FloatRGBA) IndirectLightingCache_0
[2018.05.29-07.55.40:666][  9]LogConsoleResponse:     37 = 2048 KB (3D 64x64x64 PF_FloatRGBA) IndirectLightingCache_1
[2018.05.29-07.55.40:666][  9]LogConsoleResponse:     38 = 2048 KB (3D 64x64x64 PF_FloatRGBA) IndirectLightingCache_2
[2018.05.29-07.55.40:666][  9]LogConsoleResponse:     87 = 2048 KB (Cube[2] 128 PF_FloatRGBA) ReflectionEnvs
[2018.05.29-07.55.40:666][  9]LogConsoleResponse:     39 = 1664 KB (2D 968x440 PF_A2B10G10R10 RT) GBufferA unused(4)
[2018.05.29-07.55.40:666][  9]LogConsoleResponse:     41 = 1664 KB (2D 968x440 PF_B8G8R8A8 RT sRGB) GBufferC unused(4)
[2018.05.29-07.55.40:666][  9]LogConsoleResponse:     49 = 1664 KB (2D 968x440 PF_B8G8R8A8 RT VRam) LightAttenuation unused(4) VRamInKB(Start/Size):<NONE>
[2018.05.29-07.55.40:666][  9]LogConsoleResponse:     43 = 1664 KB (2D 968x440 PF_B8G8R8A8 RT) GBufferE unused(4)
[2018.05.29-07.55.40:666][  9]LogConsoleResponse:     42 = 1664 KB (2D 968x440 PF_B8G8R8A8 RT) SelectionComposited unused(4)
[2018.05.29-07.55.40:666][  9]LogConsoleResponse:     40 = 1664 KB (2D 968x440 PF_B8G8R8A8 RT) Tonemap unused(4)
[2018.05.29-07.55.40:666][  9]LogConsoleResponse:     12 = 1664 KB (2D 968x440 PF_DepthStencil VRam) SceneDepthZ VRamInKB(Start/Size):<NONE>
[2018.05.29-07.55.40:666][  9]LogConsoleResponse:     67 = 1664 KB (2D 968x440 PF_FloatRGB RT VRam) MotionBlurRecombine unused(4) VRamInKB(Start/Size):<NONE>
[2018.05.29-07.55.40:666][  9]LogConsoleResponse:     59 = 1664 KB (2D 968x440 PF_G16R16 RT) Velocity unused(4)
[2018.05.29-07.55.40:666][  9]LogConsoleResponse:     30 = 1024 KB (Cube 128 PF_FloatRGBA RT) ReflectionColorScratchCubemap0
[2018.05.29-07.55.40:666][  9]LogConsoleResponse:     31 = 1024 KB (Cube 128 PF_FloatRGBA RT) ReflectionColorScratchCubemap1
[2018.05.29-07.55.40:666][  9]LogConsoleResponse:     13 = 832 KB (2D 484x220 PF_DepthStencil) SmallDepthZ
[2018.05.29-07.55.40:666][  9]LogConsoleResponse:     66 = 832 KB (2D 484x220 PF_FloatRGBA RT VRam) MotionBlur unused(4) VRamInKB(Start/Size):<NONE>
[2018.05.29-07.55.40:666][  9]LogConsoleResponse:     45 = 832 KB (2D 484x220 PF_FloatRGBA RT VRam) MotionBlurSetup1 unused(4) VRamInKB(Start/Size):<NONE>
[2018.05.29-07.55.40:666][  9]LogConsoleResponse:     63 = 832 KB (2D 484x220 PF_FloatRGBA RT) MotionBlurSetup0 unused(4)
[2018.05.29-07.55.40:666][  9]LogConsoleResponse:     18 = 768 KB (Cube 256 PF_ShadowDepth) CubeShadowDepthZ[]
[2018.05.29-07.55.40:666][  9]LogConsoleResponse:     50 = 683 KB (2D 512x256 PF_R32_FLOAT RT) HZB
[2018.05.29-07.55.40:666][  9]LogConsoleResponse:     48 = 416 KB (2D 484x220 PF_B8G8R8A8 RT VRam) AmbientOcclusion unused(4) VRamInKB(Start/Size):<NONE>
[2018.05.29-07.55.40:666][  9]LogConsoleResponse:     71 = 416 KB (2D 484x220 PF_FloatRGB RT VRam) BloomBlurY unused(4) VRamInKB(Start/Size):<NONE>
[2018.05.29-07.55.40:666][  9]LogConsoleResponse:     68 = 416 KB (2D 484x220 PF_FloatRGB RT VRam) LensFlares unused(4) VRamInKB(Start/Size):<NONE>
[2018.05.29-07.55.40:666][  9]LogConsoleResponse:     23 = 416 KB (2D 968x440 PF_G8 RT) ScreenSpaceAO
[2018.05.29-07.55.40:666][  9]LogConsoleResponse:      4 = 256 KB (2D 256x256 PF_B8G8R8A8) HZBResultsCPU
[2018.05.29-07.55.40:666][  9]LogConsoleResponse:      1 = 256 KB (2D 256x256 PF_B8G8R8A8) HZBResultsCPU
[2018.05.29-07.55.40:666][  9]LogConsoleResponse:      3 = 256 KB (2D 256x256 PF_B8G8R8A8) HZBResultsCPU
[2018.05.29-07.55.40:666][  9]LogConsoleResponse:      2 = 256 KB (2D 256x256 PF_B8G8R8A8) HZBResultsCPU
[2018.05.29-07.55.40:666][  9]LogConsoleResponse:     46 = 208 KB (2D 242x110 PF_FloatRGBA RT VRam) LensBlur unused(4) VRamInKB(Start/Size):<NONE>
[2018.05.29-07.55.40:666][  9]LogConsoleResponse:     65 = 208 KB (2D 242x110 PF_FloatRGBA RT) VelocityBlurX unused(4)
[2018.05.29-07.55.40:666][  9]LogConsoleResponse:     64 = 208 KB (2D 242x110 PF_FloatRGBA RT) VelocityBlurY unused(4)
[2018.05.29-07.55.40:666][  9]LogConsoleResponse:     19 = 192 KB (Cube 128 PF_ShadowDepth) CubeShadowDepthZ[]
[2018.05.29-07.55.40:666][  9]LogConsoleResponse:     52 = 128 KB (2D 256x64 PF_FloatRGBA RT) AtmosphereTransmittance
[2018.05.29-07.55.40:666][  9]LogConsoleResponse:     47 = 104 KB (2D 242x110 PF_B8G8R8A8 RT VRam) AmbientOcclusion unused(4) VRamInKB(Start/Size):<NONE>
[2018.05.29-07.55.40:666][  9]LogConsoleResponse:     83 = 104 KB (2D 242x110 PF_FloatRGB RT VRam) BloomBlurY unused(4) VRamInKB(Start/Size):<NONE>
[2018.05.29-07.55.40:666][  9]LogConsoleResponse:     72 = 104 KB (2D 242x110 PF_FloatRGB RT VRam) BloomDownsample1 unused(4) VRamInKB(Start/Size):<NONE>
[2018.05.29-07.55.40:666][  9]LogConsoleResponse:      7 = 64 KB (2D 128x128 PF_B8G8R8A8) PerlinNoiseGradient
[2018.05.29-07.55.40:666][  9]LogConsoleResponse:     32 = 64 KB (Cube 32 PF_FloatRGBA RT) DiffuseIrradianceScratchCubemap0
[2018.05.29-07.55.40:666][  9]LogConsoleResponse:     33 = 64 KB (Cube 32 PF_FloatRGBA RT) DiffuseIrradianceScratchCubemap1
[2018.05.29-07.55.40:666][  9]LogConsoleResponse:     73 = 52 KB (2D 121x110 PF_FloatRGB RT VRam) BloomBlurX unused(4) VRamInKB(Start/Size):<NONE>
[2018.05.29-07.55.40:666][  9]LogConsoleResponse:     82 = 27 KB (2D 122x55 PF_FloatRGB RT VRam) BloomBlurY unused(4) VRamInKB(Start/Size):<NONE>
[2018.05.29-07.55.40:666][  9]LogConsoleResponse:     74 = 26 KB (2D 121x55 PF_FloatRGB RT VRam) BloomDownsample2 unused(4) VRamInKB(Start/Size):<NONE>
[2018.05.29-07.55.40:666][  9]LogConsoleResponse:     11 = 16 KB (2D 128x32 PF_G16R16 VRam) PreintegratedGF VRamInKB(Start/Size):<NONE>
[2018.05.29-07.55.40:667][  9]LogConsoleResponse:     10 = 16 KB (2D 64x64 PF_B8G8R8A8) SSAORandomization
[2018.05.29-07.55.40:667][  9]LogConsoleResponse:      9 = 16 KB (3D 16x16x16 PF_B8G8R8A8) PerlinNoise3D
[2018.05.29-07.55.40:667][  9]LogConsoleResponse:     75 = 14 KB (2D 61x55 PF_FloatRGB RT VRam) BloomBlurX unused(4) VRamInKB(Start/Size):<NONE>
[2018.05.29-07.55.40:667][  9]LogConsoleResponse:     20 = 12 KB (Cube 32 PF_ShadowDepth) CubeShadowDepthZ[]
[2018.05.29-07.55.40:667][  9]LogConsoleResponse:     54 = 8 KB (2D 64x16 PF_FloatRGBA RT) AtmosphereDeltaE
[2018.05.29-07.55.40:667][  9]LogConsoleResponse:     53 = 8 KB (2D 64x16 PF_FloatRGBA RT) AtmosphereIrradiance
[2018.05.29-07.55.40:667][  9]LogConsoleResponse:     76 = 7 KB (2D 61x28 PF_FloatRGB RT VRam) BloomDownsample3 unused(4) VRamInKB(Start/Size):<NONE>
[2018.05.29-07.55.40:667][  9]LogConsoleResponse:     81 = 7 KB (2D 62x28 PF_FloatRGB RT VRam) BloomBlurY unused(4) VRamInKB(Start/Size):<NONE>
[2018.05.29-07.55.40:667][  9]LogConsoleResponse:     69 = 4 KB (2D 16x32 PF_FloatRGBA RT UAV) Histogram unused(4)
[2018.05.29-07.55.40:667][  9]LogConsoleResponse:     77 = 4 KB (2D 31x28 PF_FloatRGB RT VRam) BloomBlurX unused(4) VRamInKB(Start/Size):<NONE>
[2018.05.29-07.55.40:667][  9]LogConsoleResponse:     78 = 2 KB (2D 31x14 PF_FloatRGB RT VRam) BloomDownsample4 unused(4) VRamInKB(Start/Size):<NONE>
[2018.05.29-07.55.40:667][  9]LogConsoleResponse:     80 = 2 KB (2D 32x14 PF_FloatRGB RT VRam) BloomBlurY unused(4) VRamInKB(Start/Size):<NONE>
[2018.05.29-07.55.40:667][  9]LogConsoleResponse:     79 = 1 KB (2D 16x14 PF_FloatRGB RT VRam) BloomBlurX unused(4) VRamInKB(Start/Size):<NONE>
[2018.05.29-07.55.40:667][  9]LogConsoleResponse:     70 = 1 KB (2D 16x2 PF_A32B32G32R32F RT) HistogramReduce unused(4)
[2018.05.29-07.55.40:667][  9]LogConsoleResponse:      6 = 1 KB (2D 1x1 PF_B8G8R8A8 RT) BlackDummy
[2018.05.29-07.55.40:667][  9]LogConsoleResponse:      5 = 1 KB (2D 1x1 PF_B8G8R8A8 RT) WhiteDummy
[2018.05.29-07.55.40:667][  9]LogConsoleResponse:      8 = 1 KB (2D 1x1 PF_FloatRGBA RT) MaxFP16Depth
[2018.05.29-07.55.40:667][  9]LogConsoleResponse:     62 = 1 KB (2D 1x1 PF_R32_FLOAT RT) EyeAdaptation
[2018.05.29-07.55.40:667][  9]LogConsoleResponse:     35 = 1 KB (2D 1x1 PF_R32_FLOAT RT) ReflectionBrightness0
[2018.05.29-07.55.40:667][  9]LogConsoleResponse:     34 = 1 KB (2D 9x1 PF_FloatRGBA RT) SkySHIrradianceMap
[2018.05.29-07.55.40:667][  9]LogConsoleResponse: 
[2018.05.29-07.55.40:667][  9]LogConsoleResponse: Pool: 114/154 MB (referenced/allocated)
[2018.05.29-07.55.40:668][  9]LogWindows:Error: Error reentered: Direct3DDevice->CreateTexture2D(TextureDesc,SubResourceData,OutTexture2D) failed 
 at D:\BuildFarm\buildmachine_++depot+UE4-Releases+4.7\Engine\Source\Runtime\Windows\D3D11RHI\Private\D3D11Texture.cpp:433 
 with error E_OUTOFMEMORY, 
 Size=2048x1024x1 Format=DXGI_FORMAT_B8G8R8A8_TYPELESS(0x0000005A), NumMips=12, Flags=D3D11_BIND_SHADER_RESOURCE 
[2018.05.29-07.55.40:668][  9]LogConsoleResponse: Pool: 114/154 MB (referenced/allocated)
[2018.05.29-07.55.40:705][  9]LogWindows:Error: Error reentered: Direct3DDevice->CreateTexture2D(TextureDesc,SubResourceData,OutTexture2D) failed 
 at D:\BuildFarm\buildmachine_++depot+UE4-Releases+4.7\Engine\Source\Runtime\Windows\D3D11RHI\Private\D3D11Texture.cpp:433 
 with error E_OUTOFMEMORY, 
 Size=2048x1024x1 Format=DXGI_FORMAT_B8G8R8A8_TYPELESS(0x0000005A), NumMips=12, Flags=D3D11_BIND_SHADER_RESOURCE 
[2018.05.29-07.55.40:705][  9]LogCrashTracker: 


[2018.05.29-07.55.40:705][  9]LogD3D11RHI:Error: Driver crashed while creating texture: 2048x1024x1 DXGI_FORMAT_B8G8R8A8_TYPELESS(0x0000005a) with 12 mips
[2018.05.29-07.55.40:705][  9]LogD3D11RHI:Error: Driver crashed while creating texture: 2048x1024x1 DXGI_FORMAT_B8G8R8A8_TYPELESS(0x0000005a) with 12 mips
[2018.05.29-07.55.40:705][  9]LogThreadingWindows:Error: Runnable thread PoolThread 2 crashed.
[2018.05.29-07.55.40:705][  9]LogThreadingWindows:Error: Runnable thread PoolThread 1 crashed.
[2018.05.29-07.55.40:705][  9]LogWindows:Error: HandleError re-entered.
[2018.05.29-07.55.40:706][  9]LogCrashTracker: 


[2018.05.29-07.55.40:706][  9]LogWindows: === Critical error: ===
Fatal error: [File:D:\BuildFarm\buildmachine_++depot+UE4-Releases+4.7\Engine\Source\Runtime\Windows\D3D11RHI\Private\D3D11Util.cpp] [Line: 223] 
Direct3DDevice->CreateTexture2D(TextureDesc,SubResourceData,OutTexture2D) failed 
 at D:\BuildFarm\buildmachine_++depot+UE4-Releases+4.7\Engine\Source\Runtime\Windows\D3D11RHI\Private\D3D11Texture.cpp:433 
 with error E_OUTOFMEMORY, 
 Size=2048x1024x1 Format=DXGI_FORMAT_B8G8R8A8_TYPELESS(0x0000005A), NumMips=12, Flags=D3D11_BIND_SHADER_RESOURCE 



Crash in runnable thread 
Crash in runnable thread PoolThread 2

[2018.05.29-07.55.40:707][  9]LogWindows:Error: Error reentered: Runnable thread PoolThread 2 crashed.
[2018.05.29-07.55.40:707][  9]LogWindows:Error: HandleError re-entered.
[2018.05.29-07.55.40:707][  9]LogWindows: FPlatformMisc::RequestExit(1)
[2018.05.29-07.55.40:707][  9]Log file closed, 05/29/18 09:55:40
