Log file open, 05/29/18 09:53:14
LogInit:Display: Running engine for game: JengaGame
LogInit: Version: 4.7.6-2513093+++depot+UE4-Releases+4.7
LogInit: API Version: 2455222
LogInit: Compiled (64-bit): Apr 15 2015 12:09:54
LogInit: Compiled with Visual C++: 18.00.21005.01
LogInit: Build Configuration: Development
LogInit: Branch Name: ++depot+UE4-Releases+4.7
LogInit: Command line:  
LogInit: Base directory: D:/UE_4.7/Engine/Binaries/Win64/
LogInit: Rocket: 1
[2018.05.29-07.53.14:625][  0]LogTaskGraph: Started task graph with 3 named threads and 6 total threads.
[2018.05.29-07.53.14:682][  0]LogOnline:Warning: No default platform service specified for OnlineSubsystem
[2018.05.29-07.53.14:696][  0]LogInit: Presizing for 0 objects not considered by GC, pre-allocating 0 bytes.
[2018.05.29-07.53.14:707][  0]LogInit: Object subsystem initialized
[2018.05.29-07.53.14:713][  0]LogInit: Selected Device Profile: [Windows]
[2018.05.29-07.53.14:713][  0]LogInit: Applying CVar settings loaded from the selected device profile: [Windows]
[2018.05.29-07.53.14:719][  0]LogInit: Computer: DESKTOP-LBAA43C
[2018.05.29-07.53.14:719][  0]LogInit: User: FloydLehman
[2018.05.29-07.53.14:719][  0]LogInit: CPU Page size=4096, Cores=4
[2018.05.29-07.53.14:719][  0]LogInit: High frequency timer resolution =2.742194 MHz
[2018.05.29-07.53.14:720][  0]LogMemory: Memory total: Physical=7.9GB (8GB approx) Virtual=131072.0GB
[2018.05.29-07.53.14:720][  0]LogMemory: Platform Memory Stats for Windows
[2018.05.29-07.53.14:720][  0]LogMemory: Process Physical Memory: 47.82 MB used, 47.82 MB peak
[2018.05.29-07.53.14:720][  0]LogMemory: Process Virtual Memory: 24.83 MB used, 24.83 MB peak
[2018.05.29-07.53.14:720][  0]LogMemory: Physical Memory: 4881.33 MB used, 8042.91 MB total
[2018.05.29-07.53.14:720][  0]LogMemory: Virtual Memory: 312.78 MB used, 134217728.00 MB total
[2018.05.29-07.53.15:027][  0]LogD3D11RHI: Found D3D11 adapter 0: NVIDIA GeForce GTX 1060 (Feature Level 11_0)
[2018.05.29-07.53.15:027][  0]LogD3D11RHI: Adapter has 3019MB of dedicated video memory, 0MB of dedicated system memory, and 3974MB of shared system memory, 1 output[s]
[2018.05.29-07.53.15:039][  0]LogD3D11RHI: Found D3D11 adapter 1: Intel(R) HD Graphics 630 (Feature Level 11_0)
[2018.05.29-07.53.15:039][  0]LogD3D11RHI: Adapter has 128MB of dedicated video memory, 0MB of dedicated system memory, and 3974MB of shared system memory, 0 output[s]
[2018.05.29-07.53.15:041][  0]LogD3D11RHI: Found D3D11 adapter 2: Microsoft Basic Render Driver (Feature Level 11_0)
[2018.05.29-07.53.15:041][  0]LogD3D11RHI: Adapter has 0MB of dedicated video memory, 0MB of dedicated system memory, and 3974MB of shared system memory, 0 output[s]
[2018.05.29-07.53.15:041][  0]LogD3D11RHI: Chosen D3D11 Adapter Id = 0
[2018.05.29-07.53.15:046][  0]LogRHI: Texture pool is 1361 MB (70% of 1945 MB)
[2018.05.29-07.53.15:079][  0]LogD3D11RHI: Async texture creation enabled
[2018.05.29-07.53.15:212][  0]LogTextLocalizationManager: The requested culture ('nl_NL') has no localization data; falling back to 'en' for localization and internationalization data.
[2018.05.29-07.53.15:310][  0]LogTextLocalizationManager:Warning: Loading localization resources contain conflicting entries for (Namespace:UICommands, Key:Save_ToolTip):
Resource: (D:/UE_4.7/Engine/Content/Localization/Editor/en/Editor.locres) Hash: (-29098895) String: (Saves the current level to disk)
Resource: (D:/UE_4.7/Engine/Content/Localization/Engine/en/Engine.locres) Hash: (-1280300587) String: (Save selected data to vlog file)
[2018.05.29-07.53.15:310][  0]LogTextLocalizationManager:Warning: Loading localization resources contain conflicting entries for (Namespace:ContentBrowser, Key:ImportAssetToolTip):
Resource: (D:/UE_4.7/Engine/Content/Localization/Editor/en/Editor.locres) Hash: (-630476809) String: (Import to {0}...)
Resource: (D:/UE_4.7/Engine/Content/Localization/Editor/en/Editor.locres) Hash: (1271782899) String: (Imports an asset from file to this folder.)
[2018.05.29-07.53.15:407][  0]LogContentStreaming: Texture pool size is 0.000000MB
[2018.05.29-07.53.17:715][  0]LogTargetPlatformManager:Display: Building Assets For Windows
[2018.05.29-07.53.18:277][  0]LogTargetPlatformManager:Display: Building Assets For Windows
[2018.05.29-07.53.18:342][  0]LogDerivedDataCache:Display: Max Cache Size: 512 MB
[2018.05.29-07.53.18:402][  0]LogDerivedDataCache: Loaded boot cache 0.06s 39MB C:/Users/Floyd Lehman/AppData/Local/UnrealEngine/4.7/DerivedDataCache/Boot.ddc.
[2018.05.29-07.53.18:402][  0]LogDerivedDataCache:Display: Loaded Boot cache: C:/Users/Floyd Lehman/AppData/Local/UnrealEngine/4.7/DerivedDataCache/Boot.ddc
[2018.05.29-07.53.18:402][  0]LogDerivedDataCache: FDerivedDataBackendGraph:  Pak pak cache file C:/Users/FLOYDL~1/AppData/Local/Temp/Rar$DIa0.371/DerivedDataCache/DDC.ddp not found, will not use a pak cache.
[2018.05.29-07.53.18:402][  0]LogDerivedDataCache: Unable to find inner node Pak for hierarchical cache Hierarchy.
[2018.05.29-07.53.18:536][  0]LogDerivedDataCache:Display: Pak cache opened for reading ../../../Engine/DerivedDataCache/Compressed.ddp.
[2018.05.29-07.53.18:551][  0]LogDerivedDataCache: Using Local data cache path C:/Users/Floyd Lehman/AppData/Local/UnrealEngine/Common/DerivedDataCache: Writable
[2018.05.29-07.53.19:013][  0]LogMeshUtilities: No automatic mesh reduction module available
[2018.05.29-07.53.19:013][  0]LogMeshUtilities: No automatic mesh merging module available
[2018.05.29-07.53.19:528][  0]LogInit: WinSock: version 1.1 (2.2), MaxSocks=32767, MaxUdp=65467
[2018.05.29-07.53.19:615][  0]LogSlate:Warning: Failed to load font data from '../../../Engine/Content/Slate/Fonts/Roboto-Italic.ttf'
[2018.05.29-07.53.20:685][  0]UdpMessaging: Initializing bridge on interface 0.0.0.0:0 to multicast group 230.0.0.1:6666.
[2018.05.29-07.53.20:911][  0]SourceControl: Info Source control is disabled
[2018.05.29-07.53.20:911][  0]SourceControl: Info Source control is disabled
[2018.05.29-07.53.20:911][  0]SourceControl: Info Source control is disabled
[2018.05.29-07.53.20:911][  0]LogSourceControl: RunCommandInternalRaw: 'git version'
[2018.05.29-07.53.20:911][  0]LogSourceControl: RunCommandInternalRaw: ExecProcess ReturnCode=2 OutResults=''
[2018.05.29-07.53.20:921][  0]SourceControl: Info Source control is disabled
[2018.05.29-07.53.21:132][  0]LogObj: 24232 objects as part of root set at end of initial load.
[2018.05.29-07.53.21:132][  0]LogUObjectAllocator: 5137176 out of 0 bytes used by permanent object pool.
[2018.05.29-07.53.21:217][  0]LogEngine: Initializing Engine...
[2018.05.29-07.53.23:584][  0]LogInit: XAudio2 using 'Luidsprekers (Realtek High Definition Audio)' : 8 channels at 48 kHz using 32 bits per sample (channel mask 0x63f)
[2018.05.29-07.53.24:262][  0]LogInit: FAudioDevice initialized.
[2018.05.29-07.53.24:305][  0]LogAIModule: Creating AISystem for world NewWorld
[2018.05.29-07.53.24:346][  0]LogDerivedDataCache: Saved boot cache 0.04s 39MB C:/Users/Floyd Lehman/AppData/Local/UnrealEngine/4.7/DerivedDataCache/Boot.ddc.
[2018.05.29-07.53.24:357][  0]LogInit: Texture streaming: Enabled
[2018.05.29-07.53.24:491][  0]LogAnalytics: Creating configured Analytics provider AnalyticsET
[2018.05.29-07.53.24:491][  0]LogAnalytics: ET APIKey = Rocket.Release. APIServer = http://et2.epicgames.com/ET2/. AppVersion = 4.7.6-2513093+++depot+UE4-Releases+4.7
[2018.05.29-07.53.24:491][  0]LogAnalytics: ET APIKey = Rocket.Release. DataRouterUploadURL = https://datarouter-public-service-gamedev.ol.epicgames.net/datarouter/api/v1/public/data. AppVersion = 4.7.6-2513093+++depot+UE4-Releases+4.7
[2018.05.29-07.53.24:491][  0]LogAnalytics: SetUserId d55d741b4c1f3be083e621b416c77eeb|c72c935e8dc54d40b5115b61423601ab|016a1536-4f81-4fb4-a509-9be792f43ba4
[2018.05.29-07.53.24:491][  0]LogAnalytics: AnalyticsET::StartSession [Rocket.Release]
[2018.05.29-07.53.24:557][  0]LogInit: Transaction tracking system initialized
[2018.05.29-07.53.24:762][  0]BlueprintLog: New page: Editor Load
[2018.05.29-07.53.24:798][  0]LogAssetRegistry: FAssetRegistry took 0.0105 seconds to start up
[2018.05.29-07.53.24:798][  0]LogDirectoryWatcher:Warning: Failed to begin reading directory changes for C:/Users/FLOYDL~1/AppData/Local/Temp/Rar$DIa0.371/Content/. Error: 0
[2018.05.29-07.53.24:798][  0]LogDirectoryWatcher:Warning: Failed to begin reading directory changes for ../../../Engine/Plugins/Experimental/CharacterAI/Content/. Error: 0
[2018.05.29-07.53.25:463][  0]LogTargetPlatformManager:Display: Building Assets For Windows
[2018.05.29-07.53.25:970][  0]LogTargetPlatformManager:Display: Building Assets For Windows
[2018.05.29-07.53.26:382][  0]LogSlate:Warning: Failed to load font data from '../../../Engine/Content/Editor/Slate/Fonts/Roboto-Regular.ttf'
[2018.05.29-07.53.26:382][  0]LogSlate:Warning: Failed to load font data from '../../../Engine/Content/Editor/Slate/Fonts/Roboto-Bold.ttf'
[2018.05.29-07.53.26:467][  0]LogConsoleResponse:Display: 
[2018.05.29-07.53.26:695][  0]LogCook:Display: Done creating registry. It took  0.00s.
[2018.05.29-07.53.26:893][  0]SourceControl: Info Source control is disabled
[2018.05.29-07.53.26:893][  0]Cmd: MAP LOAD FILE="../../../Engine/Content/Maps/Templates/Template_Default.umap" TEMPLATE=1 SHOWPROGRESS=1 FEATURELEVEL=3
[2018.05.29-07.53.26:894][  0]LightingResults: New page: Lighting Build
[2018.05.29-07.53.26:906][  0]MapCheck: New page: Map Check
[2018.05.29-07.53.26:906][  0]LightingResults: New page: Lighting Build
[2018.05.29-07.53.26:920][  0]LogParticles: Destroying 0 GPU particle simulations for FXSystem 0x0000024684788680
[2018.05.29-07.53.27:756][  0]LogEditorServer: Finished looking for orphan Actors (0.000 secs)
[2018.05.29-07.53.27:760][  0]LogAIModule: Creating AISystem for world Untitled_1
[2018.05.29-07.53.27:761][  0]Cmd: MAP CHECKDEP
[2018.05.29-07.53.27:761][  0]MapCheck: New page: Untitled_1 - May 29, 2018, 11:53:27 AM
[2018.05.29-07.53.27:846][  0]MapCheck: Info Map check complete: 0 Error(s), 0 Warning(s), took 85.223ms to complete.
[2018.05.29-07.53.27:846][  0]LogFileHelpers: Loading map 'Template_Default' took 0.953
[2018.05.29-07.53.27:995][  0]LogCollectionManager: Loaded 0 collections in 0.001043 seconds
[2018.05.29-07.53.28:006][  0]LogContentBrowser: Native class hierarchy populated in 0.0107 seconds. Added 1696 classes and 261 folders.
[2018.05.29-07.53.28:038][  0]LogContentBrowser: Native class hierarchy updated for 'SceneOutliner' in 0.0029 seconds. Added 1 classes and 2 folders.
[2018.05.29-07.53.28:090][  0]LogCrashTracker: Crashtracker disabled due to settings.
[2018.05.29-07.53.28:091][  0]LogSlate:Warning: Failed to load font data from 'Veranda'
[2018.05.29-07.53.28:095][  0]LogUObjectGlobals:Warning: Failed to find object 'Class None.'
[2018.05.29-07.53.28:131][  0]LogLoad: Full Startup: 15.32 seconds (BP compile: 0.11 seconds)
[2018.05.29-07.53.28:364][  0]LogRenderer:Warning: Reallocating scene render targets to support 968x440 (Frame:2).
[2018.05.29-07.53.28:639][  5]LogAssetRegistry: Asset discovery search completed in 3.8514 seconds
[2018.05.29-07.53.32:096][332]Cmd: QUIT_EDITOR
[2018.05.29-07.53.32:386][332]LogExit: Preparing to exit.
[2018.05.29-07.53.32:723][332]LogExit: Editor shut down
[2018.05.29-07.53.32:723][332]LogExit: Transaction tracking system shut down
[2018.05.29-07.53.32:723][332]LogParticles: Destroying 0 GPU particle simulations for FXSystem 0x0000024683347100
[2018.05.29-07.53.32:774][332]LogParticles: Destroying 0 GPU particle simulations for FXSystem 0x000002468ED26A20
[2018.05.29-07.53.32:774][332]LogExit: Object subsystem successfully closed.
[2018.05.29-07.53.32:820][332]LogModuleManager: Shutting down and abandoning module CrashTracker (177)
[2018.05.29-07.53.32:820][332]LogModuleManager: Shutting down and abandoning module SuperSearch (176)
[2018.05.29-07.53.32:820][332]LogModuleManager: Shutting down and abandoning module SceneOutliner (175)
[2018.05.29-07.53.32:820][332]LogModuleManager: Shutting down and abandoning module EditorWidgets (174)
[2018.05.29-07.53.32:820][332]LogModuleManager: Shutting down and abandoning module CollectionManager (173)
[2018.05.29-07.53.32:820][332]LogModuleManager: Shutting down and abandoning module StatsViewer (172)
[2018.05.29-07.53.32:820][332]LogModuleManager: Shutting down and abandoning module FoliageEdit (171)
[2018.05.29-07.53.32:820][332]LogModuleManager: Shutting down and abandoning module LandscapeEditor (170)
[2018.05.29-07.53.32:821][332]LogModuleManager: Shutting down and abandoning module MeshPaint (169)
[2018.05.29-07.53.32:821][332]LogModuleManager: Shutting down and abandoning module ActorPickerMode (168)
[2018.05.29-07.53.32:821][332]LogModuleManager: Shutting down and abandoning module GeometryMode (167)
[2018.05.29-07.53.32:821][332]LogModuleManager: Shutting down and abandoning module TextureAlignMode (166)
[2018.05.29-07.53.32:821][332]LogModuleManager: Shutting down and abandoning module BspMode (165)
[2018.05.29-07.53.32:821][332]LogModuleManager: Shutting down and abandoning module PlacementMode (164)
[2018.05.29-07.53.32:821][332]LogModuleManager: Shutting down and abandoning module AutomationWorker (163)
[2018.05.29-07.53.32:821][332]LogModuleManager: Shutting down and abandoning module CharacterAI (162)
[2018.05.29-07.53.32:821][332]LogModuleManager: Shutting down and abandoning module SmartSnapping (161)
[2018.05.29-07.53.32:821][332]LogModuleManager: Shutting down and abandoning module ViewportSnapping (160)
[2018.05.29-07.53.32:821][332]LogModuleManager: Shutting down and abandoning module LogVisualizer (159)
[2018.05.29-07.53.32:821][332]LogModuleManager: Shutting down and abandoning module GameProjectGeneration (158)
[2018.05.29-07.53.32:821][332]LogModuleManager: Shutting down and abandoning module IntroTutorials (157)
[2018.05.29-07.53.32:821][332]LogModuleManager: Shutting down and abandoning module EditorLiveStreaming (156)
[2018.05.29-07.53.32:821][332]LogModuleManager: Shutting down and abandoning module HardwareTargeting (155)
[2018.05.29-07.53.32:821][332]LogModuleManager: Shutting down and abandoning module DeviceProfileEditor (154)
[2018.05.29-07.53.32:821][332]LogModuleManager: Shutting down and abandoning module UndoHistory (153)
[2018.05.29-07.53.32:821][332]LogModuleManager: Shutting down and abandoning module GameplayTagsEditor (152)
[2018.05.29-07.53.32:821][332]LogModuleManager: Shutting down and abandoning module UserFeedback (151)
[2018.05.29-07.53.32:821][332]LogModuleManager: Shutting down and abandoning module XmlParser (150)
[2018.05.29-07.53.32:821][332]LogModuleManager: Shutting down and abandoning module Blutility (149)
[2018.05.29-07.53.32:821][332]LogModuleManager: Shutting down and abandoning module IOSPlatformEditor (148)
[2018.05.29-07.53.32:821][332]LogModuleManager: Shutting down and abandoning module IOSRuntimeSettings (147)
[2018.05.29-07.53.32:821][332]LogModuleManager: Shutting down and abandoning module AndroidDeviceDetection (146)
[2018.05.29-07.53.33:060][332]LogModuleManager: Shutting down and abandoning module AndroidPlatformEditor (145)
[2018.05.29-07.53.33:060][332]LogModuleManager: Shutting down and abandoning module AndroidRuntimeSettings (144)
[2018.05.29-07.53.33:060][332]LogModuleManager: Shutting down and abandoning module ProjectTargetPlatformEditor (143)
[2018.05.29-07.53.33:060][332]LogModuleManager: Shutting down and abandoning module ProjectSettingsViewer (142)
[2018.05.29-07.53.33:060][332]LogModuleManager: Shutting down and abandoning module InputBindingEditor (141)
[2018.05.29-07.53.33:060][332]LogModuleManager: Shutting down and abandoning module EditorSettingsViewer (140)
[2018.05.29-07.53.33:060][332]LogModuleManager: Shutting down and abandoning module SettingsEditor (139)
[2018.05.29-07.53.33:060][332]LogModuleManager: Shutting down and abandoning module ProjectLauncher (138)
[2018.05.29-07.53.33:060][332]LogModuleManager: Shutting down and abandoning module SessionFrontend (137)
[2018.05.29-07.53.33:060][332]LogModuleManager: Shutting down and abandoning module ProfilerClient (136)
[2018.05.29-07.53.33:060][332]LogModuleManager: Shutting down and abandoning module TargetDeviceServices (135)
[2018.05.29-07.53.33:060][332]LogModuleManager: Shutting down and abandoning module DeviceManager (134)
[2018.05.29-07.53.33:060][332]LogModuleManager: Shutting down and abandoning module AutomationController (133)
[2018.05.29-07.53.33:060][332]LogModuleManager: Shutting down and abandoning module AutomationWindow (132)
[2018.05.29-07.53.33:060][332]LogModuleManager: Shutting down and abandoning module Layers (131)
[2018.05.29-07.53.33:060][332]LogModuleManager: Shutting down and abandoning module ComponentVisualizers (130)
[2018.05.29-07.53.33:060][332]LogModuleManager: Shutting down and abandoning module DetailCustomizations (129)
[2018.05.29-07.53.33:060][332]LogModuleManager: Shutting down and abandoning module PackagesDialog (128)
[2018.05.29-07.53.33:060][332]LogModuleManager: Shutting down and abandoning module AssetRegistry (127)
[2018.05.29-07.53.33:137][332]LogModuleManager: Shutting down and abandoning module Persona (126)
[2018.05.29-07.53.33:137][332]LogModuleManager: Shutting down and abandoning module SlateReflector (125)
[2018.05.29-07.53.33:137][332]LogModuleManager: Shutting down and abandoning module LevelEditor (124)
[2018.05.29-07.53.33:137][332]LogModuleManager: Shutting down and abandoning module Kismet (123)
[2018.05.29-07.53.33:137][332]LogModuleManager: Shutting down and abandoning module GraphEditor (122)
[2018.05.29-07.53.33:137][332]LogModuleManager: Shutting down and abandoning module ClassViewer (121)
[2018.05.29-07.53.33:137][332]LogModuleManager: Shutting down and abandoning module Toolbox (120)
[2018.05.29-07.53.33:137][332]LogModuleManager: Shutting down and abandoning module ModuleUI (119)
[2018.05.29-07.53.33:137][332]LogModuleManager: Shutting down and abandoning module MovieSceneTools (118)
[2018.05.29-07.53.33:138][332]LogModuleManager: Shutting down and abandoning module OutputLog (117)
[2018.05.29-07.53.33:138][332]LogModuleManager: Shutting down and abandoning module GammaUI (116)
[2018.05.29-07.53.33:138][332]LogModuleManager: Shutting down and abandoning module Documentation (115)
[2018.05.29-07.53.33:138][332]LogModuleManager: Shutting down and abandoning module GameLiveStreaming (114)
[2018.05.29-07.53.33:138][332]LogModuleManager: Shutting down and abandoning module StreamingPauseRendering (113)
[2018.05.29-07.53.33:138][332]LogModuleManager: Shutting down and abandoning module HTTP (112)
[2018.05.29-07.53.33:138][332]LogModuleManager: Shutting down and abandoning module AnalyticsET (111)
[2018.05.29-07.53.33:138][332]LogModuleManager: Shutting down and abandoning module Analytics (110)
[2018.05.29-07.53.33:138][332]LogModuleManager: Shutting down and abandoning module AITestSuite (109)
[2018.05.29-07.53.33:138][332]LogModuleManager: Shutting down and abandoning module GameplayDebugger (108)
[2018.05.29-07.53.33:138][332]LogModuleManager: Shutting down and abandoning module AIModule (107)
[2018.05.29-07.53.33:138][332]LogModuleManager: Shutting down and abandoning module ProfilerService (106)
[2018.05.29-07.53.33:179][332]LogModuleManager: Shutting down and abandoning module TaskGraph (105)
[2018.05.29-07.53.33:179][332]LogModuleManager: Shutting down and abandoning module SlateRemote (104)
[2018.05.29-07.53.33:179][332]LogModuleManager: Shutting down and abandoning module ScriptEditorPlugin (103)
[2018.05.29-07.53.33:179][332]LogModuleManager: Shutting down and abandoning module CustomMeshComponent (102)
[2018.05.29-07.53.33:179][332]LogModuleManager: Shutting down and abandoning module CableComponent (101)
[2018.05.29-07.53.33:179][332]LogModuleManager: Shutting down and abandoning module MessagingDebugger (100)
[2018.05.29-07.53.33:179][332]LogModuleManager: Shutting down and abandoning module MediaPlayerEditor (99)
[2018.05.29-07.53.33:179][332]LogModuleManager: Shutting down and abandoning module SpeedTreeImporter (98)
[2018.05.29-07.53.33:179][332]LogModuleManager: Shutting down and abandoning module PluginsEditor (97)
[2018.05.29-07.53.33:179][332]LogModuleManager: Shutting down and abandoning module MainFrame (96)
[2018.05.29-07.53.33:179][332]LogModuleManager: Shutting down and abandoning module EpicSurvey (95)
[2018.05.29-07.53.33:179][332]LogModuleManager: Shutting down and abandoning module DesktopPlatform (94)
[2018.05.29-07.53.33:179][332]LogModuleManager: Shutting down and abandoning module DirectoryWatcher (93)
[2018.05.29-07.53.33:179][332]LogModuleManager: Shutting down and abandoning module HotReload (92)
[2018.05.29-07.53.33:179][332]LogModuleManager: Shutting down and abandoning module VisualStudioSourceCodeAccess (91)
[2018.05.29-07.53.33:179][332]LogModuleManager: Shutting down and abandoning module UObjectPlugin (90)
[2018.05.29-07.53.33:179][332]LogModuleManager: Shutting down and abandoning module SubversionSourceControl (89)
[2018.05.29-07.53.33:179][332]LogModuleManager: Shutting down and abandoning module PerforceSourceControl (88)
[2018.05.29-07.53.33:179][332]LogModuleManager: Shutting down and abandoning module SourceControl (87)
[2018.05.29-07.53.33:179][332]LogModuleManager: Shutting down and abandoning module GitSourceControl (86)
[2018.05.29-07.53.33:179][332]LogModuleManager: Shutting down and abandoning module BlankPlugin (85)
[2018.05.29-07.53.33:179][332]LogModuleManager: Shutting down and abandoning module PaperTiledImporter (84)
[2018.05.29-07.53.33:179][332]LogModuleManager: Shutting down and abandoning module PaperJsonImporter (83)
[2018.05.29-07.53.33:179][332]LogModuleManager: Shutting down and abandoning module ContentBrowser (82)
[2018.05.29-07.53.33:180][332]LogModuleManager: Shutting down and abandoning module Paper2DEditor (81)
[2018.05.29-07.53.33:180][332]LogModuleManager: Shutting down and abandoning module ScriptPlugin (80)
[2018.05.29-07.53.33:180][332]LogModuleManager: Shutting down and abandoning module UdpMessaging (79)
[2018.05.29-07.53.33:282][332]LogModuleManager: Shutting down and abandoning module Paper2D (78)
[2018.05.29-07.53.33:282][332]LogModuleManager: Shutting down and abandoning module WindowsMoviePlayer (77)
[2018.05.29-07.53.33:285][332]LogModuleManager: Shutting down and abandoning module Media (76)
[2018.05.29-07.53.33:285][332]LogModuleManager: Shutting down and abandoning module WmfMedia (75)
[2018.05.29-07.53.33:286][332]LogModuleManager: Shutting down and abandoning module OnlineBlueprintSupport (74)
[2018.05.29-07.53.33:286][332]LogModuleManager: Shutting down and abandoning module PropertyEditor (73)
[2018.05.29-07.53.33:286][332]LogModuleManager: Shutting down and abandoning module BehaviorTreeEditor (72)
[2018.05.29-07.53.33:286][332]LogModuleManager: Shutting down and abandoning module FunctionalTesting (71)
[2018.05.29-07.53.33:286][332]LogModuleManager: Shutting down and abandoning module CollisionAnalyzer (70)
[2018.05.29-07.53.33:286][332]LogModuleManager: Shutting down and abandoning module WorkspaceMenuStructure (69)
[2018.05.29-07.53.33:286][332]LogModuleManager: Shutting down and abandoning module MessageLog (68)
[2018.05.29-07.53.33:286][332]LogModuleManager: Shutting down and abandoning module Sequencer (67)
[2018.05.29-07.53.33:286][332]LogModuleManager: Shutting down and abandoning module AssetTools (66)
[2018.05.29-07.53.33:286][332]LogModuleManager: Shutting down and abandoning module UMGEditor (65)
[2018.05.29-07.53.33:286][332]LogModuleManager: Shutting down and abandoning module UMG (64)
[2018.05.29-07.53.33:286][332]LogModuleManager: Shutting down and abandoning module Slate (63)
[2018.05.29-07.53.33:286][332]LogModuleManager: Shutting down and abandoning module EditorStyle (62)
[2018.05.29-07.53.33:289][332]LogModuleManager: Shutting down and abandoning module SessionServices (61)
[2018.05.29-07.53.33:289][332]LogModuleManager: Shutting down and abandoning module SourceCodeAccess (60)
[2018.05.29-07.53.33:289][332]LogModuleManager: Shutting down and abandoning module HeadMountedDisplay (59)
[2018.05.29-07.53.33:289][332]LogModuleManager: Shutting down and abandoning module XAudio2 (58)
[2018.05.29-07.53.33:289][332]LogModuleManager: Shutting down and abandoning module Networking (56)
[2018.05.29-07.53.33:289][332]LogModuleManager: Shutting down and abandoning module Core (55)
[2018.05.29-07.53.33:289][332]LogModuleManager: Shutting down and abandoning module KismetCompiler (54)
[2018.05.29-07.53.33:289][332]LogModuleManager: Shutting down and abandoning module PhysXFormats (53)
[2018.05.29-07.53.33:289][332]LogModuleManager: Shutting down and abandoning module MeshUtilities (52)
[2018.05.29-07.53.33:289][332]LogModuleManager: Shutting down and abandoning module DerivedDataCache (51)
[2018.05.29-07.53.33:555][332]LogDerivedDataCache: Shutdown
[2018.05.29-07.53.33:555][332]LogModuleManager: Shutting down and abandoning module ShaderFormatOpenGL (50)
[2018.05.29-07.53.33:555][332]LogModuleManager: Shutting down and abandoning module ShaderFormatD3D (49)
[2018.05.29-07.53.33:555][332]LogModuleManager: Shutting down and abandoning module MetalShaderFormat (48)
[2018.05.29-07.53.33:555][332]LogModuleManager: Shutting down and abandoning module TextureFormatUncompressed (47)
[2018.05.29-07.53.33:555][332]LogModuleManager: Shutting down and abandoning module TextureFormatPVR (46)
[2018.05.29-07.53.33:555][332]LogModuleManager: Shutting down and abandoning module TextureFormatIntelISPCTexComp (45)
[2018.05.29-07.53.33:555][332]LogModuleManager: Shutting down and abandoning module TextureFormatDXT (44)
[2018.05.29-07.53.33:555][332]LogModuleManager: Shutting down and abandoning module ImageWrapper (43)
[2018.05.29-07.53.33:555][332]LogModuleManager: Shutting down and abandoning module TextureFormatASTC (42)
[2018.05.29-07.53.33:555][332]LogModuleManager: Shutting down and abandoning module TextureFormatAndroid (41)
[2018.05.29-07.53.33:555][332]LogModuleManager: Shutting down and abandoning module AudioFormatOpus (40)
[2018.05.29-07.53.33:555][332]LogModuleManager: Shutting down and abandoning module AudioFormatOgg (39)
[2018.05.29-07.53.33:555][332]LogModuleManager: Shutting down and abandoning module AudioFormatADPCM (38)
[2018.05.29-07.53.33:555][332]LogModuleManager: Shutting down and abandoning module LinuxTargetPlatform (37)
[2018.05.29-07.53.33:555][332]LogModuleManager: Shutting down and abandoning module LinuxServerTargetPlatform (36)
[2018.05.29-07.53.33:555][332]LogModuleManager: Shutting down and abandoning module LinuxNoEditorTargetPlatform (35)
[2018.05.29-07.53.33:555][332]LogModuleManager: Shutting down and abandoning module Messaging (34)
[2018.05.29-07.53.33:555][332]LogModuleManager: Shutting down and abandoning module IOSTargetPlatform (33)
[2018.05.29-07.53.33:555][332]LogModuleManager: Shutting down and abandoning module HTML5TargetPlatform (32)
[2018.05.29-07.53.33:555][332]LogModuleManager: Shutting down and abandoning module Android_PVRTCTargetPlatform (31)
[2018.05.29-07.53.33:555][332]LogModuleManager: Shutting down and abandoning module Android_ETC2TargetPlatform (30)
[2018.05.29-07.53.33:555][332]LogModuleManager: Shutting down and abandoning module Android_ETC1TargetPlatform (29)
[2018.05.29-07.53.33:555][332]LogModuleManager: Shutting down and abandoning module Android_ES31TargetPlatform (28)
[2018.05.29-07.53.33:555][332]LogModuleManager: Shutting down and abandoning module Android_DXTTargetPlatform (27)
[2018.05.29-07.53.33:555][332]LogModuleManager: Shutting down and abandoning module Android_ATCTargetPlatform (26)
[2018.05.29-07.53.33:555][332]LogModuleManager: Shutting down and abandoning module AndroidTargetPlatform (25)
[2018.05.29-07.53.33:555][332]LogModuleManager: Shutting down and abandoning module WindowsTargetPlatform (24)
[2018.05.29-07.53.33:555][332]LogModuleManager: Shutting down and abandoning module WindowsServerTargetPlatform (23)
[2018.05.29-07.53.33:555][332]LogModuleManager: Shutting down and abandoning module WindowsNoEditorTargetPlatform (22)
[2018.05.29-07.53.33:555][332]LogModuleManager: Shutting down and abandoning module WindowsClientTargetPlatform (21)
[2018.05.29-07.53.33:555][332]LogModuleManager: Shutting down and abandoning module TargetPlatform (20)
[2018.05.29-07.53.33:555][332]LogModuleManager: Shutting down and abandoning module InputCore (19)
[2018.05.29-07.53.33:555][332]LogModuleManager: Shutting down and abandoning module Settings (18)
[2018.05.29-07.53.33:555][332]LogModuleManager: Shutting down and abandoning module OnlineSubsystem (16)
[2018.05.29-07.53.33:555][332]LogModuleManager: Shutting down and abandoning module OculusRift (15)
[2018.05.29-07.53.33:555][332]LogModuleManager: Shutting down and abandoning module ExampleDeviceProfileSelector (14)
[2018.05.29-07.53.33:555][332]LogModuleManager: Shutting down and abandoning module TextureCompressor (13)
[2018.05.29-07.53.33:555][332]LogModuleManager: Shutting down and abandoning module ShaderCore (12)
[2018.05.29-07.53.33:555][332]LogModuleManager: Shutting down and abandoning module Landscape (11)
[2018.05.29-07.53.33:555][332]LogModuleManager: Shutting down and abandoning module SlateRHIRenderer (10)
[2018.05.29-07.53.33:556][332]LogModuleManager: Shutting down and abandoning module OpenGLDrv (9)
[2018.05.29-07.53.33:556][332]LogModuleManager: Shutting down and abandoning module D3D11RHI (8)
[2018.05.29-07.53.33:556][332]LogModuleManager: Shutting down and abandoning module Renderer (7)
[2018.05.29-07.53.33:556][332]LogModuleManager: Shutting down and abandoning module Engine (6)
[2018.05.29-07.53.33:556][332]LogModuleManager: Shutting down and abandoning module CoreUObject (5)
[2018.05.29-07.53.33:556][332]LogModuleManager: Shutting down and abandoning module NetworkFile (4)
[2018.05.29-07.53.33:556][332]LogModuleManager: Shutting down and abandoning module StreamingFile (3)
[2018.05.29-07.53.33:556][332]LogModuleManager: Shutting down and abandoning module SandboxFile (2)
[2018.05.29-07.53.33:556][332]LogModuleManager: Shutting down and abandoning module PakFile (1)
[2018.05.29-07.53.33:557][332]LogExit: Exiting.
[2018.05.29-07.53.33:569][332]Log file closed, 05/29/18 09:53:33
