Log file open, 05/28/18 13:21:05
LogWindows: Failed to load 'aqProf.dll' (GetLastError=126)
LogWindows: File 'aqProf.dll' does not exist
LogWindows: Failed to load 'VtuneApi.dll' (GetLastError=126)
LogWindows: File 'VtuneApi.dll' does not exist
LogWindows: Failed to load 'VtuneApi32e.dll' (GetLastError=126)
LogWindows: File 'VtuneApi32e.dll' does not exist
LogInit: Display: Running engine for game: SpelenInJeEentje
LogPlatformFile: Not using cached read wrapper
LogInit: Display: RandInit(-1772887231) SRandInit(-1772887231).
LogInit: Read version file with build ID '3944462'
LogInit: Overriding engine version to CL 4033788, compatible CL 3944462
LogInit: Registered custom module enumerator with build ID '3944462'
LogTaskGraph: Started task graph with 5 named threads and 23 total threads with 3 sets of task threads.
LogStats: Stats thread started at 0.303630
LogD3D11RHI: Aftermath initialized
LogICUInternationalization: Display: ICU TimeZone Detection - Raw Offset: +1:00, Platform Override: ''
LogModuleManager: Display: Found up-to-date module file ../../../Engine/Plugins/Runtime/LeapMotion/Binaries/Win64/UE4Editor-LeapMotion.dll (API version 3944462).
LogModuleManager: Display: Found up-to-date module file ../../../Engine/Plugins/2D/Paper2D/Binaries/Win64/UE4Editor-Paper2D.dll (API version 3944462).
LogModuleManager: Display: Found up-to-date module file ../../../Engine/Plugins/2D/Paper2D/Binaries/Win64/UE4Editor-Paper2DEditor.dll (API version 3944462).
LogModuleManager: Display: Found up-to-date module file ../../../Engine/Plugins/2D/Paper2D/Binaries/Win64/UE4Editor-PaperSpriteSheetImporter.dll (API version 3944462).
LogModuleManager: Display: Found up-to-date module file ../../../Engine/Plugins/2D/Paper2D/Binaries/Win64/UE4Editor-PaperTiledImporter.dll (API version 3944462).
LogModuleManager: Display: Found up-to-date module file ../../../Engine/Plugins/2D/Paper2D/Binaries/Win64/UE4Editor-SmartSnapping.dll (API version 3944462).
LogModuleManager: Display: Found up-to-date module file ../../../Engine/Plugins/Blendables/LightPropagationVolume/Binaries/Win64/UE4Editor-LightPropagationVolumeRuntime.dll (API version 3944462).
LogModuleManager: Display: Found up-to-date module file ../../../Engine/Plugins/Blendables/LightPropagationVolume/Binaries/Win64/UE4Editor-LightPropagationVolumeEditor.dll (API version 3944462).
LogModuleManager: Display: Found up-to-date module file ../../../Engine/Plugins/Developer/CLionSourceCodeAccess/Binaries/Win64/UE4Editor-CLionSourceCodeAccess.dll (API version 3944462).
LogModuleManager: Display: Found up-to-date module file ../../../Engine/Plugins/Developer/GitSourceControl/Binaries/Win64/UE4Editor-GitSourceControl.dll (API version 3944462).
LogModuleManager: Display: Found up-to-date module file ../../../Engine/Plugins/Developer/PerforceSourceControl/Binaries/Win64/UE4Editor-PerforceSourceControl.dll (API version 3944462).
LogModuleManager: Display: Found up-to-date module file ../../../Engine/Plugins/Developer/SubversionSourceControl/Binaries/Win64/UE4Editor-SubversionSourceControl.dll (API version 3944462).
LogModuleManager: Display: Found up-to-date module file ../../../Engine/Plugins/Developer/UObjectPlugin/Binaries/Win64/UE4Editor-UObjectPlugin.dll (API version 3944462).
LogModuleManager: Display: Found up-to-date module file ../../../Engine/Plugins/Developer/VisualStudioCodeSourceCodeAccess/Binaries/Win64/UE4Editor-VisualStudioCodeSourceCodeAccess.dll (API version 3944462).
LogModuleManager: Display: Found up-to-date module file ../../../Engine/Plugins/Developer/VisualStudioSourceCodeAccess/Binaries/Win64/UE4Editor-VisualStudioSourceCodeAccess.dll (API version 3944462).
LogModuleManager: Display: Found up-to-date module file ../../../Engine/Plugins/Editor/AssetManagerEditor/Binaries/Win64/UE4Editor-AssetManagerEditor.dll (API version 3944462).
LogModuleManager: Display: Found up-to-date module file ../../../Engine/Plugins/Editor/CryptoKeys/Binaries/Win64/UE4Editor-CryptoKeys.dll (API version 3944462).
LogModuleManager: Display: Found up-to-date module file ../../../Engine/Plugins/Editor/CryptoKeys/Binaries/Win64/UE4Editor-CryptoKeysOpenSSL.dll (API version 3944462).
LogModuleManager: Display: Found up-to-date module file ../../../Engine/Plugins/Editor/DataValidation/Binaries/Win64/UE4Editor-DataValidation.dll (API version 3944462).
LogModuleManager: Display: Found up-to-date module file ../../../Engine/Plugins/Editor/FacialAnimation/Binaries/Win64/UE4Editor-FacialAnimation.dll (API version 3944462).
LogModuleManager: Display: Found up-to-date module file ../../../Engine/Plugins/Editor/FacialAnimation/Binaries/Win64/UE4Editor-FacialAnimationEditor.dll (API version 3944462).
LogModuleManager: Display: Found up-to-date module file ../../../Engine/Plugins/Editor/GameplayTagsEditor/Binaries/Win64/UE4Editor-GameplayTagsEditor.dll (API version 3944462).
LogModuleManager: Display: Found up-to-date module file ../../../Engine/Plugins/Editor/MobileLauncherProfileWizard/Binaries/Win64/UE4Editor-MobileLauncherProfileWizard.dll (API version 3944462).
LogModuleManager: Display: Found up-to-date module file ../../../Engine/Plugins/Editor/PluginBrowser/Binaries/Win64/UE4Editor-PluginBrowser.dll (API version 3944462).
LogModuleManager: Display: Found up-to-date module file ../../../Engine/Plugins/Editor/SpeedTreeImporter/Binaries/Win64/UE4Editor-SpeedTreeImporter.dll (API version 3944462).
LogModuleManager: Display: Found up-to-date module file ../../../Engine/Plugins/Enterprise/DatasmithContent/Binaries/Win64/UE4Editor-DatasmithContent.dll (API version 3944462).
LogModuleManager: Display: Found up-to-date module file ../../../Engine/Plugins/Experimental/AlembicImporter/Binaries/Win64/UE4Editor-AlembicImporter.dll (API version 3944462).
LogModuleManager: Display: Found up-to-date module file ../../../Engine/Plugins/Experimental/AlembicImporter/Binaries/Win64/UE4Editor-AlembicLibrary.dll (API version 3944462).
LogModuleManager: Display: Found up-to-date module file ../../../Engine/Plugins/Experimental/CharacterAI/Binaries/Win64/UE4Editor-CharacterAI.dll (API version 3944462).
LogModuleManager: Display: Found up-to-date module file ../../../Engine/Plugins/Experimental/HTML5Networking/Binaries/Win64/UE4Editor-HTML5Networking.dll (API version 3944462).
LogModuleManager: Display: Found up-to-date module file ../../../Engine/Plugins/Media/AndroidMedia/Binaries/Win64/UE4Editor-AndroidMediaEditor.dll (API version 3944462).
LogModuleManager: Display: Found up-to-date module file ../../../Engine/Plugins/Media/AndroidMedia/Binaries/Win64/UE4Editor-AndroidMediaFactory.dll (API version 3944462).
LogModuleManager: Display: Found up-to-date module file ../../../Engine/Plugins/Media/AvfMedia/Binaries/Win64/UE4Editor-AvfMediaEditor.dll (API version 3944462).
LogModuleManager: Display: Found up-to-date module file ../../../Engine/Plugins/Media/AvfMedia/Binaries/Win64/UE4Editor-AvfMediaFactory.dll (API version 3944462).
LogModuleManager: Display: Found up-to-date module file ../../../Engine/Plugins/Media/AvfMedia/Binaries/Win64/UE4Editor-AvfMediaFactory.dll (API version 3944462).
LogModuleManager: Display: Found up-to-date module file ../../../Engine/Plugins/Media/ImgMedia/Binaries/Win64/UE4Editor-ImgMedia.dll (API version 3944462).
LogModuleManager: Display: Found up-to-date module file ../../../Engine/Plugins/Media/ImgMedia/Binaries/Win64/UE4Editor-ImgMediaEditor.dll (API version 3944462).
LogModuleManager: Display: Found up-to-date module file ../../../Engine/Plugins/Media/ImgMedia/Binaries/Win64/UE4Editor-ImgMediaFactory.dll (API version 3944462).
LogModuleManager: Display: Found up-to-date module file ../../../Engine/Plugins/Media/ImgMedia/Binaries/Win64/UE4Editor-ImgMediaFactory.dll (API version 3944462).
LogModuleManager: Display: Found up-to-date module file ../../../Engine/Plugins/Media/ImgMedia/Binaries/Win64/UE4Editor-OpenExrWrapper.dll (API version 3944462).
LogModuleManager: Display: Found up-to-date module file ../../../Engine/Plugins/Media/LinearTimecode/Binaries/Win64/UE4Editor-LinearTimecode.dll (API version 3944462).
LogModuleManager: Display: Found up-to-date module file ../../../Engine/Plugins/Media/MediaCompositing/Binaries/Win64/UE4Editor-MediaCompositing.dll (API version 3944462).
LogModuleManager: Display: Found up-to-date module file ../../../Engine/Plugins/Media/MediaCompositing/Binaries/Win64/UE4Editor-MediaCompositingEditor.dll (API version 3944462).
LogModuleManager: Display: Found up-to-date module file ../../../Engine/Plugins/Media/MediaPlayerEditor/Binaries/Win64/UE4Editor-MediaPlayerEditor.dll (API version 3944462).
LogModuleManager: Display: Found up-to-date module file ../../../Engine/Plugins/Media/WmfMedia/Binaries/Win64/UE4Editor-WmfMedia.dll (API version 3944462).
LogModuleManager: Display: Found up-to-date module file ../../../Engine/Plugins/Media/WmfMedia/Binaries/Win64/UE4Editor-WmfMediaEditor.dll (API version 3944462).
LogModuleManager: Display: Found up-to-date module file ../../../Engine/Plugins/Media/WmfMedia/Binaries/Win64/UE4Editor-WmfMediaFactory.dll (API version 3944462).
LogModuleManager: Display: Found up-to-date module file ../../../Engine/Plugins/Media/WmfMedia/Binaries/Win64/UE4Editor-WmfMediaFactory.dll (API version 3944462).
LogModuleManager: Display: Found up-to-date module file ../../../Engine/Plugins/Messaging/TcpMessaging/Binaries/Win64/UE4Editor-TcpMessaging.dll (API version 3944462).
LogModuleManager: Display: Found up-to-date module file ../../../Engine/Plugins/Messaging/UdpMessaging/Binaries/Win64/UE4Editor-UdpMessaging.dll (API version 3944462).
LogModuleManager: Display: Found up-to-date module file ../../../Engine/Plugins/MovieScene/ActorSequence/Binaries/Win64/UE4Editor-ActorSequence.dll (API version 3944462).
LogModuleManager: Display: Found up-to-date module file ../../../Engine/Plugins/MovieScene/LevelSequenceEditor/Binaries/Win64/UE4Editor-LevelSequenceEditor.dll (API version 3944462).
LogModuleManager: Display: Found up-to-date module file ../../../Engine/Plugins/MovieScene/MatineeToLevelSequence/Binaries/Win64/UE4Editor-MatineeToLevelSequence.dll (API version 3944462).
LogModuleManager: Display: Found up-to-date module file ../../../Engine/Plugins/NetcodeUnitTest/NetcodeUnitTest/Binaries/Win64/UE4Editor-NetcodeUnitTest.dll (API version 3944462).
LogModuleManager: Display: Found up-to-date module file ../../../Engine/Plugins/NetcodeUnitTest/NUTUnrealEngine4/Binaries/Win64/UE4Editor-NUTUnrealEngine4.dll (API version 3944462).
LogModuleManager: Display: Found up-to-date module file ../../../Engine/Plugins/Online/OnlineSubsystem/Binaries/Win64/UE4Editor-OnlineSubsystem.dll (API version 3944462).
LogModuleManager: Display: Found up-to-date module file ../../../Engine/Plugins/Runtime/AndroidPermission/Binaries/Win64/UE4Editor-AndroidPermission.dll (API version 3944462).
LogModuleManager: Display: Found up-to-date module file ../../../Engine/Plugins/Online/OnlineSubsystemNull/Binaries/Win64/UE4Editor-OnlineSubsystemNull.dll (API version 3944462).
LogModuleManager: Display: Found up-to-date module file ../../../Engine/Plugins/Online/OnlineSubsystemUtils/Binaries/Win64/UE4Editor-OnlineSubsystemUtils.dll (API version 3944462).
LogModuleManager: Display: Found up-to-date module file ../../../Engine/Plugins/Online/OnlineSubsystemUtils/Binaries/Win64/UE4Editor-OnlineBlueprintSupport.dll (API version 3944462).
LogModuleManager: Display: Found up-to-date module file ../../../Engine/Plugins/Runtime/AndroidDeviceProfileSelector/Binaries/Win64/UE4Editor-AndroidDeviceProfileSelector.dll (API version 3944462).
LogModuleManager: Display: Found up-to-date module file ../../../Engine/Plugins/Runtime/AppleARKit/Binaries/Win64/UE4Editor-AppleARKit.dll (API version 3944462).
LogModuleManager: Display: Found up-to-date module file ../../../Engine/Plugins/Runtime/ProceduralMeshComponent/Binaries/Win64/UE4Editor-ProceduralMeshComponent.dll (API version 3944462).
LogModuleManager: Display: Found up-to-date module file ../../../Engine/Plugins/Runtime/ProceduralMeshComponent/Binaries/Win64/UE4Editor-ProceduralMeshComponentEditor.dll (API version 3944462).
LogModuleManager: Display: Found up-to-date module file ../../../Engine/Plugins/Animation/LiveLink/Binaries/Win64/UE4Editor-LiveLink.dll (API version 3944462).
LogModuleManager: Display: Found up-to-date module file ../../../Engine/Plugins/Animation/LiveLink/Binaries/Win64/UE4Editor-LiveLinkEditor.dll (API version 3944462).
LogModuleManager: Display: Found up-to-date module file ../../../Engine/Plugins/Runtime/ArchVisCharacter/Binaries/Win64/UE4Editor-ArchVisCharacter.dll (API version 3944462).
LogModuleManager: Display: Found up-to-date module file ../../../Engine/Plugins/Runtime/AudioCapture/Binaries/Win64/UE4Editor-AudioCapture.dll (API version 3944462).
LogModuleManager: Display: Found up-to-date module file ../../../Engine/Plugins/Runtime/AudioCapture/Binaries/Win64/UE4Editor-AudioCaptureEditor.dll (API version 3944462).
LogModuleManager: Display: Found up-to-date module file ../../../Engine/Plugins/Runtime/CableComponent/Binaries/Win64/UE4Editor-CableComponent.dll (API version 3944462).
LogModuleManager: Display: Found up-to-date module file ../../../Engine/Plugins/Runtime/CustomMeshComponent/Binaries/Win64/UE4Editor-CustomMeshComponent.dll (API version 3944462).
LogModuleManager: Display: Found up-to-date module file ../../../Engine/Plugins/Runtime/ExampleDeviceProfileSelector/Binaries/Win64/UE4Editor-ExampleDeviceProfileSelector.dll (API version 3944462).
LogModuleManager: Display: Found up-to-date module file ../../../Engine/Plugins/Runtime/ImmediatePhysics/Binaries/Win64/UE4Editor-ImmediatePhysics.dll (API version 3944462).
LogModuleManager: Display: Found up-to-date module file ../../../Engine/Plugins/Runtime/ImmediatePhysics/Binaries/Win64/UE4Editor-ImmediatePhysicsEditor.dll (API version 3944462).
LogModuleManager: Display: Found up-to-date module file ../../../Engine/Plugins/Runtime/LocationServicesBPLibrary/Binaries/Win64/UE4Editor-LocationServicesBPLibrary.dll (API version 3944462).
LogModuleManager: Display: Found up-to-date module file ../../../Engine/Plugins/Runtime/MobilePatchingUtils/Binaries/Win64/UE4Editor-MobilePatchingUtils.dll (API version 3944462).
LogModuleManager: Display: Found up-to-date module file ../../../Engine/Plugins/Runtime/Oculus/OculusVR/Binaries/Win64/UE4Editor-OculusHMD.dll (API version 3944462).
LogModuleManager: Display: Found up-to-date module file ../../../Engine/Plugins/Runtime/Oculus/OculusVR/Binaries/Win64/UE4Editor-OculusInput.dll (API version 3944462).
LogModuleManager: Display: Found up-to-date module file ../../../Engine/Plugins/Runtime/Oculus/OculusVR/Binaries/Win64/UE4Editor-OculusEditor.dll (API version 3944462).
LogModuleManager: Display: Found up-to-date module file ../../../Engine/Plugins/Runtime/PhysXVehicles/Binaries/Win64/UE4Editor-PhysXVehicles.dll (API version 3944462).
LogModuleManager: Display: Found up-to-date module file ../../../Engine/Plugins/Runtime/PhysXVehicles/Binaries/Win64/UE4Editor-PhysXVehiclesEditor.dll (API version 3944462).
LogModuleManager: Display: Found up-to-date module file ../../../Engine/Plugins/Runtime/RuntimePhysXCooking/Binaries/Win64/UE4Editor-RuntimePhysXCooking.dll (API version 3944462).
LogModuleManager: Display: Found up-to-date module file ../../../Engine/Plugins/Runtime/Steam/SteamVR/Binaries/Win64/UE4Editor-SteamVR.dll (API version 3944462).
LogModuleManager: Display: Found up-to-date module file ../../../Engine/Plugins/Runtime/Steam/SteamVR/Binaries/Win64/UE4Editor-SteamVRController.dll (API version 3944462).
LogModuleManager: Display: Found up-to-date module file ../../../Engine/Plugins/Runtime/WindowsMoviePlayer/Binaries/Win64/UE4Editor-WindowsMoviePlayer.dll (API version 3944462).
LogPluginManager: Mounting plugin Paper2D
LogPluginManager: Mounting plugin LiveLink
LogPluginManager: Mounting plugin LightPropagationVolume
LogPluginManager: Mounting plugin CLionSourceCodeAccess
LogPluginManager: Mounting plugin CodeLiteSourceCodeAccess
LogPluginManager: Mounting plugin GitSourceControl
LogPluginManager: Mounting plugin KDevelopSourceCodeAccess
LogPluginManager: Mounting plugin NullSourceCodeAccess
LogPluginManager: Mounting plugin PerforceSourceControl
LogPluginManager: Mounting plugin SubversionSourceControl
LogPluginManager: Mounting plugin UObjectPlugin
LogPluginManager: Mounting plugin VisualStudioCodeSourceCodeAccess
LogPluginManager: Mounting plugin VisualStudioSourceCodeAccess
LogPluginManager: Mounting plugin XCodeSourceCodeAccess
LogPluginManager: Mounting plugin AssetManagerEditor
LogPluginManager: Mounting plugin CryptoKeys
LogPluginManager: Mounting plugin DataValidation
LogPluginManager: Mounting plugin FacialAnimation
LogPluginManager: Mounting plugin GameplayTagsEditor
LogPluginManager: Mounting plugin MobileLauncherProfileWizard
LogPluginManager: Mounting plugin PluginBrowser
LogPluginManager: Mounting plugin SpeedTreeImporter
LogPluginManager: Mounting plugin DatasmithContent
LogPluginManager: Mounting plugin AlembicImporter
LogPluginManager: Mounting plugin CharacterAI
LogPluginManager: Mounting plugin HTML5Networking
LogPluginManager: Mounting plugin AndroidMedia
LogPluginManager: Mounting plugin AvfMedia
LogPluginManager: Mounting plugin ImgMedia
LogPluginManager: Mounting plugin LinearTimecode
LogPluginManager: Mounting plugin MediaCompositing
LogPluginManager: Mounting plugin MediaPlayerEditor
LogPluginManager: Mounting plugin WmfMedia
LogPluginManager: Mounting plugin TcpMessaging
LogPluginManager: Mounting plugin UdpMessaging
LogPluginManager: Mounting plugin ActorSequence
LogPluginManager: Mounting plugin LevelSequenceEditor
LogPluginManager: Mounting plugin MatineeToLevelSequence
LogPluginManager: Mounting plugin NetcodeUnitTest
LogPluginManager: Mounting plugin NUTUnrealEngine4
LogPluginManager: Mounting plugin OnlineSubsystemGooglePlay
LogPluginManager: Mounting plugin OnlineSubsystemIOS
LogPluginManager: Mounting plugin OnlineSubsystem
LogPluginManager: Mounting plugin OnlineSubsystemNull
LogPluginManager: Mounting plugin OnlineSubsystemUtils
LogPluginManager: Mounting plugin AndroidDeviceProfileSelector
LogPluginManager: Mounting plugin AndroidMoviePlayer
LogPluginManager: Mounting plugin AndroidPermission
LogPluginManager: Mounting plugin AppleARKit
LogPluginManager: Mounting plugin AppleMoviePlayer
LogPluginManager: Mounting plugin ArchVisCharacter
LogPluginManager: Mounting plugin AudioCapture
LogPluginManager: Mounting plugin CableComponent
LogPluginManager: Mounting plugin CustomMeshComponent
LogPluginManager: Mounting plugin ExampleDeviceProfileSelector
LogPluginManager: Mounting plugin GoogleCloudMessaging
LogPluginManager: Mounting plugin ImmediatePhysics
LogPluginManager: Mounting plugin IOSDeviceProfileSelector
LogPluginManager: Mounting plugin LeapMotion
LogPluginManager: Mounting plugin LinuxDeviceProfileSelector
LogPluginManager: Mounting plugin LocationServicesBPLibrary
LogPluginManager: Mounting plugin MobilePatchingUtils
LogPluginManager: Mounting plugin OculusVR
LogPluginManager: Plugin shader directory ../../../Engine/Plugins/Runtime/Oculus/OculusVR/Shaders found
LogPluginManager: Mapping shader source directory ../../../Engine/Plugins/Runtime/Oculus/OculusVR/Shaders to virtual directory /Plugin/OculusVR
LogPluginManager: Mounting plugin PhysXVehicles
LogPluginManager: Mounting plugin ProceduralMeshComponent
LogPluginManager: Mounting plugin RuntimePhysXCooking
LogPluginManager: Mounting plugin SteamVR
LogPluginManager: Mounting plugin WindowsMoviePlayer
LogStreaming: Display: Took  1.534s to configure plugins.
LogInit: Using libcurl 7.47.1
LogInit:  - built for x86_64-pc-win32
LogInit:  - supports SSL with OpenSSL/1.0.2g
LogInit:  - supports HTTP deflate (compression) using libz 1.2.8
LogInit:  - other features:
LogInit:      CURL_VERSION_SSL
LogInit:      CURL_VERSION_LIBZ
LogInit:      CURL_VERSION_IPV6
LogInit:      CURL_VERSION_ASYNCHDNS
LogInit:      CURL_VERSION_LARGEFILE
LogInit:      CURL_VERSION_IDN
LogInit:  CurlRequestOptions (configurable via config and command line):
LogInit:  - bVerifyPeer = false  - Libcurl will NOT verify peer certificate
LogInit:  - bUseHttpProxy = false  - Libcurl will NOT use HTTP proxy
LogInit:  - bDontReuseConnections = false  - Libcurl will reuse connections
LogInit:  - CertBundlePath = nullptr  - Libcurl will use whatever was configured at build time.
LogInit:  - MaxHostConnections = 16  - Libcurl will limit the number of connections to a host
LogInit:  - LocalHostAddr = Default
LogInit: WinSock: version 1.1 (2.2), MaxSocks=32767, MaxUdp=65467
LogInit: WinSock: I am DESKTOP-LBAA43C (192.168.222.1:0)
LeapPluginLog: Using LeapPlugin version 2.0.0
LogInit: Build: ++UE4+Release-4.19-CL-4033788
LogInit: Engine Version: 4.19.2-4033788+++UE4+Release-4.19
LogInit: Compatible Engine Version: 4.19.0-3944462+++UE4+Release-4.19
LogInit: Net CL: 3944462
LogDevObjectVersion: Number of dev versions registered: 18
LogDevObjectVersion:   Dev-Blueprints (B0D832E4-1F89-4F0D-ACCF-7EB736FD4AA2): 10
LogDevObjectVersion:   Dev-Build (E1C64328-A22C-4D53-A36C-8E866417BD8C): 0
LogDevObjectVersion:   Dev-Core (375EC13C-06E4-48FB-B500-84F0262A717E): 2
LogDevObjectVersion:   Dev-Editor (E4B068ED-F494-42E9-A231-DA0B2E46BB41): 23
LogDevObjectVersion:   Dev-Framework (CFFC743F-43B0-4480-9391-14DF171D2073): 33
LogDevObjectVersion:   Dev-Mobile (B02B49B5-BB20-44E9-A304-32B752E40360): 2
LogDevObjectVersion:   Dev-Networking (A4E4105C-59A1-49B5-A7C5-40C4547EDFEE): 0
LogDevObjectVersion:   Dev-Online (39C831C9-5AE6-47DC-9A44-9C173E1C8E7C): 0
LogDevObjectVersion:   Dev-Physics (78F01B33-EBEA-4F98-B9B4-84EACCB95AA2): 0
LogDevObjectVersion:   Dev-Platform (6631380F-2D4D-43E0-8009-CF276956A95A): 0
LogDevObjectVersion:   Dev-Rendering (12F88B9F-8875-4AFC-A67C-D90C383ABD29): 25
LogDevObjectVersion:   Dev-Sequencer (7B5AE74C-D270-4C10-A958-57980B212A5A): 6
LogDevObjectVersion:   Dev-VR (D7296918-1DD6-4BDD-9DE2-64A83CC13884): 1
LogDevObjectVersion:   Dev-LoadTimes (C2A15278-BFE7-4AFE-6C17-90FF531DF755): 1
LogDevObjectVersion:   Private-Geometry (6EACA3D4-40EC-4CC1-B786-8BED09428FC5): 2
LogDevObjectVersion:   Dev-AnimPhys (29E575DD-E0A3-4627-9D10-D276232CDCEA): 16
LogDevObjectVersion:   Dev-ReflectionCapture (6B266CEC-1EC7-4B8F-A30B-E4D90942FC07): 1
LogDevObjectVersion:   Dev-Automation (0DF73D61-A23F-47EA-B727-89E90C41499A): 1
LogInit: Compiled (64-bit): Apr 27 2018 02:06:57
LogInit: Compiled with Visual C++: 19.00.24215.01
LogInit: Build Configuration: Development
LogInit: Branch Name: ++UE4+Release-4.19
LogInit: Command Line:  
LogInit: Base Directory: C:/Program Files/Epic Games/UE_4.19/Engine/Binaries/Win64/
LogInit: Installed Engine Build: 1
LogStreaming: Display: Took  0.002s to delete old logs.
LogInit: Presizing for max 8388607 objects, including 0 objects not considered by GC, pre-allocating 0 bytes for permanent pool.
LogInit: Object subsystem initialized
[2018.05.28-11.21.07:184][  0]LogInit: Selected Device Profile: [Windows]
[2018.05.28-11.21.07:184][  0]LogInit: Applying CVar settings loaded from the selected device profile: [Windows]
[2018.05.28-11.21.07:204][  0]LogInit: Computer: DESKTOP-LBAA43C
[2018.05.28-11.21.07:205][  0]LogInit: User: FloydLehman
[2018.05.28-11.21.07:205][  0]LogInit: CPU Page size=4096, Cores=4
[2018.05.28-11.21.07:205][  0]LogInit: High frequency timer resolution =2.742189 MHz
[2018.05.28-11.21.07:205][  0]LogMemory: Memory total: Physical=7.9GB (8GB approx)
[2018.05.28-11.21.07:205][  0]LogMemory: Platform Memory Stats for Windows
[2018.05.28-11.21.07:205][  0]LogMemory: Process Physical Memory: 276.37 MB used, 276.37 MB peak
[2018.05.28-11.21.07:205][  0]LogMemory: Process Virtual Memory: 266.18 MB used, 266.18 MB peak
[2018.05.28-11.21.07:205][  0]LogMemory: Physical Memory: 4584.26 MB used,  3458.65 MB free, 8042.91 MB total
[2018.05.28-11.21.07:205][  0]LogMemory: Virtual Memory: 713.03 MB used,  3458.65 MB free, 134217728.00 MB total
[2018.05.28-11.21.07:668][  0]LogInit: Using OS detected language (nl-NL).
[2018.05.28-11.21.07:668][  0]LogInit: Using OS detected locale (nl-NL).
[2018.05.28-11.21.07:682][  0]LogTextLocalizationManager: No localization for 'nl-NL' exists, so 'en' will be used for the language.
[2018.05.28-11.21.08:216][  0]LogStreaming: Display: Took  0.548s to EndInitTextLocalization.
[2018.05.28-11.21.08:217][  0]LogInit: Setting process to per monitor DPI aware
[2018.05.28-11.21.08:290][  0]LogSlate: New Slate User Created.  User Index 0, Is Virtual User: 0
[2018.05.28-11.21.08:290][  0]LogSlate: Slate User Registered.  User Index 0, Is Virtual User: 0
[2018.05.28-11.21.08:721][  0]LogD3D11RHI: D3D11 adapters:
[2018.05.28-11.21.08:800][  0]LogD3D11RHI:    0. 'NVIDIA GeForce GTX 1060' (Feature Level 11_0)
[2018.05.28-11.21.08:800][  0]LogD3D11RHI:       3019/0/3974 MB DedicatedVideo/DedicatedSystem/SharedSystem, Outputs:1, VendorId:0x10de
[2018.05.28-11.21.08:818][  0]LogD3D11RHI:    1. 'Intel(R) HD Graphics 630' (Feature Level 11_0)
[2018.05.28-11.21.08:818][  0]LogD3D11RHI:       128/0/3974 MB DedicatedVideo/DedicatedSystem/SharedSystem, Outputs:0, VendorId:0x8086
[2018.05.28-11.21.08:820][  0]LogD3D11RHI:    2. 'Microsoft Basic Render Driver' (Feature Level 11_0)
[2018.05.28-11.21.08:820][  0]LogD3D11RHI:       0/0/3974 MB DedicatedVideo/DedicatedSystem/SharedSystem, Outputs:0, VendorId:0x1414
[2018.05.28-11.21.08:820][  0]LogD3D11RHI: Chosen D3D11 Adapter: 0
[2018.05.28-11.21.08:831][  0]LogD3D11RHI: Creating new Direct3DDevice
[2018.05.28-11.21.08:831][  0]LogD3D11RHI:     GPU DeviceId: 0x1c20 (for the marketing name, search the web for "GPU Device Id")
[2018.05.28-11.21.08:831][  0]LogWindows: EnumDisplayDevices:
[2018.05.28-11.21.08:831][  0]LogWindows:    0. 'Intel(R) HD Graphics 630' (P:1 D:1)
[2018.05.28-11.21.08:831][  0]LogWindows:    1. 'Intel(R) HD Graphics 630' (P:0 D:0)
[2018.05.28-11.21.08:832][  0]LogWindows:    2. 'Intel(R) HD Graphics 630' (P:0 D:0)
[2018.05.28-11.21.08:832][  0]LogWindows:    3. 'NVIDIA GeForce GTX 1060' (P:0 D:0)
[2018.05.28-11.21.08:832][  0]LogWindows:    4. 'NVIDIA GeForce GTX 1060' (P:0 D:0)
[2018.05.28-11.21.08:832][  0]LogWindows:    5. 'NVIDIA GeForce GTX 1060' (P:0 D:0)
[2018.05.28-11.21.08:832][  0]LogWindows:    6. 'NVIDIA GeForce GTX 1060' (P:0 D:0)
[2018.05.28-11.21.08:832][  0]LogWindows: DebugString: PrimaryIsNotTheChoosenAdapter PrimaryIsNotTheChoosenAdapter PrimaryIsNotTheChoosenAdapter FoundDriverCount:4 
[2018.05.28-11.21.08:832][  0]LogD3D11RHI:     Adapter Name: NVIDIA GeForce GTX 1060
[2018.05.28-11.21.08:833][  0]LogD3D11RHI:   Driver Version: 382.05 (internal:22.21.13.8205, unified:382.05)
[2018.05.28-11.21.08:833][  0]LogD3D11RHI:      Driver Date: 5-1-2017
[2018.05.28-11.21.08:833][  0]LogRHI: Texture pool is 2113 MB (70% of 3019 MB)
[2018.05.28-11.21.08:869][  0]LogD3D11RHI: [Aftermath] Aftermath enabled but failed to initialize
[2018.05.28-11.21.08:869][  0]LogD3D11RHI: [Aftermath] Aftermath enabled and primed
[2018.05.28-11.21.08:870][  0]LogD3D11RHI: Async texture creation enabled
[2018.05.28-11.21.08:906][  0]LogD3D11RHI: GPU Timing Frequency: 1000.000000 (Debug: 2 1)
[2018.05.28-11.21.08:916][  0]LogShaderCompilers: Guid format shader working directory is -66 characters bigger than the processId version (../../../../../../Users/Floyd Lehman/Documents/School/bewijzenmap/Schooljaar 2/p2.4/IDP/speelMetJezelf/SpelenInJeEentje/Intermediate/Shaders/WorkingDirectory/3620/).
[2018.05.28-11.21.08:917][  0]LogShaderCompilers: Cleaned the shader compiler working directory 'C:/Users/Floyd Lehman/AppData/Local/Temp/UnrealShaderWorkingDir/A2B54BDC4F4675BD58CE67AE8C2C9D5C/'.
[2018.05.28-11.21.09:312][  0]LogTemp: Display: Loaded TP AllDesktopTargetPlatform
[2018.05.28-11.21.09:328][  0]LogTemp: Display: Loaded TP MacClientTargetPlatform
[2018.05.28-11.21.09:344][  0]LogTemp: Display: Loaded TP MacNoEditorTargetPlatform
[2018.05.28-11.21.09:360][  0]LogTemp: Display: Loaded TP MacServerTargetPlatform
[2018.05.28-11.21.09:378][  0]LogTemp: Display: Loaded TP MacTargetPlatform
[2018.05.28-11.21.09:395][  0]LogTemp: Display: Loaded TP WindowsClientTargetPlatform
[2018.05.28-11.21.09:411][  0]LogTemp: Display: Loaded TP WindowsNoEditorTargetPlatform
[2018.05.28-11.21.09:428][  0]LogTemp: Display: Loaded TP WindowsServerTargetPlatform
[2018.05.28-11.21.09:437][  0]LogTemp: Display: Loaded TP WindowsTargetPlatform
[2018.05.28-11.21.09:454][  0]LogTemp: Display: Loaded TP Android_ASTCTargetPlatform
[2018.05.28-11.21.09:469][  0]LogTemp: Display: Loaded TP Android_ATCTargetPlatform
[2018.05.28-11.21.09:488][  0]LogTemp: Display: Loaded TP Android_DXTTargetPlatform
[2018.05.28-11.21.09:504][  0]LogTemp: Display: Loaded TP Android_ETC1aTargetPlatform
[2018.05.28-11.21.09:518][  0]LogTemp: Display: Loaded TP Android_ETC1TargetPlatform
[2018.05.28-11.21.09:533][  0]LogTemp: Display: Loaded TP Android_ETC2TargetPlatform
[2018.05.28-11.21.09:566][  0]LogTemp: Display: Loaded TP Android_MultiTargetPlatform
[2018.05.28-11.21.09:566][  0]LogTemp: Display: Loaded TP Android_PVRTCTargetPlatform
[2018.05.28-11.21.09:580][  0]LogTemp: Display: Loaded TP AndroidTargetPlatform
[2018.05.28-11.21.09:583][  0]LogTemp: Display: Loaded TP HTML5TargetPlatform
[2018.05.28-11.21.09:629][  0]LogTemp: Display: Loaded TP IOSTargetPlatform
[2018.05.28-11.21.09:645][  0]LogTemp: Display: Loaded TP TVOSTargetPlatform
[2018.05.28-11.21.09:663][  0]LogTemp: Display: Loaded TP LinuxClientTargetPlatform
[2018.05.28-11.21.09:680][  0]LogTemp: Display: Loaded TP LinuxNoEditorTargetPlatform
[2018.05.28-11.21.09:696][  0]LogTemp: Display: Loaded TP LinuxServerTargetPlatform
[2018.05.28-11.21.09:713][  0]LogTemp: Display: Loaded TP LinuxTargetPlatform
[2018.05.28-11.21.09:714][  0]LogTargetPlatformManager: Display: Building Assets For Windows
[2018.05.28-11.21.09:924][  0]LogXGEController: Cleaning working directory: C:/Users/Floyd Lehman/AppData/Local/Temp/UnrealXGEWorkingDir/
[2018.05.28-11.21.09:924][  0]LogXGEController: Cannot use XGE Controller as Incredibuild is not installed on this machine.
[2018.05.28-11.21.09:925][  0]LogShaderCompilers: Cannot use XGE Shader Compiler as Incredibuild is not installed on this machine.
[2018.05.28-11.21.09:925][  0]LogShaderCompilers: Display: Using Local Shader Compiler.
[2018.05.28-11.21.11:039][  0]LogDerivedDataCache: Display: Max Cache Size: 512 MB
[2018.05.28-11.21.11:345][  0]LogDerivedDataCache: Loaded boot cache 0.31s 74MB C:/Users/Floyd Lehman/AppData/Local/UnrealEngine/4.19/DerivedDataCache/Boot.ddc.
[2018.05.28-11.21.11:345][  0]LogDerivedDataCache: Display: Loaded Boot cache: C:/Users/Floyd Lehman/AppData/Local/UnrealEngine/4.19/DerivedDataCache/Boot.ddc
[2018.05.28-11.21.11:346][  0]LogDerivedDataCache: FDerivedDataBackendGraph:  Pak pak cache file ../../../../../../Users/Floyd Lehman/Documents/School/bewijzenmap/Schooljaar 2/p2.4/IDP/speelMetJezelf/SpelenInJeEentje/DerivedDataCache/DDC.ddp not found, will not use a pak cache.
[2018.05.28-11.21.11:346][  0]LogDerivedDataCache: Unable to find inner node Pak for hierarchical cache Hierarchy.
[2018.05.28-11.21.11:346][  0]LogDerivedDataCache: FDerivedDataBackendGraph:  CompressedPak pak cache file ../../../../../../Users/Floyd Lehman/Documents/School/bewijzenmap/Schooljaar 2/p2.4/IDP/speelMetJezelf/SpelenInJeEentje/DerivedDataCache/Compressed.ddp not found, will not use a pak cache.
[2018.05.28-11.21.11:346][  0]LogDerivedDataCache: Unable to find inner node CompressedPak for hierarchical cache Hierarchy.
[2018.05.28-11.21.11:372][  0]LogDerivedDataCache: Display: Pak cache opened for reading ../../../Engine/DerivedDataCache/Compressed.ddp.
[2018.05.28-11.21.11:385][  0]LogDerivedDataCache: Using Local data cache path C:/Users/Floyd Lehman/AppData/Local/UnrealEngine/Common/DerivedDataCache: Writable
[2018.05.28-11.21.11:385][  0]LogDerivedDataCache: Shared data cache path not found in *engine.ini, will not use an Shared cache.
[2018.05.28-11.21.11:385][  0]LogDerivedDataCache: Unable to find inner node Shared for hierarchical cache Hierarchy.
[2018.05.28-11.21.11:406][  0]LogMaterial: Verifying Global Shaders for PCD3D_SM5
[2018.05.28-11.21.11:412][  0]LogSlate: Using Freetype 2.6.0
[2018.05.28-11.21.11:416][  0]LogSlate: SlateFontCache - WITH_FREETYPE: 1, WITH_HARFBUZZ: 1
[2018.05.28-11.21.11:416][  0]LogSlate: SlateFontCache - WITH_FREETYPE: 1, WITH_HARFBUZZ: 1
[2018.05.28-11.21.11:911][  0]LogAssetRegistry: FAssetRegistry took 0.0319 seconds to start up
[2018.05.28-11.21.12:576][  0]LogInit: Selected Device Profile: [Windows]
[2018.05.28-11.21.12:883][  0]LogSimplygon: Simplygon DLL not present - disabling.
[2018.05.28-11.21.12:892][  0]LogMeshReduction: Using SimplygonSwarm for distributed automatic mesh merging
[2018.05.28-11.21.12:892][  0]LogMeshReduction: Using QuadricMeshReduction for automatic static mesh reduction
[2018.05.28-11.21.12:892][  0]LogMeshReduction: No automatic skeletal mesh reduction module available
[2018.05.28-11.21.12:892][  0]LogMeshReduction: No automatic mesh merging module available
[2018.05.28-11.21.12:892][  0]LogMeshMerging: No automatic mesh merging module available
[2018.05.28-11.21.12:959][  0]LogNetVersion: SpelenInJeEentje , NetCL: 3944462, EngineNetVer: 2, GameNetVer: 0 (Checksum: 3777469464)
[2018.05.28-11.21.13:859][  0]LogPackageLocalizationCache: Processed 10 localized package path(s) for 1 prioritized culture(s) in 0.076005 seconds
[2018.05.28-11.21.13:868][  0]LogUObjectArray: 37413 objects as part of root set at end of initial load.
[2018.05.28-11.21.13:868][  0]LogUObjectAllocator: 7430992 out of 0 bytes used by permanent object pool.
[2018.05.28-11.21.13:868][  0]LogUObjectArray: CloseDisregardForGC: 0/0 objects in disregard for GC pool
[2018.05.28-11.21.17:157][  0]LogTcpMessaging: Initializing TcpMessaging bridge
[2018.05.28-11.21.17:196][  0]LogUdpMessaging: Initializing bridge on interface 0.0.0.0:0 to multicast group 230.0.0.1:6666.
[2018.05.28-11.21.17:697][  0]SourceControl: Source control is disabled
[2018.05.28-11.21.17:698][  0]SourceControl: Source control is disabled
[2018.05.28-11.21.17:733][  0]SourceControl: Source control is disabled
[2018.05.28-11.21.17:764][  0]SourceControl: Source control is disabled
[2018.05.28-11.21.18:472][  0]LogAndroidPermission: UAndroidPermissionCallbackProxy::GetInstance
[2018.05.28-11.21.18:720][  0]LogOcInput: OculusInput pre-init called
[2018.05.28-11.21.18:883][  0]LogEngine: Initializing Engine...
[2018.05.28-11.21.18:887][  0]LogHMD: Failed to initialize OpenVR with code 101
[2018.05.28-11.21.18:890][  0]LogStats: UGameplayTagsManager::ConstructGameplayTagTree: Construct from data asset -  0.000 s
[2018.05.28-11.21.18:890][  0]LogStats: UGameplayTagsManager::ConstructGameplayTagTree: GameplayTagTreeChangedEvent.Broadcast -  0.000 s
[2018.05.28-11.21.19:284][  0]LogAIModule: Creating AISystem for world Untitled
[2018.05.28-11.21.19:315][  0]LogInit: XAudio2 using 'Luidsprekers (Realtek High Definition Audio)' : 6 channels at 48 kHz using 32 bits per sample (channel mask 0x3f)
[2018.05.28-11.21.19:724][  0]LogInit: FAudioDevice initialized.
[2018.05.28-11.21.19:830][  0]LogDerivedDataCache: Saved boot cache 0.11s 74MB C:/Users/Floyd Lehman/AppData/Local/UnrealEngine/4.19/DerivedDataCache/Boot.ddc.
[2018.05.28-11.21.19:850][  0]LogInit: Texture streaming: Enabled
[2018.05.28-11.21.19:891][  0]LogEngineSessionManager: EngineSessionManager initialized
[2018.05.28-11.21.19:915][  0]LogInit: Transaction tracking system initialized
[2018.05.28-11.21.19:989][  0]BlueprintLog: New page: Editor Load
[2018.05.28-11.21.20:210][  0]LocalizationService: Localization service is disabled
[2018.05.28-11.21.20:401][  0]LogConsoleResponse: Display: 
[2018.05.28-11.21.20:651][  0]LogCook: Display: Max memory allowance for cook 16384mb min free memory 0mb
[2018.05.28-11.21.20:651][  0]LogCook: Display: Mobile HDR setting 1
[2018.05.28-11.21.20:651][  0]LogGameplayTags: Display: UGameplayTagsManager::DoneAddingNativeTags. DelegateIsBound: 0
[2018.05.28-11.21.20:651][  0]LogStats: UGameplayTagsManager::ConstructGameplayTagTree: Construct from data asset -  0.000 s
[2018.05.28-11.21.20:652][  0]LogStats: UGameplayTagsManager::ConstructGameplayTagTree: GameplayTagTreeChangedEvent.Broadcast -  0.000 s
[2018.05.28-11.21.20:966][  0]LogFileCache: Scanning file cache for directory 'C:/Users/Floyd Lehman/Documents/School/bewijzenmap/Schooljaar 2/p2.4/IDP/speelMetJezelf/SpelenInJeEentje/Content/' took 0.02s
[2018.05.28-11.21.21:300][  0]SourceControl: Source control is disabled
[2018.05.28-11.21.21:305][  0]LightingResults: New page: Lighting Build
[2018.05.28-11.21.21:314][  0]MapCheck: New page: Map Check
[2018.05.28-11.21.21:314][  0]LightingResults: New page: Lighting Build
[2018.05.28-11.21.21:635][  0]LogUObjectGlobals: Created PersistentFrame Addr=0x000001cdbe5a3880, Size=288, Default__BasicCharacter_AnimBlueprint_C Function /LeapMotion/Character/Basic/BasicCharacter_AnimBlueprint.BasicCharacter_AnimBlueprint_C:ExecuteUbergraph_BasicCharacter_AnimBlueprint
[2018.05.28-11.21.21:757][  0]LogUObjectGlobals: Destroyed PersistentFrame Addr=0x000001cdbe5a3880, Size=288
[2018.05.28-11.21.21:757][  0]LogUObjectGlobals: Created PersistentFrame Addr=0x000001cdbe5a3880, Size=288, Default__BasicCharacter_AnimBlueprint_C Function /Engine/Transient.REINST_BasicCharacter_AnimBlueprint_C_0:ExecuteUbergraph_BasicCharacter_AnimBlueprint
[2018.05.28-11.21.21:848][  0]LogUObjectGlobals: Created PersistentFrame Addr=0x000001cdbb75e0c0, Size=288, Default__BasicCharacter_AnimBlueprint_C Function /LeapMotion/Character/Basic/BasicCharacter_AnimBlueprint.BasicCharacter_AnimBlueprint_C:ExecuteUbergraph_BasicCharacter_AnimBlueprint
[2018.05.28-11.21.21:946][  0]LogUObjectGlobals: Created PersistentFrame Addr=0x000001cdb7150600, Size=240, Default__LeapAnimBodyConnector_C Function /LeapMotion/Blueprints/LeapConnectors/LeapAnimBodyConnector.LeapAnimBodyConnector_C:ExecuteUbergraph_LeapAnimBodyConnector
[2018.05.28-11.21.21:988][  0]LogUObjectGlobals: Destroyed PersistentFrame Addr=0x000001cdb7150600, Size=240
[2018.05.28-11.21.21:988][  0]LogUObjectGlobals: Created PersistentFrame Addr=0x000001cdb7150600, Size=240, Default__LeapAnimBodyConnector_C Function /Engine/Transient.REINST_LeapAnimBodyConnector_C_10:ExecuteUbergraph_LeapAnimBodyConnector
[2018.05.28-11.21.22:015][  0]LogUObjectGlobals: Created PersistentFrame Addr=0x000001cdb8075a00, Size=240, Default__LeapAnimBodyConnector_C Function /LeapMotion/Blueprints/LeapConnectors/LeapAnimBodyConnector.LeapAnimBodyConnector_C:ExecuteUbergraph_LeapAnimBodyConnector
[2018.05.28-11.21.22:047][  0]LogUObjectGlobals: Created PersistentFrame Addr=0x000001cdb6dec900, Size=272, Default__LeapBasicRiggedCharacter_C Function /LeapMotion/Blueprints/Rigging/LeapBasicRiggedCharacter.LeapBasicRiggedCharacter_C:ExecuteUbergraph_LeapBasicRiggedCharacter
[2018.05.28-11.21.22:070][  0]LogUObjectGlobals: Destroyed PersistentFrame Addr=0x000001cdb6dec900, Size=272
[2018.05.28-11.21.22:070][  0]LogUObjectGlobals: Created PersistentFrame Addr=0x000001cdb8033380, Size=272, Default__LeapBasicRiggedCharacter_C Function /Engine/Transient.REINST_LeapBasicRiggedCharacter_C_12:ExecuteUbergraph_LeapBasicRiggedCharacter
[2018.05.28-11.21.22:077][  0]LogBlueprint: Warning: [Compiler LeapBasicRiggedCharacter] InputAction Event references unknown Action 'ResetHMDOrientation' for  InputAction ResetHMDOrientation
[2018.05.28-11.21.22:077][  0]LogBlueprint: Warning: [Compiler LeapBasicRiggedCharacter] InputAction Event references unknown Action 'ComfortTurnRight' for  InputAction ComfortTurnRight
[2018.05.28-11.21.22:077][  0]LogBlueprint: Warning: [Compiler LeapBasicRiggedCharacter] InputAction Event references unknown Action 'ComfortTurnLeft' for  InputAction ComfortTurnLeft
[2018.05.28-11.21.22:082][  0]LogUObjectGlobals: Created PersistentFrame Addr=0x000001cdb8031bc0, Size=288, Default__LeapBasicRiggedCharacter_C Function /LeapMotion/Blueprints/Rigging/LeapBasicRiggedCharacter.LeapBasicRiggedCharacter_C:ExecuteUbergraph_LeapBasicRiggedCharacter
[2018.05.28-11.21.22:087][  0]LogBlueprint: Warning: [Compiler LeapBasicRiggedCharacter] [0019,12] Compile of LeapBasicRiggedCharacter successful, but with 3 Warning(s) [in 21 ms] (/LeapMotion/Blueprints/Rigging/LeapBasicRiggedCharacter.LeapBasicRiggedCharacter)
[2018.05.28-11.21.22:093][  0]LogUObjectGlobals: Created PersistentFrame Addr=0x000001cdb80e9cb0, Size=4, Default__LeapRiggedCharacter_C Function /LeapMotion/Blueprints/Rigging/LeapRiggedCharacter.LeapRiggedCharacter_C:ExecuteUbergraph_LeapRiggedCharacter
[2018.05.28-11.21.22:093][  0]LogUObjectGlobals: Created PersistentFrame Addr=0x000001cdb8031a80, Size=288, Default__LeapRiggedCharacter_C Function /LeapMotion/Blueprints/Rigging/LeapBasicRiggedCharacter.LeapBasicRiggedCharacter_C:ExecuteUbergraph_LeapBasicRiggedCharacter
[2018.05.28-11.21.22:096][  0]LogUObjectGlobals: Destroyed PersistentFrame Addr=0x000001cdb80e9cb0, Size=4
[2018.05.28-11.21.22:096][  0]LogUObjectGlobals: Destroyed PersistentFrame Addr=0x000001cdb8031a80, Size=288
[2018.05.28-11.21.22:096][  0]LogUObjectGlobals: Created PersistentFrame Addr=0x000001cdb80e9cb0, Size=4, Default__LeapRiggedCharacter_C Function /Engine/Transient.REINST_LeapRiggedCharacter_C_14:ExecuteUbergraph_LeapRiggedCharacter
[2018.05.28-11.21.22:096][  0]LogUObjectGlobals: Created PersistentFrame Addr=0x000001cdb8031a80, Size=288, Default__LeapRiggedCharacter_C Function /LeapMotion/Blueprints/Rigging/LeapBasicRiggedCharacter.LeapBasicRiggedCharacter_C:ExecuteUbergraph_LeapBasicRiggedCharacter
[2018.05.28-11.21.22:097][  0]LogUObjectGlobals: Created PersistentFrame Addr=0x000001cdb80e9d60, Size=4, Default__LeapRiggedCharacter_C Function /LeapMotion/Blueprints/Rigging/LeapRiggedCharacter.LeapRiggedCharacter_C:ExecuteUbergraph_LeapRiggedCharacter
[2018.05.28-11.21.22:097][  0]LogUObjectGlobals: Created PersistentFrame Addr=0x000001cdb80316c0, Size=288, Default__LeapRiggedCharacter_C Function /LeapMotion/Blueprints/Rigging/LeapBasicRiggedCharacter.LeapBasicRiggedCharacter_C:ExecuteUbergraph_LeapBasicRiggedCharacter
[2018.05.28-11.21.22:104][  0]LogUObjectGlobals: Created PersistentFrame Addr=0x000001cdb7dc0800, Size=200, Default__LeapRiggedCharacter_Child_C Function /Game/SpeelMetJezelf/LeapRiggedCharacter_Child.LeapRiggedCharacter_Child_C:ExecuteUbergraph_LeapRiggedCharacter_Child
[2018.05.28-11.21.22:104][  0]LogUObjectGlobals: Created PersistentFrame Addr=0x000001cdb80e9d50, Size=4, Default__LeapRiggedCharacter_Child_C Function /LeapMotion/Blueprints/Rigging/LeapRiggedCharacter.LeapRiggedCharacter_C:ExecuteUbergraph_LeapRiggedCharacter
[2018.05.28-11.21.22:104][  0]LogUObjectGlobals: Created PersistentFrame Addr=0x000001cdb8031580, Size=288, Default__LeapRiggedCharacter_Child_C Function /LeapMotion/Blueprints/Rigging/LeapBasicRiggedCharacter.LeapBasicRiggedCharacter_C:ExecuteUbergraph_LeapBasicRiggedCharacter
[2018.05.28-11.21.22:107][  0]LogUObjectGlobals: Destroyed PersistentFrame Addr=0x000001cdb7dc0800, Size=200
[2018.05.28-11.21.22:107][  0]LogUObjectGlobals: Destroyed PersistentFrame Addr=0x000001cdb80e9d50, Size=4
[2018.05.28-11.21.22:107][  0]LogUObjectGlobals: Destroyed PersistentFrame Addr=0x000001cdb8031580, Size=288
[2018.05.28-11.21.22:107][  0]LogUObjectGlobals: Created PersistentFrame Addr=0x000001cdb7d5b740, Size=200, Default__LeapRiggedCharacter_Child_C Function /Engine/Transient.REINST_LeapRiggedCharacter_Child_C_16:ExecuteUbergraph_LeapRiggedCharacter_Child
[2018.05.28-11.21.22:107][  0]LogUObjectGlobals: Created PersistentFrame Addr=0x000001cdb80e9d50, Size=4, Default__LeapRiggedCharacter_Child_C Function /LeapMotion/Blueprints/Rigging/LeapRiggedCharacter.LeapRiggedCharacter_C:ExecuteUbergraph_LeapRiggedCharacter
[2018.05.28-11.21.22:107][  0]LogUObjectGlobals: Created PersistentFrame Addr=0x000001cdb8031580, Size=288, Default__LeapRiggedCharacter_Child_C Function /LeapMotion/Blueprints/Rigging/LeapBasicRiggedCharacter.LeapBasicRiggedCharacter_C:ExecuteUbergraph_LeapBasicRiggedCharacter
[2018.05.28-11.21.22:112][  0]LogUObjectGlobals: Created PersistentFrame Addr=0x000001cdb7d5a240, Size=200, Default__LeapRiggedCharacter_Child_C Function /Game/SpeelMetJezelf/LeapRiggedCharacter_Child.LeapRiggedCharacter_Child_C:ExecuteUbergraph_LeapRiggedCharacter_Child
[2018.05.28-11.21.22:112][  0]LogUObjectGlobals: Created PersistentFrame Addr=0x000001cdb80eaeb8, Size=4, Default__LeapRiggedCharacter_Child_C Function /LeapMotion/Blueprints/Rigging/LeapRiggedCharacter.LeapRiggedCharacter_C:ExecuteUbergraph_LeapRiggedCharacter
[2018.05.28-11.21.22:112][  0]LogUObjectGlobals: Created PersistentFrame Addr=0x000001cdb8030cc0, Size=288, Default__LeapRiggedCharacter_Child_C Function /LeapMotion/Blueprints/Rigging/LeapBasicRiggedCharacter.LeapBasicRiggedCharacter_C:ExecuteUbergraph_LeapBasicRiggedCharacter
[2018.05.28-11.21.22:120][  0]LogUObjectGlobals: Created PersistentFrame Addr=0x000001cdb7d5a080, Size=208, Default__DartBlok_BP_C Function /Game/SpeelMetJezelf/DartBlok_BP.DartBlok_BP_C:ExecuteUbergraph_DartBlok_BP
[2018.05.28-11.21.22:123][  0]LogUObjectGlobals: Destroyed PersistentFrame Addr=0x000001cdb7d5a080, Size=208
[2018.05.28-11.21.22:123][  0]LogUObjectGlobals: Created PersistentFrame Addr=0x000001cdb7d5a080, Size=208, Default__DartBlok_BP_C Function /Engine/Transient.REINST_DartBlok_BP_C_18:ExecuteUbergraph_DartBlok_BP
[2018.05.28-11.21.22:124][  0]LogUObjectGlobals: Created PersistentFrame Addr=0x000001cdb7d588e0, Size=208, Default__DartBlok_BP_C Function /Game/SpeelMetJezelf/DartBlok_BP.DartBlok_BP_C:ExecuteUbergraph_DartBlok_BP
[2018.05.28-11.21.22:483][  0]LogSkeletalMesh: Skeletal Mesh found in DDC [1.617321ms] /LeapMotion/Character/Basic/BasicHead.BasicHead
[2018.05.28-11.21.22:496][  0]LogSkeletalMesh: Skeletal Mesh found in DDC [2.242004ms] /LeapMotion/Character/Basic/BasicBody.BasicBody
[2018.05.28-11.21.22:663][  0]LogAIModule: Creating AISystem for world ThirdPersonExampleMap
[2018.05.28-11.21.22:687][  0]LogEditorServer: Finished looking for orphan Actors (0.000 secs)
[2018.05.28-11.21.22:713][  0]LogUObjectGlobals: Destroyed PersistentFrame Addr=0x000001cdbe5a3880, Size=288
[2018.05.28-11.21.22:713][  0]LogUObjectGlobals: Destroyed PersistentFrame Addr=0x000001cdb7150600, Size=240
[2018.05.28-11.21.22:714][  0]LogUObjectGlobals: Destroyed PersistentFrame Addr=0x000001cdb8033380, Size=272
[2018.05.28-11.21.22:714][  0]LogUObjectGlobals: Destroyed PersistentFrame Addr=0x000001cdb80e9cb0, Size=4
[2018.05.28-11.21.22:714][  0]LogUObjectGlobals: Destroyed PersistentFrame Addr=0x000001cdb8031a80, Size=288
[2018.05.28-11.21.22:714][  0]LogUObjectGlobals: Destroyed PersistentFrame Addr=0x000001cdb7d5b740, Size=200
[2018.05.28-11.21.22:714][  0]LogUObjectGlobals: Destroyed PersistentFrame Addr=0x000001cdb80e9d50, Size=4
[2018.05.28-11.21.22:714][  0]LogUObjectGlobals: Destroyed PersistentFrame Addr=0x000001cdb8031580, Size=288
[2018.05.28-11.21.22:714][  0]LogUObjectGlobals: Destroyed PersistentFrame Addr=0x000001cdb7d5a080, Size=208
[2018.05.28-11.21.22:721][  0]Cmd: MAP CHECKDEP NOCLEARLOG
[2018.05.28-11.21.22:791][  0]MapCheck: Map check complete: 0 Error(s), 0 Warning(s), took 70,776ms to complete.
[2018.05.28-11.21.22:791][  0]LogFileHelpers: Loading map 'ThirdPersonExampleMap' took 1.490
[2018.05.28-11.21.22:875][  0]LogWindowsTextInputMethodSystem: Display: IME system now deactivated.
[2018.05.28-11.21.23:021][  0]LogCollectionManager: Loaded 0 collections in 0.003959 seconds
[2018.05.28-11.21.23:092][  0]LogFileCache: Scanning file cache for directory 'C:/Users/Floyd Lehman/Documents/School/bewijzenmap/Schooljaar 2/p2.4/IDP/speelMetJezelf/SpelenInJeEentje/Saved/Collections/' took 0.01s
[2018.05.28-11.21.23:092][  0]LogFileCache: Scanning file cache for directory 'C:/Users/Floyd Lehman/Documents/School/bewijzenmap/Schooljaar 2/p2.4/IDP/speelMetJezelf/SpelenInJeEentje/Content/Developers/FloydLehman/Collections/' took 0.01s
[2018.05.28-11.21.23:092][  0]LogFileCache: Scanning file cache for directory 'C:/Users/Floyd Lehman/Documents/School/bewijzenmap/Schooljaar 2/p2.4/IDP/speelMetJezelf/SpelenInJeEentje/Content/Collections/' took 0.01s
[2018.05.28-11.21.23:092][  0]LogCollectionManager: Rebuilt the GUID cache for 0 collections in 0.000000 seconds
[2018.05.28-11.21.23:103][  0]LogContentBrowser: Native class hierarchy populated in 0.0093 seconds. Added 2479 classes and 562 folders.
[2018.05.28-11.21.23:116][  0]LogContentBrowser: Native class hierarchy updated for 'WidgetCarousel' in 0.0003 seconds. Added 0 classes and 0 folders.
[2018.05.28-11.21.23:268][  0]LogContentBrowser: Native class hierarchy updated for 'AddContentDialog' in 0.0007 seconds. Added 0 classes and 0 folders.
[2018.05.28-11.21.23:282][  0]LogContentBrowser: Native class hierarchy updated for 'SceneOutliner' in 0.0003 seconds. Added 1 classes and 2 folders.
[2018.05.28-11.21.23:471][  0]LogSlate: Took 0.001772 seconds to synchronously load lazily loaded font '../../../Engine/Content/Slate/Fonts/Roboto-Regular.ttf' (155K)
[2018.05.28-11.21.23:478][  0]LogSlate: Took 0.001858 seconds to synchronously load lazily loaded font '../../../Engine/Content/Slate/Fonts/Roboto-Bold.ttf' (160K)
[2018.05.28-11.21.23:491][  0]LogSlate: Took 0.001565 seconds to synchronously load lazily loaded font '../../../Engine/Content/Editor/Slate/Fonts/FontAwesome.ttf' (139K)
[2018.05.28-11.21.23:626][  0]LogRenderer: Reallocating scene render targets to support 964x436 Format 10 NumSamples 1 (Frame:1).
[2018.05.28-11.21.23:915][  0]LogContentBrowser: Native class hierarchy updated for 'HierarchicalLODOutliner' in 0.0002 seconds. Added 0 classes and 0 folders.
[2018.05.28-11.21.23:915][  0]LogLoad: (Engine Initialization) Total time: 20.95 seconds
[2018.05.28-11.21.23:915][  0]LogLoad: (Engine Initialization) Total Blueprint compile time: 0.00 seconds
[2018.05.28-11.21.23:979][  0]LogContentStreaming: Texture pool size now 1000 MB
[2018.05.28-11.21.24:038][  0]LogSlate: Took 0.001192 seconds to synchronously load lazily loaded font '../../../Engine/Content/Slate/Fonts/Roboto-Light.ttf' (167K)
[2018.05.28-11.21.24:176][  1]LeapPluginLog: InterfaceObject: LeapAnimBodyConnector_C_0
[2018.05.28-11.21.24:289][  2]LogAssetRegistry: Asset discovery search completed in 12.4021 seconds
[2018.05.28-11.21.24:292][  2]LogCollectionManager: Rebuilt the object cache for 0 collections in 0.000000 seconds (found 0 objects)
[2018.05.28-11.21.24:292][  2]LogCollectionManager: Fixed up redirectors for 0 collections in 0.000070 seconds (updated 0 objects)
[2018.05.28-11.21.24:963][ 39]LogSlate: Took 0.000215 seconds to synchronously load lazily loaded font '../../../Engine/Content/Slate/Fonts/Roboto-Light.ttf' (167K)
[2018.05.28-11.22.27:706][776]LogSlate: FSceneViewport::OnFocusLost() reason 0
[2018.05.28-11.22.29:948][886]LogContentBrowser: Native class hierarchy updated for 'BlueprintGraph' in 0.0006 seconds. Added 116 classes and 0 folders.
[2018.05.28-11.22.30:347][886]LogUObjectGlobals: Created PersistentFrame Addr=0x000001cdb77ffdd8, Size=4, Default__SKEL_PROTO_BP_AnimBlueprint_0_C Function /Engine/Transient.SKEL_PROTO_BP_AnimBlueprint_0_C:ExecuteUbergraph_PROTO_BP_AnimBlueprint_0
[2018.05.28-11.22.30:348][886]LogUObjectGlobals: Created PersistentFrame Addr=0x000001cdb77ffdd0, Size=4, Default__PROTO_BP_AnimBlueprint_0_C Function /Engine/Transient.PROTO_BP_AnimBlueprint_0_C:ExecuteUbergraph_PROTO_BP_AnimBlueprint_0
[2018.05.28-11.22.30:954][886]LogSlate: Took 0.003317 seconds to synchronously load lazily loaded font '../../../Engine/Content/Slate/Fonts/Roboto-BoldCondensed.ttf' (158K)
[2018.05.28-11.22.42:090][508]LogSlate: Window 'DartBlok_BP' being destroyed
[2018.05.28-11.22.42:094][508]LogSlate: Window 'DartBlok_BP' being destroyed
[2018.05.28-11.22.43:658][596]LogSlate: FSceneViewport::OnFocusLost() reason 0
[2018.05.28-11.22.43:774][603]LogTemp: Repeating last play command: Selected Viewport
[2018.05.28-11.22.43:793][603]LogBlueprintUserMessages: Early PlayInEditor Detection: Level '/Game/ThirdPersonBP/Maps/ThirdPersonExampleMap.ThirdPersonExampleMap:PersistentLevel' has LevelScriptBlueprint '/Game/ThirdPersonBP/Maps/ThirdPersonExampleMap.ThirdPersonExampleMap:PersistentLevel.ThirdPersonExampleMap' with GeneratedClass '/Game/ThirdPersonBP/Maps/ThirdPersonExampleMap.ThirdPersonExampleMap_C' with ClassGeneratedBy '/Game/ThirdPersonBP/Maps/ThirdPersonExampleMap.ThirdPersonExampleMap:PersistentLevel.ThirdPersonExampleMap'
[2018.05.28-11.22.43:794][603]LogPlayLevel: PlayLevel: No blueprints needed recompiling
[2018.05.28-11.22.43:806][603]PIE: New page: PIE session: ThirdPersonExampleMap (28 mei 2018 15:22:43)
[2018.05.28-11.22.43:807][603]LogPlayLevel: Creating play world package: /Game/ThirdPersonBP/Maps/UEDPIE_0_ThirdPersonExampleMap
[2018.05.28-11.22.43:846][603]LogPlayLevel: PIE: StaticDuplicateObject took: (0.039080s)
[2018.05.28-11.22.43:847][603]LogAIModule: Creating AISystem for world ThirdPersonExampleMap
[2018.05.28-11.22.43:849][603]LogPlayLevel: PIE: World Init took: (0.003236s)
[2018.05.28-11.22.43:849][603]LogPlayLevel: PIE: Created PIE world by copying editor world from /Game/ThirdPersonBP/Maps/ThirdPersonExampleMap.ThirdPersonExampleMap to /Game/ThirdPersonBP/Maps/UEDPIE_0_ThirdPersonExampleMap.ThirdPersonExampleMap (0.042713s)
[2018.05.28-11.22.43:910][603]LogInit: XAudio2 using 'Luidsprekers (Realtek High Definition Audio)' : 6 channels at 48 kHz using 32 bits per sample (channel mask 0x3f)
[2018.05.28-11.22.44:267][603]LogInit: FAudioDevice initialized.
[2018.05.28-11.22.44:317][603]LogLoad: Game class is 'spelenGameMode_C'
[2018.05.28-11.22.44:327][603]LogWorld: Bringing World /Game/ThirdPersonBP/Maps/UEDPIE_0_ThirdPersonExampleMap.ThirdPersonExampleMap up for play (max tick rate 60) at 2018.05.28-13.22.44
[2018.05.28-11.22.44:329][603]LogWorld: Bringing up level for play took: 0.003054
[2018.05.28-11.22.44:350][603]LogContentBrowser: Native class hierarchy updated for 'MovieSceneCapture' in 0.0005 seconds. Added 11 classes and 0 folders.
[2018.05.28-11.22.44:355][603]LeapPluginLog: InterfaceObject: LeapAnimBodyConnector_C_0
[2018.05.28-11.22.44:363][603]Cmd: stereo reset
[2018.05.28-11.22.44:370][603]Command not recognized: stereo reset
[2018.05.28-11.22.44:371][603]PIE: Play in editor start time for /Game/ThirdPersonBP/Maps/UEDPIE_0_ThirdPersonExampleMap 0,323
[2018.05.28-11.22.44:371][603]LogBlueprintUserMessages: Late PlayInEditor Detection: Level '/Game/ThirdPersonBP/Maps/ThirdPersonExampleMap.ThirdPersonExampleMap:PersistentLevel' has LevelScriptBlueprint '/Game/ThirdPersonBP/Maps/ThirdPersonExampleMap.ThirdPersonExampleMap:PersistentLevel.ThirdPersonExampleMap' with GeneratedClass '/Game/ThirdPersonBP/Maps/ThirdPersonExampleMap.ThirdPersonExampleMap_C' with ClassGeneratedBy '/Game/ThirdPersonBP/Maps/ThirdPersonExampleMap.ThirdPersonExampleMap:PersistentLevel.ThirdPersonExampleMap'
[2018.05.28-11.24.04:100][375]LogBlueprintUserMessages: Early EndPlayMap Detection: Level '/Game/ThirdPersonBP/Maps/ThirdPersonExampleMap.ThirdPersonExampleMap:PersistentLevel' has LevelScriptBlueprint '/Game/ThirdPersonBP/Maps/ThirdPersonExampleMap.ThirdPersonExampleMap:PersistentLevel.ThirdPersonExampleMap' with GeneratedClass '/Game/ThirdPersonBP/Maps/ThirdPersonExampleMap.ThirdPersonExampleMap_C' with ClassGeneratedBy '/Game/ThirdPersonBP/Maps/ThirdPersonExampleMap.ThirdPersonExampleMap:PersistentLevel.ThirdPersonExampleMap'
[2018.05.28-11.24.04:142][375]LogBlueprintUserMessages: Late EndPlayMap Detection: Level '/Game/ThirdPersonBP/Maps/ThirdPersonExampleMap.ThirdPersonExampleMap:PersistentLevel' has LevelScriptBlueprint '/Game/ThirdPersonBP/Maps/ThirdPersonExampleMap.ThirdPersonExampleMap:PersistentLevel.ThirdPersonExampleMap' with GeneratedClass '/Game/ThirdPersonBP/Maps/ThirdPersonExampleMap.ThirdPersonExampleMap_C' with ClassGeneratedBy '/Game/ThirdPersonBP/Maps/ThirdPersonExampleMap.ThirdPersonExampleMap:PersistentLevel.ThirdPersonExampleMap'
[2018.05.28-11.24.05:508][446]LogEditorViewport: Clicking on Actor (LMB): DartBlok_BP_C (Cube2)
[2018.05.28-11.24.07:308][548]LogSlate: FSceneViewport::OnFocusLost() reason 0
[2018.05.28-11.24.33:940][143]LogTemp: Repeating last play command: Selected Viewport
[2018.05.28-11.24.33:953][143]LogBlueprintUserMessages: Early PlayInEditor Detection: Level '/Game/ThirdPersonBP/Maps/ThirdPersonExampleMap.ThirdPersonExampleMap:PersistentLevel' has LevelScriptBlueprint '/Game/ThirdPersonBP/Maps/ThirdPersonExampleMap.ThirdPersonExampleMap:PersistentLevel.ThirdPersonExampleMap' with GeneratedClass '/Game/ThirdPersonBP/Maps/ThirdPersonExampleMap.ThirdPersonExampleMap_C' with ClassGeneratedBy '/Game/ThirdPersonBP/Maps/ThirdPersonExampleMap.ThirdPersonExampleMap:PersistentLevel.ThirdPersonExampleMap'
[2018.05.28-11.24.33:953][143]LogPlayLevel: PlayLevel: No blueprints needed recompiling
[2018.05.28-11.24.33:953][143]PIE: New page: PIE session: ThirdPersonExampleMap (28 mei 2018 15:24:33)
[2018.05.28-11.24.33:953][143]LogPlayLevel: Creating play world package: /Game/ThirdPersonBP/Maps/UEDPIE_0_ThirdPersonExampleMap
[2018.05.28-11.24.33:979][143]LogPlayLevel: PIE: StaticDuplicateObject took: (0.026112s)
[2018.05.28-11.24.33:980][143]LogAIModule: Creating AISystem for world ThirdPersonExampleMap
[2018.05.28-11.24.33:980][143]LogPlayLevel: PIE: World Init took: (0.001513s)
[2018.05.28-11.24.33:980][143]LogPlayLevel: PIE: Created PIE world by copying editor world from /Game/ThirdPersonBP/Maps/ThirdPersonExampleMap.ThirdPersonExampleMap to /Game/ThirdPersonBP/Maps/UEDPIE_0_ThirdPersonExampleMap.ThirdPersonExampleMap (0.027843s)
[2018.05.28-11.24.34:026][143]LogInit: XAudio2 using 'Luidsprekers (Realtek High Definition Audio)' : 6 channels at 48 kHz using 32 bits per sample (channel mask 0x3f)
[2018.05.28-11.24.34:365][143]LogInit: FAudioDevice initialized.
[2018.05.28-11.24.34:405][143]LogLoad: Game class is 'spelenGameMode_C'
[2018.05.28-11.24.34:407][143]LogWorld: Bringing World /Game/ThirdPersonBP/Maps/UEDPIE_0_ThirdPersonExampleMap.ThirdPersonExampleMap up for play (max tick rate 60) at 2018.05.28-13.24.34
[2018.05.28-11.24.34:407][143]LogWorld: Bringing up level for play took: 0.001140
[2018.05.28-11.24.34:410][143]LeapPluginLog: InterfaceObject: LeapAnimBodyConnector_C_0
[2018.05.28-11.24.34:411][143]Cmd: stereo reset
[2018.05.28-11.24.34:412][143]Command not recognized: stereo reset
[2018.05.28-11.24.34:412][143]PIE: Play in editor start time for /Game/ThirdPersonBP/Maps/UEDPIE_0_ThirdPersonExampleMap 0,364
[2018.05.28-11.24.34:412][143]LogBlueprintUserMessages: Late PlayInEditor Detection: Level '/Game/ThirdPersonBP/Maps/ThirdPersonExampleMap.ThirdPersonExampleMap:PersistentLevel' has LevelScriptBlueprint '/Game/ThirdPersonBP/Maps/ThirdPersonExampleMap.ThirdPersonExampleMap:PersistentLevel.ThirdPersonExampleMap' with GeneratedClass '/Game/ThirdPersonBP/Maps/ThirdPersonExampleMap.ThirdPersonExampleMap_C' with ClassGeneratedBy '/Game/ThirdPersonBP/Maps/ThirdPersonExampleMap.ThirdPersonExampleMap:PersistentLevel.ThirdPersonExampleMap'
[2018.05.28-11.24.52:936][253]LogBlueprintUserMessages: Early EndPlayMap Detection: Level '/Game/ThirdPersonBP/Maps/ThirdPersonExampleMap.ThirdPersonExampleMap:PersistentLevel' has LevelScriptBlueprint '/Game/ThirdPersonBP/Maps/ThirdPersonExampleMap.ThirdPersonExampleMap:PersistentLevel.ThirdPersonExampleMap' with GeneratedClass '/Game/ThirdPersonBP/Maps/ThirdPersonExampleMap.ThirdPersonExampleMap_C' with ClassGeneratedBy '/Game/ThirdPersonBP/Maps/ThirdPersonExampleMap.ThirdPersonExampleMap:PersistentLevel.ThirdPersonExampleMap'
[2018.05.28-11.24.52:972][253]LogBlueprintUserMessages: Late EndPlayMap Detection: Level '/Game/ThirdPersonBP/Maps/ThirdPersonExampleMap.ThirdPersonExampleMap:PersistentLevel' has LevelScriptBlueprint '/Game/ThirdPersonBP/Maps/ThirdPersonExampleMap.ThirdPersonExampleMap:PersistentLevel.ThirdPersonExampleMap' with GeneratedClass '/Game/ThirdPersonBP/Maps/ThirdPersonExampleMap.ThirdPersonExampleMap_C' with ClassGeneratedBy '/Game/ThirdPersonBP/Maps/ThirdPersonExampleMap.ThirdPersonExampleMap:PersistentLevel.ThirdPersonExampleMap'
[2018.05.28-11.27.31:028][816]LogSlate: FSceneViewport::OnFocusLost() reason 0
[2018.05.28-11.27.46:819][757]LogSlate: FSceneViewport::OnFocusLost() reason 0
[2018.05.28-11.27.49:050][889]LogEditorViewport: Clicking on Actor (LMB): StaticMeshActor (Linear_Stair_StaticMesh)
[2018.05.28-11.27.51:513][ 32]LogSlate: FSceneViewport::OnFocusLost() reason 0
