"../../../Engine/Content/EditorBlueprintResources/StandardMacros.uasset" 0
"../../../Engine/Content/ArtTools/RenderToTexture/Enums/EFloatTypes.uasset" 1
"../../../Engine/Content/ArtTools/RenderToTexture/Enums/EIntTypes.uasset" 2
"../../../Engine/Content/ArtTools/RenderToTexture/Macros/RenderToTextureMacros.uasset" 3
"../../../Engine/Content/ArtTools/RenderToTexture/Blueprints/TilingMesh.uasset" 4
"../../../Engine/Content/ArtTools/RenderToTexture/Materials/M_BackgroundCard_01.uasset" 5
"../../../Engine/Content/ArtTools/RenderToTexture/Materials/M_RadiusDebugTranslucent.uasset" 6
"../../../Engine/Content/Functions/Engine_MaterialFunctions02/Utility/BreakOutFloat3Components.uasset" 7
"../../../Engine/Content/ArtTools/RenderToTexture/MaterialFunctions/MarkRedOutside0-1Range.uasset" 8
"../../../Engine/Content/Functions/Engine_MaterialFunctions02/Math/CreateThirdOrthogonalVector.uasset" 9
"../../../Engine/Content/Functions/Engine_MaterialFunctions02/Math/InverseTransformMatrix.uasset" 10
"../../../Engine/Content/Functions/Engine_MaterialFunctions02/Math/TransformToZVector.uasset" 11
"../../../Engine/Content/ArtTools/RenderToTexture/Materials/MPC_R2T.uasset" 12
"../../../Engine/Content/ArtTools/RenderToTexture/Textures/127grey.uasset" 13
"../../../Engine/Content/ArtTools/RenderToTexture/Materials/M_RenderCustomHeightmap_01.uasset" 14
"../../../Engine/Content/Functions/Engine_MaterialFunctions02/Utility/VectorLength.uasset" 15
"../../../Engine/Content/Functions/Engine_MaterialFunctions02/WorldPositionOffset/ObjectScale.uasset" 16
"../../../Engine/Content/ArtTools/RenderToTexture/MaterialFunctions/BoundingSphere_LightTransform.uasset" 17
"../../../Engine/Content/EngineVolumetrics/Fogsheet/Materials/T_EV_BlankWhite_01.uasset" 18
"../../../Engine/Content/ArtTools/RenderToTexture/Materials/M_RenderNormalizedDepth_01.uasset" 19
"../../../Engine/Content/ArtTools/RenderToTexture/Textures/TilingTexturePreview.uasset" 20
"../../../Engine/Content/ArtTools/RenderToTexture/Materials/M_TilingPreviewMat_01.uasset" 21
"../../../Engine/Content/EngineFonts/RobotoDistanceField.uasset" 22
"../../../Engine/Content/ArtTools/RenderToTexture/Materials/M_UnlitText_01.uasset" 23
"../../../Engine/Content/ArtTools/RenderToTexture/Materials/Debug/M_Emissive_Color.uasset" 24
"../../../Engine/Content/ArtTools/RenderToTexture/Materials/Debug/M_Emissive_Color_127-127-0.uasset" 25
"../../../Engine/Content/Functions/Engine_MaterialFunctions01/Texturing/ComputeMipLevel.uasset" 26
"../../../Engine/Content/EngineMaterials/DefaultDiffuse.uasset" 27
"../../../Engine/Content/Functions/Engine_MaterialFunctions01/Texturing/TextureCropping.uasset" 28
"../../../Engine/Content/Functions/Engine_MaterialFunctions02/Math/TimeWithSpeedVariable.uasset" 29
"../../../Engine/Content/Functions/Engine_MaterialFunctions02/ExampleContent/Textures/flipbook.uasset" 30
"../../../Engine/Content/Functions/Engine_MaterialFunctions02/Texturing/FlipBook_MotionVectors.uasset" 31
"../../../Engine/Content/Functions/Engine_MaterialFunctions02/ExampleContent/DebugNumberStrip.uasset" 32
"../../../Engine/Content/Functions/Engine_MaterialFunctions02/ExampleContent/Textures/DebugNumberPeriod.uasset" 33
"../../../Engine/Content/Functions/Engine_MaterialFunctions02/Utility/DebugScalarValues.uasset" 34
"../../../Engine/Content/ArtTools/RenderToTexture/Materials/Flipbooks/M_FlipbookPreview_01.uasset" 35
"../../../Engine/Content/ArtTools/RenderToTexture/Materials/Flipbooks/M_FlipbookPreview_01_Inst.uasset" 36
"../../../Engine/Content/ArtTools/RenderToTexture/Textures/FlipbookMotionVectors/Position1.uasset" 37
"../../../Engine/Content/ArtTools/RenderToTexture/MaterialFunctions/DiffMotionVectors.uasset" 38
"../../../Engine/Content/ArtTools/RenderToTexture/MaterialFunctions/FlipbookWind.uasset" 39
"../../../Engine/Content/ArtTools/RenderToTexture/MaterialFunctions/OrthoFOV.uasset" 40
"../../../Engine/Content/Functions/Engine_MaterialFunctions02/Utility/BreakOutFloat2Components.uasset" 41
"../../../Engine/Content/Functions/Engine_MaterialFunctions01/Texturing/ScaleUVsByCenter.uasset" 42
"../../../Engine/Content/Functions/Engine_MaterialFunctions02/Utility/Sign.uasset" 43
"../../../Engine/Content/Functions/Engine_MaterialFunctions02/Utility/Round.uasset" 44
"../../../Engine/Content/Functions/Engine_MaterialFunctions02/Texturing/FlipBook_UniformNonUniform.uasset" 45
"../../../Engine/Content/ArtTools/RenderToTexture/Materials/Flipbooks/M_RenderMotionVectors.uasset" 46
"../../../Engine/Content/ArtTools/RenderToTexture/Materials/Flipbooks/M_RenderMotionVectors_Inst.uasset" 47
"../../../Engine/Content/ArtTools/RenderToTexture/Materials/Flipbooks/M_RenderMotionVectors_Applied.uasset" 48
"../../../Engine/Content/Functions/Engine_MaterialFunctions02/Utility/VectorToRadialValue.uasset" 49
"../../../Engine/Content/ArtTools/RenderToTexture/MaterialFunctions/FoliageZRotation.uasset" 50
"../../../Engine/Content/Functions/Engine_MaterialFunctions02/Math/Pi.uasset" 51
"../../../Engine/Content/Functions/Engine_MaterialFunctions02/Math/Transform3x3Matrix.uasset" 52
"../../../Engine/Content/ArtTools/RenderToTexture/MaterialFunctions/Imposter_MotionVectors.uasset" 53
"../../../Engine/Content/Functions/Engine_MaterialFunctions02/Texturing/FlipBook.uasset" 54
"../../../Engine/Content/ArtTools/RenderToTexture/MaterialFunctions/ImposterUVs.uasset" 55
"../../../Engine/Content/Functions/Engine_MaterialFunctions01/WorldPositionOffset/FoliageScaleFactor.uasset" 56
"../../../Engine/Content/EngineMaterials/FlatNormal.uasset" 57
"../../../Engine/Content/ArtTools/RenderToTexture/Materials/Imposters/M_ImposterTest_01.uasset" 58
"../../../Engine/Content/ArtTools/RenderToTexture/Materials/Imposters/M_ImposterTest_01_Inst.uasset" 59
"../../../Engine/Content/ArtTools/RenderToTexture/Materials/Imposters/M_ImposterTest_01_Inst_SingleAxis.uasset" 60
"../../../Engine/Content/ArtTools/RenderToTexture/Materials/M_RenderNormalizedDepth_01_Inst.uasset" 61
"../../../Engine/Content/ArtTools/RenderToTexture/Blueprints/PhysMesh.uasset" 62
"../../../Engine/Content/ArtTools/RenderToTexture/Enums/RenderToTexture_Enum.uasset" 63
"../../../Engine/Content/ArtTools/RenderToTexture/Enums/RenderToTexture_Imposter_Enum.uasset" 64
"../../../Engine/Content/Functions/Engine_MaterialFunctions01/Opacity/CameraDepthFade.uasset" 65
"../../../Engine/Content/EngineMaterials/T_Default_Material_Grid_M.uasset" 66
"../../../Engine/Content/EngineMaterials/T_Default_Material_Grid_N.uasset" 67
"../../../Engine/Content/EngineMaterials/WorldGridMaterial.uasset" 68
"../../../Engine/Content/ArtTools/RenderToTexture/Meshes/S_1_Unit_Plane.uasset" 69
"../../../Engine/Content/ArtTools/RenderToTexture/Meshes/S_1_Unit_Sphere.uasset" 70
"../../../Engine/Content/ArtTools/RenderToTexture/Textures/T_EV_BlankWhite_01.uasset" 71
"../../../Engine/Content/EditorMeshes/EditorCube.uasset" 72
"../../../Engine/Content/ArtTools/RenderToTexture/Blueprints/RenderToTexture_LevelBP.uasset" 73
"../../../Engine/Content/EngineMaterials/DefaultMaterial.uasset" 74
"../../../Engine/Content/BasicShapes/Cone.uasset" 75
"../../../Engine/Content/BasicShapes/Cube.uasset" 76
"../../../Engine/Content/BasicShapes/Plane.uasset" 77
"../../../Engine/Content/EngineMaterials/DefaultPhysicalMaterial.uasset" 78
"../../../Engine/Content/BufferVisualization/AmbientOcclusion.uasset" 79
"../../../Engine/Content/BufferVisualization/BaseColor.uasset" 80
"../../../Engine/Content/BufferVisualization/CustomDepth.uasset" 81
"../../../Engine/Content/BufferVisualization/CustomDepthWorldUnits.uasset" 82
"../../../Engine/Content/Functions/Engine_MaterialFunctions02/ScreenResolution.uasset" 83
"../../../Engine/Content/Functions/Engine_MaterialFunctions02/Texturing/ScreenAlignedUVs.uasset" 84
"../../../Engine/Content/Functions/Engine_MaterialFunctions02/Utility/MakeFloat2.uasset" 85
"../../../Engine/Content/Functions/Engine_MaterialFunctions02/Utility/MakeFloat3.uasset" 86
"../../../Engine/Content/EngineMaterials/MiniFont.uasset" 87
"../../../Engine/Content/BufferVisualization/CustomStencil.uasset" 88
"../../../Engine/Content/BufferVisualization/FinalImage.uasset" 89
"../../../Engine/Content/BufferVisualization/LightingModel.uasset" 90
"../../../Engine/Content/BufferVisualization/MaterialAO.uasset" 91
"../../../Engine/Content/BufferVisualization/Metallic.uasset" 92
"../../../Engine/Content/BufferVisualization/Opacity.uasset" 93
"../../../Engine/Content/BufferVisualization/PostTonemapHDRColor.uasset" 94
"../../../Engine/Content/BufferVisualization/PreTonemapHDRColor.uasset" 95
"../../../Engine/Content/BufferVisualization/Roughness.uasset" 96
"../../../Engine/Content/BufferVisualization/SceneColor.uasset" 97
"../../../Engine/Content/BufferVisualization/SceneDepth.uasset" 98
"../../../Engine/Content/BufferVisualization/SceneDepthWorldUnits.uasset" 99
"../../../Engine/Content/BufferVisualization/SeparateTranslucencyA.uasset" 100
"../../../Engine/Content/BufferVisualization/SeparateTranslucencyRGB.uasset" 101
"../../../Engine/Content/BufferVisualization/Specular.uasset" 102
"../../../Engine/Content/BufferVisualization/SubsurfaceColor.uasset" 103
"../../../Engine/Content/BufferVisualization/WorldNormal.uasset" 104
"../../../Engine/Content/EditorLandscapeResources/DefaultAlphaTexture.uasset" 105
"../../../Engine/Content/EditorLandscapeResources/AlphaBrushMaterial.uasset" 106
"../../../Engine/Content/EditorLandscapeResources/AlphaBrushMaterial_Smooth.uasset" 107
"../../../Engine/Content/EditorLandscapeResources/CircleBrushMaterial.uasset" 108
"../../../Engine/Content/EditorLandscapeResources/CircleBrushMaterial_Linear.uasset" 109
"../../../Engine/Content/EditorLandscapeResources/CircleBrushMaterial_Smooth.uasset" 110
"../../../Engine/Content/EditorLandscapeResources/CircleBrushMaterial_Spherical.uasset" 111
"../../../Engine/Content/EditorLandscapeResources/CircleBrushMaterial_Tip.uasset" 112
"../../../Engine/Content/EditorLandscapeResources/DataLayer.uasset" 113
"../../../Engine/Content/Functions/Engine_MaterialFunctions01/Gradient/RadialGradient.uasset" 114
"../../../Engine/Content/EditorLandscapeResources/FlattenHeightMat.uasset" 115
"../../../Engine/Content/EditorLandscapeResources/FlattenPlaneMesh.uasset" 116
"../../../Engine/Content/Functions/Engine_MaterialFunctions01/ImageAdjustment/BlurSampleOffsets.uasset" 117
"../../../Engine/Content/Functions/Engine_MaterialFunctions02/SampleSceneDepth.uasset" 118
"../../../Engine/Content/Functions/Engine_MaterialFunctions02/Texturing/WorldPositionWithScale.uasset" 119
"../../../Engine/Content/Functions/Engine_MaterialFunctions02/Utility/CameraDirectionVector.uasset" 120
"../../../Engine/Content/Functions/Engine_MaterialFunctions02/Utility/LinearSine.uasset" 121
"../../../Engine/Content/Functions/Engine_MaterialFunctions02/UVs/WorldPositionBehindTranslucency.uasset" 122
"../../../Engine/Content/EditorLandscapeResources/FoliageBrushSphereMaterial.uasset" 123
"../../../Engine/Content/EditorLandscapeResources/LandscapeGizmoHeight_Mat.uasset" 124
"../../../Engine/Content/EditorLandscapeResources/LandscapeGizmo_Mat.uasset" 125
"../../../Engine/Content/EditorLandscapeResources/LandscapeGizmo_Mat_Copied.uasset" 126
"../../../Engine/Content/Functions/Engine_MaterialFunctions02/WorldPositionOffset/LocalPosition.uasset" 127
"../../../Engine/Content/EditorLandscapeResources/LandscapeLayerUsageMaterial.uasset" 128
"../../../Engine/Content/EditorLandscapeResources/LandscapeThumbnailHeightmap.uasset" 129
"../../../Engine/Content/EditorLandscapeResources/LandscapeThumbnailWeightmap.uasset" 130
"../../../Engine/Content/EditorLandscapeResources/WhiteSquareTexture.uasset" 131
"../../../Engine/Content/EditorLandscapeResources/LayerVisMaterial.uasset" 132
"../../../Engine/Content/EditorLandscapeResources/MaskBrushMaterial.uasset" 133
"../../../Engine/Content/EditorLandscapeResources/MaskBrushMaterial_Gizmo.uasset" 134
"../../../Engine/Content/EditorLandscapeResources/MaskBrushMaterial_MaskedRegion.uasset" 135
"../../../Engine/Content/EditorLandscapeResources/MirrorPlaneMaterial.uasset" 136
"../../../Engine/Content/EditorLandscapeResources/PatternBrushMaterial_Smooth.uasset" 137
"../../../Engine/Content/EditorLandscapeResources/SelectBrushMaterial.uasset" 138
"../../../Engine/Content/EditorLandscapeResources/SelectBrushMaterial_Selected.uasset" 139
"../../../Engine/Content/EditorLandscapeResources/SelectBrushMaterial_SelectedRegion.uasset" 140
"../../../Engine/Content/EditorLandscapeResources/SplineEditorMeshMat.uasset" 141
"../../../Engine/Content/EditorLandscapeResources/SplineEditorMesh.uasset" 142
"../../../Engine/Content/EditorMaterials/Cross.uasset" 143
"../../../Engine/Content/EditorMaterials/Cross_Mat.uasset" 144
"../../../Engine/Content/EditorMaterials/GizmoMaterial.uasset" 145
"../../../Engine/Content/EditorResources/T_EditorHelp.uasset" 146
"../../../Engine/Content/EditorMaterials/HelpActorMaterial.uasset" 147
"../../../Engine/Content/EditorMaterials/CompositeARGBLayer.uasset" 148
"../../../Engine/Content/EditorMaterials/TilingAALineIntegral.uasset" 149
"../../../Engine/Content/EditorMaterials/TilingAALineBoxFiltered.uasset" 150
"../../../Engine/Content/Functions/Engine_MaterialFunctions03/Procedurals/ComputeFilterWidth.uasset" 151
"../../../Engine/Content/EditorMaterials/TilingAADots.uasset" 152
"../../../Engine/Content/EditorMaterials/Cascade/CASC_Cross.uasset" 153
"../../../Engine/Content/EditorMaterials/Cascade/CASC_None.uasset" 154
"../../../Engine/Content/Functions/Engine_MaterialFunctions03/Blends/Blend_Screen.uasset" 155
"../../../Engine/Content/EditorMaterials/TilingAAGrid.uasset" 156
"../../../Engine/Content/EditorMaterials/LevelGridMaterial.uasset" 157
"../../../Engine/Content/EditorMaterials/MakeCompositeARGBLayer.uasset" 158
"../../../Engine/Content/EditorResources/LevelGrid1DStripes.uasset" 159
"../../../Engine/Content/EditorMaterials/TextureGridCascaded1D.uasset" 160
"../../../Engine/Content/EditorMaterials/TextureGridCascaded2D.uasset" 161
"../../../Engine/Content/EditorMaterials/LevelGridMaterial2.uasset" 162
"../../../Engine/Content/EditorMaterials/MAT_Groups_Toggle.uasset" 163
"../../../Engine/Content/EditorMaterials/MAT_Groups_Visibility.uasset" 164
"../../../Engine/Content/EditorMaterials/PhAT_BoneSelectedMaterial.uasset" 165
"../../../Engine/Content/EditorMaterials/PhAT_ElemSelectedMaterial.uasset" 166
"../../../Engine/Content/EditorMaterials/PhAT_NoCollisionMaterial.uasset" 167
"../../../Engine/Content/EditorMaterials/PhAT_UnselectedMaterial.uasset" 168
"../../../Engine/Content/EditorMaterials/PreviewShadowIndicator.uasset" 169
"../../../Engine/Content/EditorMaterials/PreviewShadowIndicatorMaterial.uasset" 170
"../../../Engine/Content/EditorMaterials/TargetIcon.uasset" 171
"../../../Engine/Content/EditorMaterials/Tick.uasset" 172
"../../../Engine/Content/EditorMaterials/Tick_Mat.uasset" 173
"../../../Engine/Content/EditorMaterials/WidgetGridVertexColorMaterial.uasset" 174
"../../../Engine/Content/EditorMaterials/WidgetGridVertexColorMaterial_Ma.uasset" 175
"../../../Engine/Content/EditorMaterials/WidgetMaterial.uasset" 176
"../../../Engine/Content/EditorMaterials/WidgetMaterial_Current.uasset" 177
"../../../Engine/Content/EditorMaterials/WidgetMaterial_X.uasset" 178
"../../../Engine/Content/EditorMaterials/WidgetMaterial_Y.uasset" 179
"../../../Engine/Content/EditorMaterials/WidgetMaterial_Z.uasset" 180
"../../../Engine/Content/EditorMaterials/WidgetVertexColorMaterial.uasset" 181
"../../../Engine/Content/EditorMaterials/MatineeGroups/MAT_ColorTrack.uasset" 182
"../../../Engine/Content/EditorMaterials/MatineeGroups/MAT_Groups_Anim.uasset" 183
"../../../Engine/Content/EditorMaterials/MatineeGroups/MAT_Groups_AudioMaster.uasset" 184
"../../../Engine/Content/EditorMaterials/MatineeGroups/MAT_Groups_Director.uasset" 185
"../../../Engine/Content/EditorMaterials/MatineeGroups/MAT_Groups_Event.uasset" 186
"../../../Engine/Content/EditorMaterials/MatineeGroups/MAT_Groups_Fade.uasset" 187
"../../../Engine/Content/EditorMaterials/MatineeGroups/MAT_Groups_Float.uasset" 188
"../../../Engine/Content/EditorMaterials/MatineeGroups/MAT_Groups_Move.uasset" 189
"../../../Engine/Content/EditorMaterials/MatineeGroups/MAT_Groups_Slomo.uasset" 190
"../../../Engine/Content/EditorMaterials/MatineeGroups/MAT_Groups_Sound.uasset" 191
"../../../Engine/Content/EditorMaterials/MatineeGroups/MAT_Groups_Vector.uasset" 192
"../../../Engine/Content/EditorMaterials/ParticleSystems/PSysThumbnail_NoImage.uasset" 193
"../../../Engine/Content/EditorMaterials/ParticleSystems/PSysThumbnail_OOD.uasset" 194
"../../../Engine/Content/EngineMaterials/Grid.uasset" 195
"../../../Engine/Content/EditorMaterials/Thumbnails/FloorPlaneMaterial.uasset" 196
"../../../Engine/Content/EditorMeshes/EditorCylinder.uasset" 197
"../../../Engine/Content/EditorMeshes/EditorPlane.uasset" 198
"../../../Engine/Content/EditorMaterials/Thumbnails/SkySphereMaterial.uasset" 199
"../../../Engine/Content/EditorMeshes/EditorSkySphere.uasset" 200
"../../../Engine/Content/EditorMeshes/EditorSphere.uasset" 201
"../../../Engine/Content/EditorResources/MatineeCam_D.uasset" 202
"../../../Engine/Content/EditorMaterials/MatineeCam_mat.uasset" 203
"../../../Engine/Content/EditorMeshes/MatineeCam_SM.uasset" 204
"../../../Engine/Content/EditorMaterials/Camera/CineMat.uasset" 205
"../../../Engine/Content/EditorMaterials/Camera/MI_CineMat_CameraBody.uasset" 206
"../../../Engine/Content/EngineDebugMaterials/M_SimpleOpaque.uasset" 207
"../../../Engine/Content/EditorMaterials/Camera/MI_CineMat_CamViewFinder.uasset" 208
"../../../Engine/Content/EditorMeshes/Camera/SM_CineCam.uasset" 209
"../../../Engine/Content/EditorMaterials/Camera/MI_CineMat_Rig.uasset" 210
"../../../Engine/Content/EditorMeshes/Camera/SM_CraneRig_Arm.uasset" 211
"../../../Engine/Content/EditorMeshes/Camera/SM_CraneRig_Base.uasset" 212
"../../../Engine/Content/EditorMeshes/Camera/SM_CraneRig_Body.uasset" 213
"../../../Engine/Content/EditorMeshes/Camera/SM_CraneRig_Mount.uasset" 214
"../../../Engine/Content/EditorMeshes/Camera/SM_RailRig_Mount.uasset" 215
"../../../Engine/Content/EditorMeshes/Camera/SM_RailRig_Track.uasset" 216
"../../../Engine/Content/EditorMeshes/ColorCalibrator/M_ChromeBall.uasset" 217
"../../../Engine/Content/EditorMeshes/ColorCalibrator/M_ClearCoat.uasset" 218
"../../../Engine/Content/EditorMeshes/ColorCalibrator/M_ClearCoatBlack.uasset" 219
"../../../Engine/Content/EditorMeshes/ColorCalibrator/Color_checker.uasset" 220
"../../../Engine/Content/EditorMeshes/ColorCalibrator/M_ColorGrid.uasset" 221
"../../../Engine/Content/EditorMeshes/ColorCalibrator/M_GreyBall.uasset" 222
"../../../Engine/Content/EditorMeshes/ColorCalibrator/SM_ColorCalibrator.uasset" 223
"../../../Engine/Content/EditorResources/Bad.uasset" 224
"../../../Engine/Content/EditorResources/BSPVertex.uasset" 225
"../../../Engine/Content/EditorResources/EmptyActor.uasset" 226
"../../../Engine/Content/EditorResources/MatInstActSprite.uasset" 227
"../../../Engine/Content/EditorResources/SceneManager.uasset" 228
"../../../Engine/Content/EditorResources/SmallFont.uasset" 229
"../../../Engine/Content/EditorResources/S_Actor.uasset" 230
"../../../Engine/Content/EditorResources/S_DecalActorIcon.uasset" 231
"../../../Engine/Content/EditorResources/S_Emitter.uasset" 232
"../../../Engine/Content/EditorResources/S_ExpoHeightFog.uasset" 233
"../../../Engine/Content/EditorResources/S_FTest.uasset" 234
"../../../Engine/Content/EditorResources/S_KBSJoint.uasset" 235
"../../../Engine/Content/EditorResources/S_KHinge.uasset" 236
"../../../Engine/Content/EditorResources/S_KPrismatic.uasset" 237
"../../../Engine/Content/EditorResources/S_LevelSequence.uasset" 238
"../../../Engine/Content/EditorResources/S_NavP.uasset" 239
"../../../Engine/Content/EditorResources/S_Note.uasset" 240
"../../../Engine/Content/EditorResources/S_Player.uasset" 241
"../../../Engine/Content/EditorResources/S_PortalActorIcon2.uasset" 242
"../../../Engine/Content/EditorResources/S_RadForce.uasset" 243
"../../../Engine/Content/EditorResources/S_ReflActorIcon.uasset" 244
"../../../Engine/Content/EditorResources/S_Terrain.uasset" 245
"../../../Engine/Content/EditorResources/S_TextRenderActorIcon.uasset" 246
"../../../Engine/Content/EditorResources/S_Thruster.uasset" 247
"../../../Engine/Content/EditorResources/S_Trigger.uasset" 248
"../../../Engine/Content/EditorResources/S_VectorFieldVol.uasset" 249
"../../../Engine/Content/EditorResources/S_WindDirectional.uasset" 250
"../../../Engine/Content/EditorResources/AI/S_NavLink.uasset" 251
"../../../Engine/Content/EditorResources/AudioIcons/S_AudioComponent_AutoActivate.uasset" 252
"../../../Engine/Content/EditorResources/LightIcons/SkyLight.uasset" 253
"../../../Engine/Content/EditorResources/LightIcons/S_LightDirectional.uasset" 254
"../../../Engine/Content/EditorResources/LightIcons/S_LightDirectionalMove.uasset" 255
"../../../Engine/Content/EditorResources/LightIcons/S_LightError.uasset" 256
"../../../Engine/Content/EditorResources/LightIcons/S_LightPoint.uasset" 257
"../../../Engine/Content/EditorResources/LightIcons/S_LightPointMove.uasset" 258
"../../../Engine/Content/EditorResources/LightIcons/S_LightSpot.uasset" 259
"../../../Engine/Content/EditorResources/LightIcons/S_LightSpotMove.uasset" 260
"../../../Engine/Content/EditorResources/SequenceRecorder/Countdown.uasset" 261
"../../../Engine/Content/EditorResources/SequenceRecorder/RecordingIndicator.uasset" 262
"../../../Engine/Content/EditorResources/Spline/T_Loft_Spline.uasset" 263
"../../../Engine/Content/EditorSounds/GamePreview/PossessPlayer.uasset" 264
"../../../Engine/Content/EditorSounds/GamePreview/PossessPlayer_Cue.uasset" 265
"../../../Engine/Content/EditorSounds/Notifications/CompileFailed.uasset" 266
"../../../Engine/Content/EditorSounds/Notifications/CompileFailed_Cue.uasset" 267
"../../../Engine/Content/EditorSounds/Notifications/CompileSuccess.uasset" 268
"../../../Engine/Content/EditorSounds/Notifications/CompileStart_Cue.uasset" 269
"../../../Engine/Content/EditorSounds/Notifications/CompileSuccess_Cue.uasset" 270
"../../../Engine/Content/EngineDamageTypes/DmgTypeBP_Environmental.uasset" 271
"../../../Engine/Content/EngineDebugMaterials/HeatmapGradient.uasset" 272
"../../../Engine/Content/EngineDebugMaterials/BoneWeightMaterial.uasset" 273
"../../../Engine/Content/EngineDebugMaterials/ClothMaterial.uasset" 274
"../../../Engine/Content/EngineDebugMaterials/ClothMaterial_WF.uasset" 275
"../../../Engine/Content/EngineDebugMaterials/DebugEditorMaterial.uasset" 276
"../../../Engine/Content/EngineDebugMaterials/DebugMeshMaterial.uasset" 277
"../../../Engine/Content/EngineDebugMaterials/GeomMaterial.uasset" 278
"../../../Engine/Content/Functions/Engine_MaterialFunctions01/Shading/ConvertFromDiffSpec.uasset" 279
"../../../Engine/Content/EngineDebugMaterials/LevelColorationLitMaterial.uasset" 280
"../../../Engine/Content/EngineDebugMaterials/LevelColorationUnlitMaterial.uasset" 281
"../../../Engine/Content/EngineMaterials/DefaultWhiteGrid.uasset" 282
"../../../Engine/Content/EngineDebugMaterials/MAT_LevelColorationLitLightmapUV.uasset" 283
"../../../Engine/Content/EngineDebugMaterials/M_SimpleTranslucent.uasset" 284
"../../../Engine/Content/EngineDebugMaterials/ShadedLevelColorationLitMaterial.uasset" 285
"../../../Engine/Content/EngineDebugMaterials/ShadedLevelColorationUnlitMateri.uasset" 286
"../../../Engine/Content/EngineDebugMaterials/VertexColorMaterial.uasset" 287
"../../../Engine/Content/EngineDebugMaterials/VertexColorViewMode_AlphaAsColor.uasset" 288
"../../../Engine/Content/EngineDebugMaterials/VertexColorViewMode_BlueOnly.uasset" 289
"../../../Engine/Content/EngineDebugMaterials/VertexColorViewMode_ColorOnly.uasset" 290
"../../../Engine/Content/EngineDebugMaterials/VertexColorViewMode_GreenOnly.uasset" 291
"../../../Engine/Content/EngineDebugMaterials/VertexColorViewMode_RedOnly.uasset" 292
"../../../Engine/Content/EngineDebugMaterials/WireframeMaterial.uasset" 293
"../../../Engine/Content/EngineFonts/Faces/RobotoBold.uasset" 294
"../../../Engine/Content/EngineFonts/Faces/RobotoBoldItalic.uasset" 295
"../../../Engine/Content/EngineFonts/Faces/RobotoItalic.uasset" 296
"../../../Engine/Content/EngineFonts/Faces/RobotoLight.uasset" 297
"../../../Engine/Content/EngineFonts/Faces/RobotoRegular.uasset" 298
"../../../Engine/Content/EngineFonts/Roboto.uasset" 299
"../../../Engine/Content/EngineFonts/Faces/RobotoTiny.uasset" 300
"../../../Engine/Content/EngineFonts/RobotoTiny.uasset" 301
"../../../Engine/Content/EngineFonts/SmallFont.uasset" 302
"../../../Engine/Content/EngineFonts/TinyFont.uasset" 303
"../../../Engine/Content/EngineResources/WhiteSquareTexture.uasset" 304
"../../../Engine/Content/EngineMaterials/BlinkingCaret.uasset" 305
"../../../Engine/Content/EngineMaterials/DefaultBloomKernel.uasset" 306
"../../../Engine/Content/EngineMaterials/DefaultBokeh.uasset" 307
"../../../Engine/Content/EngineMaterials/DefaultDeferredDecalMaterial.uasset" 308
"../../../Engine/Content/EngineMaterials/DefaultLightFunctionMaterial.uasset" 309
"../../../Engine/Content/EngineMaterials/DefaultNormal.uasset" 310
"../../../Engine/Content/EngineMaterials/DefaultPostProcessMaterial.uasset" 311
"../../../Engine/Content/EngineMaterials/DefaultTextMaterialOpaque.uasset" 312
"../../../Engine/Content/EngineMaterials/EditorBrushMaterial.uasset" 313
"../../../Engine/Content/EngineMaterials/Good64x64TilingNoiseHighFreq.uasset" 314
"../../../Engine/Content/EngineMaterials/Grid_N.uasset" 315
"../../../Engine/Content/EngineMaterials/HighResolutionScreenshotMaskFunction.uasset" 316
"../../../Engine/Content/EngineMaterials/HighResScreenshot.uasset" 317
"../../../Engine/Content/EngineMaterials/HighResScreenshotCaptureRegion.uasset" 318
"../../../Engine/Content/EngineMaterials/HighResScreenshotMask.uasset" 319
"../../../Engine/Content/EngineMaterials/LandscapeHolePhysicalMaterial.uasset" 320
"../../../Engine/Content/EngineMaterials/InvalidLightmapSettings.uasset" 321
"../../../Engine/Content/EngineMaterials/M_InvalidLightmapSettings.uasset" 322
"../../../Engine/Content/EngineMaterials/PaperDiffuse.uasset" 323
"../../../Engine/Content/EngineMaterials/PaperNormal.uasset" 324
"../../../Engine/Content/Functions/Engine_MaterialFunctions02/WorldPositionOffset/CameraOffset.uasset" 325
"../../../Engine/Content/EngineMaterials/PhAT_JointLimitMaterial.uasset" 326
"../../../Engine/Content/EngineMaterials/PhysMat_Rubber.uasset" 327
"../../../Engine/Content/EngineMaterials/PreintegratedSkinBRDF.uasset" 328
"../../../Engine/Content/EngineMaterials/RemoveSurfaceMaterial.uasset" 329
"../../../Engine/Content/EngineMaterials/WeightMapPlaceholderTexture.uasset" 330
"../../../Engine/Content/EngineMaterials/Widget3DPassThrough.uasset" 331
"../../../Engine/Content/EngineMaterials/Widget3DPassThrough_Masked.uasset" 332
"../../../Engine/Content/EngineMaterials/Widget3DPassThrough_Opaque.uasset" 333
"../../../Engine/Content/EngineMaterials/Widget3DPassThrough_Masked_OneSided.uasset" 334
"../../../Engine/Content/EngineMaterials/Widget3DPassThrough_Opaque_OneSided.uasset" 335
"../../../Engine/Content/EngineMaterials/Widget3DPassThrough_Translucent.uasset" 336
"../../../Engine/Content/EngineMaterials/Widget3DPassThrough_Translucent_OneSided.uasset" 337
"../../../Engine/Content/EngineMeshes/Cube.uasset" 338
"../../../Engine/Content/EngineMeshes/Cylinder.uasset" 339
"../../../Engine/Content/EngineMeshes/Sphere.uasset" 340
"../../../Engine/Content/EngineResources/DefaultTexture.uasset" 341
"../../../Engine/Content/EngineResources/DefaultTextureCube.uasset" 342
"../../../Engine/Content/EngineResources/GradientTexture0.uasset" 343
"../../../Engine/Content/EngineResources/StreamingPauseIcon.uasset" 344
"../../../Engine/Content/EngineResources/M_StreamingPause.uasset" 345
"../../../Engine/Content/EngineSounds/Master.uasset" 346
"../../../Engine/Content/Functions/Engine_MaterialFunctions01/Shading/PowerToRoughness.uasset" 347
"../../../Engine/Content/Maps/Templates/Thumbnails/Default.uasset" 348
"../../../Engine/Content/Maps/Templates/Thumbnails/VR-Basic.uasset" 349
"../../../Engine/Content/MapTemplates/Sky/DaylightAmbientCubemap.uasset" 350
"../../../Engine/Content/MobileResources/T_MobileControls_texture.uasset" 351
"../../../Engine/Content/MobileResources/T_MobileMenu2.uasset" 352
"../../../Engine/Content/MobileResources/HUD/AnalogHat.uasset" 353
"../../../Engine/Content/MobileResources/HUD/VirtualJoystick_Background.uasset" 354
"../../../Engine/Content/MobileResources/HUD/VirtualJoystick_Thumb.uasset" 355
"../../../Engine/Content/MobileResources/HUD/DefaultVirtualJoysticks.uasset" 356
"../../../Engine/Content/MobileResources/HUD/LeftVirtualJoystickOnly.uasset" 357
"../../../Engine/Content/MobileResources/HUD/MobileHUDButton1_off.uasset" 358
"../../../Engine/Content/MobileResources/HUD/MobileHUDButton1_on.uasset" 359
"../../../Engine/Content/MobileResources/HUD/MobileHUDButton2_off.uasset" 360
"../../../Engine/Content/MobileResources/HUD/MobileHUDButton2_on.uasset" 361
"../../../Engine/Content/MobileResources/HUD/MobileHUDButton3.uasset" 362
"../../../Engine/Content/MobileResources/HUD/MobileHUDButtonFire.uasset" 363
"../../../Engine/Content/MobileResources/HUD/MobileHUDDirectionPad.uasset" 364
"../../../Engine/Content/MobileResources/HUD/MobileHUDDirectionPad2.uasset" 365
"../../../Engine/Content/MobileResources/HUD/MobileHUDDirectionPad3.uasset" 366
"../../../Engine/Content/MobileResources/HUD/MobileHUDDirectionStick.uasset" 367
"../../../Engine/Content/MobileResources/HUD/T_Castle_ThumbstickInner.uasset" 368
"../../../Engine/Content/MobileResources/HUD/T_Castle_ThumbstickOutter.uasset" 369
"../../../Engine/Content/Tutorial/ContentIntroCurve.uasset" 370
"../../../Engine/Content/Tutorial/Basics/TutorialAssets/icon_tab_Levels_40x.uasset" 371
"../../../Engine/Content/Tutorial/BlueprintTutorials/TutorialAssets/BlueprintInterface_64x.uasset" 372
"../../../Engine/Content/Tutorial/BlueprintTutorials/TutorialAssets/BlueprintMacroLibrary_64x.uasset" 373
"../../../Engine/Content/Tutorial/BlueprintTutorials/TutorialAssets/Blueprint_64x.uasset" 374
"../../../Engine/Content/Tutorial/BlueprintTutorials/TutorialAssets/Tutorial_BP_Interface.uasset" 375
"../../../Engine/Content/Tutorial/Foliage/TutorialAssets/Foliage.uasset" 376
"../../../Engine/Content/Tutorial/Landscape/TutorialAssets/Landscape.uasset" 377
"../../../Engine/Content/Tutorial/Paper2D/TutorialAssets/Paper2DFlipbook_TutorialIcon.uasset" 378
"../../../Engine/Content/Tutorial/Paper2D/TutorialAssets/Paper2DSprite_TutorialIcon.uasset" 379
"../../../Engine/Content/Tutorial/SubEditors/TutorialAssets/icon_Editor_Preferences_General_40x.uasset" 380
"../../../Engine/Content/Tutorial/SubEditors/TutorialAssets/icon_ShowSkeletalMeshes_40x.uasset" 381
"../../../Engine/Content/Tutorial/SubEditors/TutorialAssets/T_SmokeSubUV_8X8.uasset" 382
"../../../Engine/Content/Tutorial/SubEditors/TutorialAssets/T_soft_smoke.uasset" 383
"../../../Engine/Content/Tutorial/SubEditors/TutorialAssets/M_smoke_subUV_blackbody.uasset" 384
"../../../Engine/Content/Tutorial/SubEditors/TutorialAssets/TutorialParticleSystem.uasset" 385
"../../../Engine/Content/VREditor/Devices/Generic/GenericHMDMaterial.uasset" 386
"../../../Engine/Content/VREditor/Devices/Generic/GenericHMD.uasset" 387
"../../../Engine/Content/VREditor/Devices/Vive/VivePreController_MasksB.uasset" 388
"../../../Engine/Content/VREditor/Devices/Oculus/OculusControllerMaterial.uasset" 389
"../../../Engine/Content/VREditor/Devices/Oculus/OculusControllerMaterial_Inst.uasset" 390
"../../../Engine/Content/VREditor/Devices/Oculus/OculusControllerMesh.uasset" 391
"../../../Engine/Content/VREditor/Devices/Vive/T_VivePreController_EM.uasset" 392
"../../../Engine/Content/VREditor/Devices/Vive/VivePreController_MasksA.uasset" 393
"../../../Engine/Content/VREditor/Devices/Vive/VivePreControllerDiffuse.uasset" 394
"../../../Engine/Content/VREditor/Devices/Vive/VivePreControllerSpec.uasset" 395
"../../../Engine/Content/VREditor/LaserPointer/VR_LaserPower_01.uasset" 396
"../../../Engine/Content/VREditor/Devices/Vive/VivePreControllerMaterial.uasset" 397
"../../../Engine/Content/VREditor/Devices/Vive/VivePreControllerMaterial_Inst.uasset" 398
"../../../Engine/Content/VREditor/Devices/Vive/VivePreControllerMesh.uasset" 399
"../../../Engine/Content/VREditor/FloatingText/LineMaterial.uasset" 400
"../../../Engine/Content/VREditor/FloatingText/JointSphere.uasset" 401
"../../../Engine/Content/VREditor/FloatingText/LineSegmentCylinder.uasset" 402
"../../../Engine/Content/VREditor/Fonts/VRText_RobotoLarge.uasset" 403
"../../../Engine/Content/VREditor/Fonts/VRTextMaterial.uasset" 404
"../../../Engine/Content/VREditor/Fonts/TranslucentVRTextMaterial.uasset" 405
"../../../Engine/Content/VREditor/LaserPointer/CursorPointer.uasset" 406
"../../../Engine/Content/VREditor/TransformGizmo/TransformGizmoMaterial.uasset" 407
"../../../Engine/Content/VREditor/LaserPointer/HoverMaterial.uasset" 408
"../../../Engine/Content/VREditor/TransformGizmo/TranslucentTransformGizmoMaterial.uasset" 409
"../../../Engine/Content/VREditor/LaserPointer/TranslucentHoverMaterial.uasset" 410
"../../../Engine/Content/VREditor/LaserPointer/HoverMesh.uasset" 411
"../../../Engine/Content/VREditor/LaserPointer/LaserPointerMaterial.uasset" 412
"../../../Engine/Content/VREditor/LaserPointer/LaserPointerMaterialInst.uasset" 413
"../../../Engine/Content/VREditor/LaserPointer/TranslucentLaserPointerMaterialInst.uasset" 414
"../../../Engine/Content/VREditor/LaserPointer/LaserPointerMesh.uasset" 415
"../../../Engine/Content/VREditor/LaserPointer/LaserPointerMesh_End.uasset" 416
"../../../Engine/Content/VREditor/LaserPointer/LaserPointerMesh_Start.uasset" 417
"../../../Engine/Content/VREditor/Sounds/VR_teleport.uasset" 418
"../../../Engine/Content/VREditor/Sounds/UI/Click_on_Button.uasset" 419
"../../../Engine/Content/VREditor/Sounds/UI/Click_on_Button_Cue.uasset" 420
"../../../Engine/Content/VREditor/Sounds/UI/Dockable_Window_Close.uasset" 421
"../../../Engine/Content/VREditor/Sounds/UI/Dockable_Window_Drop.uasset" 422
"../../../Engine/Content/VREditor/Sounds/UI/Dockable_Window_Open.uasset" 423
"../../../Engine/Content/VREditor/Sounds/UI/Dockable_Window_Pick_Up.uasset" 424
"../../../Engine/Content/VREditor/Sounds/UI/Drop_Item_From_ContentBrowser.uasset" 425
"../../../Engine/Content/VREditor/Sounds/UI/Floating_UI_Open-001.uasset" 426
"../../../Engine/Content/VREditor/Sounds/UI/Radial_Menu_FadeOut.uasset" 427
"../../../Engine/Content/VREditor/Sounds/UI/Teleport_Mode_Entered.uasset" 428
"../../../Engine/Content/VREditor/Teleport/TeleportDirectionMaterial.uasset" 429
"../../../Engine/Content/VREditor/Teleport/TeleportDirectionMaterial_Inst.uasset" 430
"../../../Engine/Content/VREditor/Teleport/TeleportDirectionMesh.uasset" 431
"../../../Engine/Content/VREditor/TransformGizmo/BoundingBoxCorner.uasset" 432
"../../../Engine/Content/VREditor/TransformGizmo/BoundingBoxEdge.uasset" 433
"../../../Engine/Content/VREditor/TransformGizmo/PlaneTranslationHandle.uasset" 434
"../../../Engine/Content/VREditor/TransformGizmo/Main.uasset" 435
"../../../Engine/Content/VREditor/TransformGizmo/Xray.uasset" 436
"../../../Engine/Content/VREditor/TransformGizmo/SM_Dialog_Close.uasset" 437
"../../../Engine/Content/VREditor/TransformGizmo/SM_Dialog_Move.uasset" 438
"../../../Engine/Content/VREditor/TransformGizmo/SM_Sequencer_Key.uasset" 439
"../../../Engine/Content/VREditor/TransformGizmo/SM_Sequencer_Node.uasset" 440
"../../../Engine/Content/VREditor/TransformGizmo/TransformGizmoMaterial_Inst.uasset" 441
"../../../Engine/Content/VREditor/TransformGizmo/TranslucentTransformGizmoMaterial_Inst.uasset" 442
"../../../Engine/Content/VREditor/Devices/Vive/UE4_Logo.uasset" 443
"../../../Engine/Content/VREditor/UI/M_ContentWindow.uasset" 444
"../../../Engine/Content/VREditor/UI/SM_ContentWindow_01.uasset" 445
"../../../Engine/Content/VREditor/UI/KeyDiskMaterial.uasset" 446
"../../../Engine/Content/VREditor/UI/DiscMaterial.uasset" 447
"../../../Engine/Content/VREditor/UI/SM_Radial_Disk.uasset" 448
"../../../Engine/Content/VREditor/UI/ArrowMaterial.uasset" 449
"../../../Engine/Content/VREditor/UI/SM_Radial_Pointer.uasset" 450
"../../../Engine/Content/VREditor/WorldMovementGrid/SimpleGrid.uasset" 451
"../../../Engine/Content/VREditor/WorldMovementGrid/GridMaterial.uasset" 452
"../../../Engine/Content/Functions/Engine_MaterialFunctions01/Density/ExponentialDensity.uasset" 453
"../../../Engine/Content/VREditor/WorldMovementGrid/GridPostProcess.uasset" 454
"../../../Engine/Content/VREditor/WorldMovementGrid/PlaneMesh.uasset" 455
"../../../Engine/Content/EngineMeshes/Humanoid.uasset" 456
"../../Plugins/Runtime/LeapMotion/Content/Character/Basic/TPPModular_Skeleton.uasset" 457
"../../Plugins/Runtime/LeapMotion/Content/Character/Basic/Jump_End.uasset" 458
"../../Plugins/Runtime/LeapMotion/Content/Character/Basic/Jump_Loop.uasset" 459
"../../Plugins/Runtime/LeapMotion/Content/Character/Basic/Jump_Start.uasset" 460
"../../Plugins/Runtime/LeapMotion/Content/Character/Basic/Idle.uasset" 461
"../../Plugins/Runtime/LeapMotion/Content/Character/Basic/Run.uasset" 462
"../../Plugins/Runtime/LeapMotion/Content/Character/Basic/Walk.uasset" 463
"../../Plugins/Runtime/LeapMotion/Content/Character/Basic/IdleRun_TPP.uasset" 464
"../../Plugins/Runtime/LeapMotion/Content/Blueprints/Interfaces/AnimBodyInterface.uasset" 465
"../../Plugins/Runtime/LeapMotion/Content/Character/Basic/BasicCharacter_AnimBlueprint.uasset" 466
"../../Plugins/Runtime/LeapMotion/Content/Blueprints/Utility/DebugHandUtility.uasset" 467
"../../Plugins/Runtime/LeapMotion/Content/Materials/Icon128.uasset" 468
"../../Plugins/Runtime/LeapMotion/Content/Blueprints/LeapConnectors/LeapAnimBodyConnector.uasset" 469
"../../../Engine/Content/TemplateResources/M_Template_Master.uasset" 470
"../../Plugins/Runtime/LeapMotion/Content/Materials/MI_Template_BaseYellow.uasset" 471
"../../Plugins/Runtime/LeapMotion/Content/Character/Basic/BasicBody_Physics.uasset" 472
"../../Plugins/Runtime/LeapMotion/Content/Character/Basic/BasicBody.uasset" 473
"../../Plugins/Runtime/LeapMotion/Content/Blueprints/Rigging/LeapBasicRiggedCharacter.uasset" 474
"../../Plugins/Runtime/LeapMotion/Content/Character/Basic/BasicHead.uasset" 475
"../../Plugins/Runtime/LeapMotion/Content/Blueprints/Rigging/LeapRiggedCharacter.uasset" 476
"../../../../../../Users/Floyd Lehman/Documents/School/bewijzenmap/Schooljaar 2/p2.4/IDP/PlayWithYourself/Content/Basic_Gamemode4.uasset" 477
"../../../../../../Users/Floyd Lehman/Documents/School/bewijzenmap/Schooljaar 2/p2.4/IDP/PlayWithYourself/Content/StarterContent/Audio/Collapse01.uasset" 478
"../../../../../../Users/Floyd Lehman/Documents/School/bewijzenmap/Schooljaar 2/p2.4/IDP/PlayWithYourself/Content/StarterContent/Audio/Collapse02.uasset" 479
"../../../../../../Users/Floyd Lehman/Documents/School/bewijzenmap/Schooljaar 2/p2.4/IDP/PlayWithYourself/Content/StarterContent/Audio/Collapse_Cue.uasset" 480
"../../../../../../Users/Floyd Lehman/Documents/School/bewijzenmap/Schooljaar 2/p2.4/IDP/PlayWithYourself/Content/StarterContent/Audio/Explosion01.uasset" 481
"../../../../../../Users/Floyd Lehman/Documents/School/bewijzenmap/Schooljaar 2/p2.4/IDP/PlayWithYourself/Content/StarterContent/Audio/Explosion02.uasset" 482
"../../../../../../Users/Floyd Lehman/Documents/School/bewijzenmap/Schooljaar 2/p2.4/IDP/PlayWithYourself/Content/StarterContent/Audio/Explosion_Cue.uasset" 483
"../../../../../../Users/Floyd Lehman/Documents/School/bewijzenmap/Schooljaar 2/p2.4/IDP/PlayWithYourself/Content/StarterContent/Audio/Starter_Birds01.uasset" 484
"../../../../../../Users/Floyd Lehman/Documents/School/bewijzenmap/Schooljaar 2/p2.4/IDP/PlayWithYourself/Content/StarterContent/Audio/Starter_Wind05.uasset" 485
"../../../../../../Users/Floyd Lehman/Documents/School/bewijzenmap/Schooljaar 2/p2.4/IDP/PlayWithYourself/Content/StarterContent/Audio/Starter_Wind06.uasset" 486
"../../Plugins/2D/Paper2D/Content/PlaceholderTextures/DummySpriteTexture.uasset" 487
"../../Plugins/2D/Paper2D/Content/DummySprite.uasset" 488
"../../Plugins/2D/Paper2D/Content/DefaultPaperTerrainMaterial.uasset" 489
"../../Plugins/2D/Paper2D/Content/DefaultSpriteMaterial.uasset" 490
"../../Plugins/2D/Paper2D/Content/MaskedUnlitSpriteMaterial.uasset" 491
"../../Plugins/2D/Paper2D/Content/OpaqueUnlitSpriteMaterial.uasset" 492
"../../Plugins/Media/MediaCompositing/Content/DefaultMediaPlaneTexture.uasset" 493
"../../Plugins/Media/MediaCompositing/Content/DefaultMediaPlaneMaterial.uasset" 494
"../../../Engine/Content/Functions/Engine_MaterialFunctions02/Utility/MakeFloat4.uasset" 495
"../../Plugins/Runtime/AppleARKit/Content/ARKitCameraMaterial.uasset" 496
"../../Plugins/Runtime/LeapMotion/Content/Blueprints/Interfaces/LeapCameraOwnerInterface.uasset" 497
"../../Plugins/Runtime/LeapMotion/Content/Blueprints/Interfaces/LeapHandVisibilityInterface.uasset" 498
"../../Plugins/Runtime/LeapMotion/Content/Blueprints/Rigging/FloatingHands/LeapHandsActorBase.uasset" 499
"../../Plugins/Runtime/LeapMotion/Content/Blueprints/Interfaces/LeapMeshSocketQueryInterface.uasset" 500
"../../Plugins/Runtime/LeapMotion/Content/Character/Echo/hands_lo_Skeleton.uasset" 501
"../../Plugins/Runtime/LeapMotion/Content/Character/Echo/LeapEchoImageHands_AnimBlueprint.uasset" 502
"../../Plugins/Runtime/LeapMotion/Content/Blueprints/Interfaces/LeapImageLinkInterface.uasset" 503
"../../../Engine/Content/Functions/Engine_MaterialFunctions01/Coordinates/UVRemap_0-1_ToRange.uasset" 504
"../../../Engine/Content/Functions/Engine_MaterialFunctions01/Gradient/LinearGradient.uasset" 505
"../../../Engine/Content/Functions/Engine_MaterialFunctions01/ImageAdjustment/CheapContrast.uasset" 506
"../../../Engine/Content/Functions/Engine_MaterialFunctions03/Blends/Blend_Overlay.uasset" 507
"../../Plugins/Runtime/LeapMotion/Content/Materials/MF_HSplitCenterCropSurface.uasset" 508
"../../Plugins/Runtime/LeapMotion/Content/Materials/LeapImageHandMaterial.uasset" 509
"../../Plugins/Runtime/LeapMotion/Content/Blueprints/Rigging/FloatingHands/LeapImageHandsActor.uasset" 510
"../../Plugins/Runtime/LeapMotion/Content/Blueprints/Rigging/LeapFloatingHandsCharacter.uasset" 511
"../../Plugins/Runtime/LeapMotion/Content/Blueprints/Rigging/LeapPassthroughCharacter.uasset" 512
"../../../Engine/Content/BasicShapes/BasicShapeMaterial.uasset" 513
"../../../Engine/Content/Tutorial/SubEditors/TutorialAssets/Character/TutorialTPP_Mat.uasset" 514
"../../../Engine/Content/Tutorial/SubEditors/TutorialAssets/TutorialMaterial.uasset" 515
"../../../Engine/Content/BasicShapes/Cylinder.uasset" 516
"../../../Engine/Content/BasicShapes/Sphere.uasset" 517
"../../Plugins/Runtime/LeapMotion/Content/Blueprints/Rigging/FloatingHands/LeapComponentFinger.uasset" 518
"../../Plugins/Runtime/LeapMotion/Content/Blueprints/Rigging/FloatingHands/LeapComponentHand.uasset" 519
"../../../Engine/Content/Functions/Engine_MaterialFunctions02/Utility/BreakOutFloat4Components.uasset" 520
"../../Plugins/Runtime/LeapMotion/Content/Materials/MF_HSplitCenterCrop.uasset" 521
"../../Plugins/Runtime/LeapMotion/Content/Materials/LeapPassthroughPostProcess.uasset" 522
"../../../Engine/Content/EngineResources/Black.uasset" 523
"../../Plugins/Runtime/LeapMotion/Content/Blueprints/Utility/PostProcessChanger.uasset" 524
"../../Plugins/Runtime/LeapMotion/Content/Character/Echo/hand_mat.uasset" 525
"../../Plugins/Runtime/LeapMotion/Content/Character/Echo/echo_lo_L_PhysicsAsset.uasset" 526
"../../Plugins/Runtime/LeapMotion/Content/Character/Echo/echo_lo_L.uasset" 527
"../../Plugins/Runtime/LeapMotion/Content/Character/Echo/echo_lo_R_PhysicsAsset.uasset" 528
"../../Plugins/Runtime/LeapMotion/Content/Character/Echo/echo_lo_R.uasset" 529
"../../Plugins/Runtime/LeapMotion/Content/Character/Echo/LeapEchoHands_AnimBlueprint.uasset" 530
"../../Plugins/Runtime/Oculus/OculusVR/Content/Textures/GearVRController_AO.uasset" 531
"../../Plugins/Runtime/Oculus/OculusVR/Content/Textures/GearVRController_Color.uasset" 532
"../../Plugins/Runtime/Oculus/OculusVR/Content/Textures/GearVRController_Normal.uasset" 533
"../../Plugins/Runtime/Oculus/OculusVR/Content/Materials/GearVRControllerMaterial.uasset" 534
"../../Plugins/Runtime/Oculus/OculusVR/Content/Meshes/GearVrController.uasset" 535
"../../../Engine/Content/Maps/Entry.umap" 536
"../../../Engine/Content/EngineSky/C_Sky_Cloud_Color.uasset" 537
"../../../Engine/Content/EngineSky/C_Sky_Horizon_Color.uasset" 538
"../../../Engine/Content/EngineSky/C_Sky_Zenith_Color.uasset" 539
"../../../Engine/Content/EngineSky/T_Sky_Blue.uasset" 540
"../../../Engine/Content/EngineSky/T_Sky_Clouds_M.uasset" 541
"../../../Engine/Content/EngineSky/T_Sky_Stars.uasset" 542
"../../../Engine/Content/EngineSky/M_Sky_Panning_Clouds2.uasset" 543
"../../../Engine/Content/EngineSky/SM_SkySphere.uasset" 544
"../../../Engine/Content/EngineSky/BP_Sky_Sphere.uasset" 545
"../../../../../../Users/Floyd Lehman/Documents/School/bewijzenmap/Schooljaar 2/p2.4/IDP/PlayWithYourself/Content/StarterContent/Maps/Minimal_Default_BuiltData.uasset" 546
"../../../../../../Users/Floyd Lehman/Documents/School/bewijzenmap/Schooljaar 2/p2.4/IDP/PlayWithYourself/Content/StarterContent/Textures/T_MacroVariation.uasset" 547
"../../../../../../Users/Floyd Lehman/Documents/School/bewijzenmap/Schooljaar 2/p2.4/IDP/PlayWithYourself/Content/StarterContent/Materials/M_Metal_Brushed_Nickel.uasset" 548
"../../../../../../Users/Floyd Lehman/Documents/School/bewijzenmap/Schooljaar 2/p2.4/IDP/PlayWithYourself/Content/StarterContent/Textures/T_Metal_Aluminum_D.uasset" 549
"../../../../../../Users/Floyd Lehman/Documents/School/bewijzenmap/Schooljaar 2/p2.4/IDP/PlayWithYourself/Content/StarterContent/Textures/T_Metal_Gold_N.uasset" 550
"../../../../../../Users/Floyd Lehman/Documents/School/bewijzenmap/Schooljaar 2/p2.4/IDP/PlayWithYourself/Content/StarterContent/Materials/M_Metal_Burnished_Steel.uasset" 551
"../../../../../../Users/Floyd Lehman/Documents/School/bewijzenmap/Schooljaar 2/p2.4/IDP/PlayWithYourself/Content/StarterContent/Textures/T_Metal_Copper_D.uasset" 552
"../../../../../../Users/Floyd Lehman/Documents/School/bewijzenmap/Schooljaar 2/p2.4/IDP/PlayWithYourself/Content/StarterContent/Materials/M_Metal_Copper.uasset" 553
"../../../../../../Users/Floyd Lehman/Documents/School/bewijzenmap/Schooljaar 2/p2.4/IDP/PlayWithYourself/Content/StarterContent/Textures/T_Chair_M.uasset" 554
"../../../../../../Users/Floyd Lehman/Documents/School/bewijzenmap/Schooljaar 2/p2.4/IDP/PlayWithYourself/Content/StarterContent/Textures/T_Chair_N.uasset" 555
"../../../../../../Users/Floyd Lehman/Documents/School/bewijzenmap/Schooljaar 2/p2.4/IDP/PlayWithYourself/Content/StarterContent/Props/Materials/M_Chair.uasset" 556
"../../../../../../Users/Floyd Lehman/Documents/School/bewijzenmap/Schooljaar 2/p2.4/IDP/PlayWithYourself/Content/StarterContent/Textures/T_Statue_M.uasset" 557
"../../../../../../Users/Floyd Lehman/Documents/School/bewijzenmap/Schooljaar 2/p2.4/IDP/PlayWithYourself/Content/StarterContent/Textures/T_Statue_N.uasset" 558
"../../../../../../Users/Floyd Lehman/Documents/School/bewijzenmap/Schooljaar 2/p2.4/IDP/PlayWithYourself/Content/StarterContent/Props/Materials/M_StatueGlass.uasset" 559
"../../../../../../Users/Floyd Lehman/Documents/School/bewijzenmap/Schooljaar 2/p2.4/IDP/PlayWithYourself/Content/StarterContent/Materials/M_Basic_Floor.uasset" 560
"../../../../../../Users/Floyd Lehman/Documents/School/bewijzenmap/Schooljaar 2/p2.4/IDP/PlayWithYourself/Content/StarterContent/Architecture/Floor_400x400.uasset" 561
"../../../../../../Users/Floyd Lehman/Documents/School/bewijzenmap/Schooljaar 2/p2.4/IDP/PlayWithYourself/Content/StarterContent/Audio/Starter_Background_Cue.uasset" 562
"../../../../../../Users/Floyd Lehman/Documents/School/bewijzenmap/Schooljaar 2/p2.4/IDP/PlayWithYourself/Content/StarterContent/Props/SM_Chair.uasset" 563
"../../../../../../Users/Floyd Lehman/Documents/School/bewijzenmap/Schooljaar 2/p2.4/IDP/PlayWithYourself/Content/StarterContent/Props/Materials/M_Statue.uasset" 564
"../../../../../../Users/Floyd Lehman/Documents/School/bewijzenmap/Schooljaar 2/p2.4/IDP/PlayWithYourself/Content/StarterContent/Props/SM_Statue.uasset" 565
"../../../../../../Users/Floyd Lehman/Documents/School/bewijzenmap/Schooljaar 2/p2.4/IDP/PlayWithYourself/Content/StarterContent/Textures/T_TableRound_M.uasset" 566
"../../../../../../Users/Floyd Lehman/Documents/School/bewijzenmap/Schooljaar 2/p2.4/IDP/PlayWithYourself/Content/StarterContent/Textures/T_TableRound_N.uasset" 567
"../../../../../../Users/Floyd Lehman/Documents/School/bewijzenmap/Schooljaar 2/p2.4/IDP/PlayWithYourself/Content/StarterContent/Props/Materials/M_TableRound.uasset" 568
"../../../../../../Users/Floyd Lehman/Documents/School/bewijzenmap/Schooljaar 2/p2.4/IDP/PlayWithYourself/Content/StarterContent/Props/SM_TableRound.uasset" 569
"../../../../../../Users/Floyd Lehman/Documents/School/bewijzenmap/Schooljaar 2/p2.4/IDP/PlayWithYourself/Content/StarterContent/Maps/Minimal_Default.umap" 570
